2021-08-12 08:59:05.754 [restartedMain] WARN  o.s.boot.context.config.ConfigDataEnvironment - Property 'spring.profiles' imported from location 'class path resource [application.yml]' is invalid and should be replaced with 'spring.config.activate.on-profile' [origin: class path resource [application.yml] - 49:13]
2021-08-12 08:59:06.458 [restartedMain] WARN  org.mybatis.spring.mapper.ClassPathMapperScanner - Skipping MapperFactoryBean with name 'tbPermissionMapper' and 'com.scy.running.mapper.TbPermissionMapper' mapperInterface. Bean already defined with the same name!
2021-08-12 08:59:06.458 [restartedMain] WARN  org.mybatis.spring.mapper.ClassPathMapperScanner - Skipping MapperFactoryBean with name 'tbRoleMapper' and 'com.scy.running.mapper.TbRoleMapper' mapperInterface. Bean already defined with the same name!
2021-08-12 08:59:06.461 [restartedMain] WARN  org.mybatis.spring.mapper.ClassPathMapperScanner - Skipping MapperFactoryBean with name 'tbUserMapper' and 'com.scy.running.mapper.TbUserMapper' mapperInterface. Bean already defined with the same name!
2021-08-12 08:59:06.461 [restartedMain] WARN  org.mybatis.spring.mapper.ClassPathMapperScanner - No MyBatis mapper was found in '[com.scy.running.mapper]' package. Please check your configuration.
2021-08-12 09:09:12.246 [restartedMain] WARN  o.s.boot.context.config.ConfigDataEnvironment - Property 'spring.profiles' imported from location 'class path resource [application.yml]' is invalid and should be replaced with 'spring.config.activate.on-profile' [origin: class path resource [application.yml] - 49:13]
2021-08-12 09:09:12.787 [restartedMain] WARN  org.mybatis.spring.mapper.ClassPathMapperScanner - Skipping MapperFactoryBean with name 'tbPermissionMapper' and 'com.scy.running.mapper.TbPermissionMapper' mapperInterface. Bean already defined with the same name!
2021-08-12 09:09:12.787 [restartedMain] WARN  org.mybatis.spring.mapper.ClassPathMapperScanner - Skipping MapperFactoryBean with name 'tbRoleMapper' and 'com.scy.running.mapper.TbRoleMapper' mapperInterface. Bean already defined with the same name!
2021-08-12 09:09:12.787 [restartedMain] WARN  org.mybatis.spring.mapper.ClassPathMapperScanner - Skipping MapperFactoryBean with name 'tbUserMapper' and 'com.scy.running.mapper.TbUserMapper' mapperInterface. Bean already defined with the same name!
2021-08-12 09:09:12.788 [restartedMain] WARN  org.mybatis.spring.mapper.ClassPathMapperScanner - No MyBatis mapper was found in '[com.scy.running.mapper]' package. Please check your configuration.
2021-08-12 09:11:47.296 [restartedMain] WARN  o.s.boot.context.config.ConfigDataEnvironment - Property 'spring.profiles' imported from location 'class path resource [application.yml]' is invalid and should be replaced with 'spring.config.activate.on-profile' [origin: class path resource [application.yml] - 49:13]
2021-08-12 09:11:47.845 [restartedMain] WARN  org.mybatis.spring.mapper.ClassPathMapperScanner - Skipping MapperFactoryBean with name 'tbPermissionMapper' and 'com.scy.running.mapper.TbPermissionMapper' mapperInterface. Bean already defined with the same name!
2021-08-12 09:11:47.845 [restartedMain] WARN  org.mybatis.spring.mapper.ClassPathMapperScanner - Skipping MapperFactoryBean with name 'tbRoleMapper' and 'com.scy.running.mapper.TbRoleMapper' mapperInterface. Bean already defined with the same name!
2021-08-12 09:11:47.845 [restartedMain] WARN  org.mybatis.spring.mapper.ClassPathMapperScanner - Skipping MapperFactoryBean with name 'tbUserMapper' and 'com.scy.running.mapper.TbUserMapper' mapperInterface. Bean already defined with the same name!
2021-08-12 09:11:47.846 [restartedMain] WARN  org.mybatis.spring.mapper.ClassPathMapperScanner - No MyBatis mapper was found in '[com.scy.running.mapper]' package. Please check your configuration.
2021-08-12 09:48:11.286 [restartedMain] WARN  o.s.boot.context.config.ConfigDataEnvironment - Property 'spring.profiles' imported from location 'class path resource [application.yml]' is invalid and should be replaced with 'spring.config.activate.on-profile' [origin: class path resource [application.yml] - 49:13]
2021-08-12 09:48:11.912 [restartedMain] WARN  org.mybatis.spring.mapper.ClassPathMapperScanner - Skipping MapperFactoryBean with name 'tbPermissionMapper' and 'com.scy.running.mapper.TbPermissionMapper' mapperInterface. Bean already defined with the same name!
2021-08-12 09:48:11.912 [restartedMain] WARN  org.mybatis.spring.mapper.ClassPathMapperScanner - Skipping MapperFactoryBean with name 'tbRoleMapper' and 'com.scy.running.mapper.TbRoleMapper' mapperInterface. Bean already defined with the same name!
2021-08-12 09:48:11.912 [restartedMain] WARN  org.mybatis.spring.mapper.ClassPathMapperScanner - Skipping MapperFactoryBean with name 'tbUserMapper' and 'com.scy.running.mapper.TbUserMapper' mapperInterface. Bean already defined with the same name!
2021-08-12 09:48:11.913 [restartedMain] WARN  org.mybatis.spring.mapper.ClassPathMapperScanner - No MyBatis mapper was found in '[com.scy.running.mapper]' package. Please check your configuration.
2021-08-12 10:28:38.511 [http-nio-9000-exec-10] WARN  o.s.w.s.m.support.DefaultHandlerExceptionResolver - Resolved [org.springframework.web.bind.MissingServletRequestParameterException: Required request parameter 'userId' for method parameter type Integer is not present]
2021-08-12 10:35:01.653 [http-nio-9000-exec-3] WARN  o.s.w.s.m.support.DefaultHandlerExceptionResolver - Resolved [org.springframework.web.method.annotation.MethodArgumentTypeMismatchException: Failed to convert value of type 'java.lang.String' to required type 'java.lang.Integer'; nested exception is java.lang.NumberFormatException: For input string: "1.0"]
2021-08-12 10:37:42.914 [http-nio-9000-exec-6] WARN  o.s.w.s.m.support.DefaultHandlerExceptionResolver - Resolved [org.springframework.web.method.annotation.MethodArgumentTypeMismatchException: Failed to convert value of type 'java.lang.String' to required type 'java.lang.Integer'; nested exception is java.lang.NumberFormatException: For input string: "1.0"]
2021-08-12 10:41:55.226 [http-nio-9000-exec-9] WARN  o.s.w.s.m.support.DefaultHandlerExceptionResolver - Resolved [org.springframework.web.method.annotation.MethodArgumentTypeMismatchException: Failed to convert value of type 'java.lang.String' to required type 'java.lang.Integer'; nested exception is java.lang.NumberFormatException: For input string: "1.0"]
2021-08-12 10:42:13.799 [http-nio-9000-exec-2] WARN  o.s.w.s.m.support.DefaultHandlerExceptionResolver - Resolved [org.springframework.web.method.annotation.MethodArgumentTypeMismatchException: Failed to convert value of type 'java.lang.String' to required type 'java.lang.Integer'; nested exception is java.lang.NumberFormatException: For input string: "1.0"]
2021-08-12 10:43:03.999 [http-nio-9000-exec-5] WARN  o.s.w.s.m.support.DefaultHandlerExceptionResolver - Resolved [org.springframework.web.method.annotation.MethodArgumentTypeMismatchException: Failed to convert value of type 'java.lang.String' to required type 'java.lang.Integer'; nested exception is java.lang.NumberFormatException: For input string: "1.0"]
2021-08-12 10:44:15.854 [http-nio-9000-exec-8] WARN  o.s.w.s.m.support.DefaultHandlerExceptionResolver - Resolved [org.springframework.web.method.annotation.MethodArgumentTypeMismatchException: Failed to convert value of type 'java.lang.String' to required type 'java.lang.Integer'; nested exception is java.lang.NumberFormatException: For input string: "1.0"]
2021-08-12 11:28:14.211 [restartedMain] WARN  o.s.boot.context.config.ConfigDataEnvironment - Property 'spring.profiles' imported from location 'class path resource [application.yml]' is invalid and should be replaced with 'spring.config.activate.on-profile' [origin: class path resource [application.yml] - 49:13]
2021-08-12 11:28:14.727 [restartedMain] WARN  org.mybatis.spring.mapper.ClassPathMapperScanner - Skipping MapperFactoryBean with name 'tbPermissionMapper' and 'com.scy.running.mapper.TbPermissionMapper' mapperInterface. Bean already defined with the same name!
2021-08-12 11:28:14.727 [restartedMain] WARN  org.mybatis.spring.mapper.ClassPathMapperScanner - Skipping MapperFactoryBean with name 'tbRoleMapper' and 'com.scy.running.mapper.TbRoleMapper' mapperInterface. Bean already defined with the same name!
2021-08-12 11:28:14.727 [restartedMain] WARN  org.mybatis.spring.mapper.ClassPathMapperScanner - Skipping MapperFactoryBean with name 'tbUserMapper' and 'com.scy.running.mapper.TbUserMapper' mapperInterface. Bean already defined with the same name!
2021-08-12 11:28:14.728 [restartedMain] WARN  org.mybatis.spring.mapper.ClassPathMapperScanner - No MyBatis mapper was found in '[com.scy.running.mapper]' package. Please check your configuration.
2021-08-12 11:31:57.790 [restartedMain] WARN  o.s.boot.context.config.ConfigDataEnvironment - Property 'spring.profiles' imported from location 'class path resource [application.yml]' is invalid and should be replaced with 'spring.config.activate.on-profile' [origin: class path resource [application.yml] - 49:13]
2021-08-12 11:31:58.418 [restartedMain] WARN  org.mybatis.spring.mapper.ClassPathMapperScanner - Skipping MapperFactoryBean with name 'tbPermissionMapper' and 'com.scy.running.mapper.TbPermissionMapper' mapperInterface. Bean already defined with the same name!
2021-08-12 11:31:58.418 [restartedMain] WARN  org.mybatis.spring.mapper.ClassPathMapperScanner - Skipping MapperFactoryBean with name 'tbRoleMapper' and 'com.scy.running.mapper.TbRoleMapper' mapperInterface. Bean already defined with the same name!
2021-08-12 11:31:58.418 [restartedMain] WARN  org.mybatis.spring.mapper.ClassPathMapperScanner - Skipping MapperFactoryBean with name 'tbUserMapper' and 'com.scy.running.mapper.TbUserMapper' mapperInterface. Bean already defined with the same name!
2021-08-12 11:31:58.419 [restartedMain] WARN  org.mybatis.spring.mapper.ClassPathMapperScanner - No MyBatis mapper was found in '[com.scy.running.mapper]' package. Please check your configuration.
2021-08-12 11:33:23.819 [restartedMain] WARN  o.s.boot.context.config.ConfigDataEnvironment - Property 'spring.profiles' imported from location 'class path resource [application.yml]' is invalid and should be replaced with 'spring.config.activate.on-profile' [origin: class path resource [application.yml] - 49:13]
2021-08-12 11:33:24.368 [restartedMain] WARN  org.mybatis.spring.mapper.ClassPathMapperScanner - Skipping MapperFactoryBean with name 'tbPermissionMapper' and 'com.scy.running.mapper.TbPermissionMapper' mapperInterface. Bean already defined with the same name!
2021-08-12 11:33:24.369 [restartedMain] WARN  org.mybatis.spring.mapper.ClassPathMapperScanner - Skipping MapperFactoryBean with name 'tbRoleMapper' and 'com.scy.running.mapper.TbRoleMapper' mapperInterface. Bean already defined with the same name!
2021-08-12 11:33:24.369 [restartedMain] WARN  org.mybatis.spring.mapper.ClassPathMapperScanner - Skipping MapperFactoryBean with name 'tbUserMapper' and 'com.scy.running.mapper.TbUserMapper' mapperInterface. Bean already defined with the same name!
2021-08-12 11:33:24.369 [restartedMain] WARN  org.mybatis.spring.mapper.ClassPathMapperScanner - No MyBatis mapper was found in '[com.scy.running.mapper]' package. Please check your configuration.
2021-08-12 14:14:47.082 [restartedMain] WARN  o.s.boot.context.config.ConfigDataEnvironment - Property 'spring.profiles' imported from location 'class path resource [application.yml]' is invalid and should be replaced with 'spring.config.activate.on-profile' [origin: class path resource [application.yml] - 49:13]
2021-08-12 14:14:47.698 [restartedMain] WARN  org.mybatis.spring.mapper.ClassPathMapperScanner - Skipping MapperFactoryBean with name 'tbPermissionMapper' and 'com.scy.running.mapper.TbPermissionMapper' mapperInterface. Bean already defined with the same name!
2021-08-12 14:14:47.698 [restartedMain] WARN  org.mybatis.spring.mapper.ClassPathMapperScanner - Skipping MapperFactoryBean with name 'tbRoleMapper' and 'com.scy.running.mapper.TbRoleMapper' mapperInterface. Bean already defined with the same name!
2021-08-12 14:14:47.698 [restartedMain] WARN  org.mybatis.spring.mapper.ClassPathMapperScanner - Skipping MapperFactoryBean with name 'tbUserMapper' and 'com.scy.running.mapper.TbUserMapper' mapperInterface. Bean already defined with the same name!
2021-08-12 14:14:47.699 [restartedMain] WARN  org.mybatis.spring.mapper.ClassPathMapperScanner - No MyBatis mapper was found in '[com.scy.running.mapper]' package. Please check your configuration.
2021-08-12 15:05:31.273 [restartedMain] WARN  o.s.boot.context.config.ConfigDataEnvironment - Property 'spring.profiles' imported from location 'class path resource [application.yml]' is invalid and should be replaced with 'spring.config.activate.on-profile' [origin: class path resource [application.yml] - 49:13]
2021-08-12 15:05:31.826 [restartedMain] WARN  org.mybatis.spring.mapper.ClassPathMapperScanner - Skipping MapperFactoryBean with name 'tbPermissionMapper' and 'com.scy.running.mapper.TbPermissionMapper' mapperInterface. Bean already defined with the same name!
2021-08-12 15:05:31.827 [restartedMain] WARN  org.mybatis.spring.mapper.ClassPathMapperScanner - Skipping MapperFactoryBean with name 'tbPunchClockMapper' and 'com.scy.running.mapper.TbPunchClockMapper' mapperInterface. Bean already defined with the same name!
2021-08-12 15:05:31.827 [restartedMain] WARN  org.mybatis.spring.mapper.ClassPathMapperScanner - Skipping MapperFactoryBean with name 'tbRoleMapper' and 'com.scy.running.mapper.TbRoleMapper' mapperInterface. Bean already defined with the same name!
2021-08-12 15:05:31.827 [restartedMain] WARN  org.mybatis.spring.mapper.ClassPathMapperScanner - Skipping MapperFactoryBean with name 'tbTaskMapper' and 'com.scy.running.mapper.TbTaskMapper' mapperInterface. Bean already defined with the same name!
2021-08-12 15:05:31.827 [restartedMain] WARN  org.mybatis.spring.mapper.ClassPathMapperScanner - Skipping MapperFactoryBean with name 'tbUserMapper' and 'com.scy.running.mapper.TbUserMapper' mapperInterface. Bean already defined with the same name!
2021-08-12 15:05:31.827 [restartedMain] WARN  org.mybatis.spring.mapper.ClassPathMapperScanner - No MyBatis mapper was found in '[com.scy.running.mapper]' package. Please check your configuration.
2021-08-12 15:20:44.891 [restartedMain] WARN  o.s.boot.context.config.ConfigDataEnvironment - Property 'spring.profiles' imported from location 'class path resource [application.yml]' is invalid and should be replaced with 'spring.config.activate.on-profile' [origin: class path resource [application.yml] - 49:13]
2021-08-12 15:20:45.426 [restartedMain] WARN  org.mybatis.spring.mapper.ClassPathMapperScanner - Skipping MapperFactoryBean with name 'tbPermissionMapper' and 'com.scy.running.mapper.TbPermissionMapper' mapperInterface. Bean already defined with the same name!
2021-08-12 15:20:45.426 [restartedMain] WARN  org.mybatis.spring.mapper.ClassPathMapperScanner - Skipping MapperFactoryBean with name 'tbPunchClockMapper' and 'com.scy.running.mapper.TbPunchClockMapper' mapperInterface. Bean already defined with the same name!
2021-08-12 15:20:45.426 [restartedMain] WARN  org.mybatis.spring.mapper.ClassPathMapperScanner - Skipping MapperFactoryBean with name 'tbRoleMapper' and 'com.scy.running.mapper.TbRoleMapper' mapperInterface. Bean already defined with the same name!
2021-08-12 15:20:45.426 [restartedMain] WARN  org.mybatis.spring.mapper.ClassPathMapperScanner - Skipping MapperFactoryBean with name 'tbTaskMapper' and 'com.scy.running.mapper.TbTaskMapper' mapperInterface. Bean already defined with the same name!
2021-08-12 15:20:45.426 [restartedMain] WARN  org.mybatis.spring.mapper.ClassPathMapperScanner - Skipping MapperFactoryBean with name 'tbUserMapper' and 'com.scy.running.mapper.TbUserMapper' mapperInterface. Bean already defined with the same name!
2021-08-12 15:20:45.427 [restartedMain] WARN  org.mybatis.spring.mapper.ClassPathMapperScanner - No MyBatis mapper was found in '[com.scy.running.mapper]' package. Please check your configuration.
2021-08-12 15:41:35.907 [restartedMain] WARN  o.s.boot.context.config.ConfigDataEnvironment - Property 'spring.profiles' imported from location 'class path resource [application.yml]' is invalid and should be replaced with 'spring.config.activate.on-profile' [origin: class path resource [application.yml] - 49:13]
2021-08-12 15:41:36.493 [restartedMain] WARN  org.mybatis.spring.mapper.ClassPathMapperScanner - Skipping MapperFactoryBean with name 'tbPermissionMapper' and 'com.scy.running.mapper.TbPermissionMapper' mapperInterface. Bean already defined with the same name!
2021-08-12 15:41:36.493 [restartedMain] WARN  org.mybatis.spring.mapper.ClassPathMapperScanner - Skipping MapperFactoryBean with name 'tbPunchClockMapper' and 'com.scy.running.mapper.TbPunchClockMapper' mapperInterface. Bean already defined with the same name!
2021-08-12 15:41:36.493 [restartedMain] WARN  org.mybatis.spring.mapper.ClassPathMapperScanner - Skipping MapperFactoryBean with name 'tbRoleMapper' and 'com.scy.running.mapper.TbRoleMapper' mapperInterface. Bean already defined with the same name!
2021-08-12 15:41:36.493 [restartedMain] WARN  org.mybatis.spring.mapper.ClassPathMapperScanner - Skipping MapperFactoryBean with name 'tbTaskMapper' and 'com.scy.running.mapper.TbTaskMapper' mapperInterface. Bean already defined with the same name!
2021-08-12 15:41:36.493 [restartedMain] WARN  org.mybatis.spring.mapper.ClassPathMapperScanner - Skipping MapperFactoryBean with name 'tbUserMapper' and 'com.scy.running.mapper.TbUserMapper' mapperInterface. Bean already defined with the same name!
2021-08-12 15:41:36.493 [restartedMain] WARN  org.mybatis.spring.mapper.ClassPathMapperScanner - No MyBatis mapper was found in '[com.scy.running.mapper]' package. Please check your configuration.
2021-08-12 15:47:14.424 [restartedMain] WARN  o.s.boot.context.config.ConfigDataEnvironment - Property 'spring.profiles' imported from location 'class path resource [application.yml]' is invalid and should be replaced with 'spring.config.activate.on-profile' [origin: class path resource [application.yml] - 49:13]
2021-08-12 15:47:14.955 [restartedMain] WARN  org.mybatis.spring.mapper.ClassPathMapperScanner - Skipping MapperFactoryBean with name 'tbPermissionMapper' and 'com.scy.running.mapper.TbPermissionMapper' mapperInterface. Bean already defined with the same name!
2021-08-12 15:47:14.956 [restartedMain] WARN  org.mybatis.spring.mapper.ClassPathMapperScanner - Skipping MapperFactoryBean with name 'tbPunchClockMapper' and 'com.scy.running.mapper.TbPunchClockMapper' mapperInterface. Bean already defined with the same name!
2021-08-12 15:47:14.956 [restartedMain] WARN  org.mybatis.spring.mapper.ClassPathMapperScanner - Skipping MapperFactoryBean with name 'tbRoleMapper' and 'com.scy.running.mapper.TbRoleMapper' mapperInterface. Bean already defined with the same name!
2021-08-12 15:47:14.956 [restartedMain] WARN  org.mybatis.spring.mapper.ClassPathMapperScanner - Skipping MapperFactoryBean with name 'tbTaskMapper' and 'com.scy.running.mapper.TbTaskMapper' mapperInterface. Bean already defined with the same name!
2021-08-12 15:47:14.956 [restartedMain] WARN  org.mybatis.spring.mapper.ClassPathMapperScanner - Skipping MapperFactoryBean with name 'tbUserMapper' and 'com.scy.running.mapper.TbUserMapper' mapperInterface. Bean already defined with the same name!
2021-08-12 15:47:14.956 [restartedMain] WARN  org.mybatis.spring.mapper.ClassPathMapperScanner - No MyBatis mapper was found in '[com.scy.running.mapper]' package. Please check your configuration.
2021-08-12 17:20:06.588 [restartedMain] WARN  o.s.boot.context.config.ConfigDataEnvironment - Property 'spring.profiles' imported from location 'class path resource [application.yml]' is invalid and should be replaced with 'spring.config.activate.on-profile' [origin: class path resource [application.yml] - 49:13]
2021-08-12 17:20:07.208 [restartedMain] WARN  org.mybatis.spring.mapper.ClassPathMapperScanner - Skipping MapperFactoryBean with name 'tbPermissionMapper' and 'com.scy.running.mapper.TbPermissionMapper' mapperInterface. Bean already defined with the same name!
2021-08-12 17:20:07.208 [restartedMain] WARN  org.mybatis.spring.mapper.ClassPathMapperScanner - Skipping MapperFactoryBean with name 'tbPunchClockMapper' and 'com.scy.running.mapper.TbPunchClockMapper' mapperInterface. Bean already defined with the same name!
2021-08-12 17:20:07.208 [restartedMain] WARN  org.mybatis.spring.mapper.ClassPathMapperScanner - Skipping MapperFactoryBean with name 'tbRoleMapper' and 'com.scy.running.mapper.TbRoleMapper' mapperInterface. Bean already defined with the same name!
2021-08-12 17:20:07.208 [restartedMain] WARN  org.mybatis.spring.mapper.ClassPathMapperScanner - Skipping MapperFactoryBean with name 'tbTaskMapper' and 'com.scy.running.mapper.TbTaskMapper' mapperInterface. Bean already defined with the same name!
2021-08-12 17:20:07.208 [restartedMain] WARN  org.mybatis.spring.mapper.ClassPathMapperScanner - Skipping MapperFactoryBean with name 'tbUserMapper' and 'com.scy.running.mapper.TbUserMapper' mapperInterface. Bean already defined with the same name!
2021-08-12 17:20:07.208 [restartedMain] WARN  org.mybatis.spring.mapper.ClassPathMapperScanner - No MyBatis mapper was found in '[com.scy.running.mapper]' package. Please check your configuration.
2021-08-12 17:23:50.053 [HikariPool-1 housekeeper] WARN  com.zaxxer.hikari.pool.HikariPool - HikariPool-1 - Thread starvation or clock leap detected (housekeeper delta=46s488ms671µs100ns).
2021-08-12 17:28:08.961 [restartedMain] WARN  o.s.boot.context.config.ConfigDataEnvironment - Property 'spring.profiles' imported from location 'class path resource [application.yml]' is invalid and should be replaced with 'spring.config.activate.on-profile' [origin: class path resource [application.yml] - 49:13]
2021-08-12 17:28:09.611 [restartedMain] WARN  org.mybatis.spring.mapper.ClassPathMapperScanner - Skipping MapperFactoryBean with name 'tbPermissionMapper' and 'com.scy.running.mapper.TbPermissionMapper' mapperInterface. Bean already defined with the same name!
2021-08-12 17:28:09.612 [restartedMain] WARN  org.mybatis.spring.mapper.ClassPathMapperScanner - Skipping MapperFactoryBean with name 'tbPunchClockMapper' and 'com.scy.running.mapper.TbPunchClockMapper' mapperInterface. Bean already defined with the same name!
2021-08-12 17:28:09.612 [restartedMain] WARN  org.mybatis.spring.mapper.ClassPathMapperScanner - Skipping MapperFactoryBean with name 'tbRoleMapper' and 'com.scy.running.mapper.TbRoleMapper' mapperInterface. Bean already defined with the same name!
2021-08-12 17:28:09.612 [restartedMain] WARN  org.mybatis.spring.mapper.ClassPathMapperScanner - Skipping MapperFactoryBean with name 'tbTaskMapper' and 'com.scy.running.mapper.TbTaskMapper' mapperInterface. Bean already defined with the same name!
2021-08-12 17:28:09.612 [restartedMain] WARN  org.mybatis.spring.mapper.ClassPathMapperScanner - Skipping MapperFactoryBean with name 'tbUserMapper' and 'com.scy.running.mapper.TbUserMapper' mapperInterface. Bean already defined with the same name!
2021-08-12 17:28:09.613 [restartedMain] WARN  org.mybatis.spring.mapper.ClassPathMapperScanner - No MyBatis mapper was found in '[com.scy.running.mapper]' package. Please check your configuration.
2021-08-12 18:14:38.168 [restartedMain] WARN  o.s.boot.context.config.ConfigDataEnvironment - Property 'spring.profiles' imported from location 'class path resource [application.yml]' is invalid and should be replaced with 'spring.config.activate.on-profile' [origin: class path resource [application.yml] - 49:13]
2021-08-12 18:14:38.742 [restartedMain] WARN  org.mybatis.spring.mapper.ClassPathMapperScanner - Skipping MapperFactoryBean with name 'tbPermissionMapper' and 'com.scy.running.mapper.TbPermissionMapper' mapperInterface. Bean already defined with the same name!
2021-08-12 18:14:38.742 [restartedMain] WARN  org.mybatis.spring.mapper.ClassPathMapperScanner - Skipping MapperFactoryBean with name 'tbPunchClockMapper' and 'com.scy.running.mapper.TbPunchClockMapper' mapperInterface. Bean already defined with the same name!
2021-08-12 18:14:38.742 [restartedMain] WARN  org.mybatis.spring.mapper.ClassPathMapperScanner - Skipping MapperFactoryBean with name 'tbRoleMapper' and 'com.scy.running.mapper.TbRoleMapper' mapperInterface. Bean already defined with the same name!
2021-08-12 18:14:38.742 [restartedMain] WARN  org.mybatis.spring.mapper.ClassPathMapperScanner - Skipping MapperFactoryBean with name 'tbTaskMapper' and 'com.scy.running.mapper.TbTaskMapper' mapperInterface. Bean already defined with the same name!
2021-08-12 18:14:38.742 [restartedMain] WARN  org.mybatis.spring.mapper.ClassPathMapperScanner - Skipping MapperFactoryBean with name 'tbUserMapper' and 'com.scy.running.mapper.TbUserMapper' mapperInterface. Bean already defined with the same name!
2021-08-12 18:14:38.742 [restartedMain] WARN  org.mybatis.spring.mapper.ClassPathMapperScanner - No MyBatis mapper was found in '[com.scy.running.mapper]' package. Please check your configuration.
