2021-08-23 08:57:36.815 [restartedMain] WARN  o.s.boot.context.config.ConfigDataEnvironment - Property 'spring.profiles' imported from location 'class path resource [application.yml]' is invalid and should be replaced with 'spring.config.activate.on-profile' [origin: class path resource [application.yml] - 49:13]
2021-08-23 08:57:37.500 [restartedMain] WARN  org.mybatis.spring.mapper.ClassPathMapperScanner - Skipping MapperFactoryBean with name 'tbClassMapper' and 'com.scy.running.mapper.TbClassMapper' mapperInterface. Bean already defined with the same name!
2021-08-23 08:57:37.500 [restartedMain] WARN  org.mybatis.spring.mapper.ClassPathMapperScanner - Skipping MapperFactoryBean with name 'tbCollegeMapper' and 'com.scy.running.mapper.TbCollegeMapper' mapperInterface. Bean already defined with the same name!
2021-08-23 08:57:37.504 [restartedMain] WARN  org.mybatis.spring.mapper.ClassPathMapperScanner - Skipping MapperFactoryBean with name 'tbPermissionMapper' and 'com.scy.running.mapper.TbPermissionMapper' mapperInterface. Bean already defined with the same name!
2021-08-23 08:57:37.504 [restartedMain] WARN  org.mybatis.spring.mapper.ClassPathMapperScanner - Skipping MapperFactoryBean with name 'tbPunchClockMapper' and 'com.scy.running.mapper.TbPunchClockMapper' mapperInterface. Bean already defined with the same name!
2021-08-23 08:57:37.504 [restartedMain] WARN  org.mybatis.spring.mapper.ClassPathMapperScanner - Skipping MapperFactoryBean with name 'tbRoleMapper' and 'com.scy.running.mapper.TbRoleMapper' mapperInterface. Bean already defined with the same name!
2021-08-23 08:57:37.504 [restartedMain] WARN  org.mybatis.spring.mapper.ClassPathMapperScanner - Skipping MapperFactoryBean with name 'tbTaskMapper' and 'com.scy.running.mapper.TbTaskMapper' mapperInterface. Bean already defined with the same name!
2021-08-23 08:57:37.504 [restartedMain] WARN  org.mybatis.spring.mapper.ClassPathMapperScanner - Skipping MapperFactoryBean with name 'tbUserMapper' and 'com.scy.running.mapper.TbUserMapper' mapperInterface. Bean already defined with the same name!
2021-08-23 08:57:37.504 [restartedMain] WARN  org.mybatis.spring.mapper.ClassPathMapperScanner - No MyBatis mapper was found in '[com.scy.running.mapper]' package. Please check your configuration.
2021-08-23 09:33:18.993 [restartedMain] WARN  o.s.boot.context.config.ConfigDataEnvironment - Property 'spring.profiles' imported from location 'class path resource [application.yml]' is invalid and should be replaced with 'spring.config.activate.on-profile' [origin: class path resource [application.yml] - 49:13]
2021-08-23 09:33:19.646 [restartedMain] WARN  org.mybatis.spring.mapper.ClassPathMapperScanner - Skipping MapperFactoryBean with name 'tbClassMapper' and 'com.scy.running.mapper.TbClassMapper' mapperInterface. Bean already defined with the same name!
2021-08-23 09:33:19.647 [restartedMain] WARN  org.mybatis.spring.mapper.ClassPathMapperScanner - Skipping MapperFactoryBean with name 'tbCollegeMapper' and 'com.scy.running.mapper.TbCollegeMapper' mapperInterface. Bean already defined with the same name!
2021-08-23 09:33:19.647 [restartedMain] WARN  org.mybatis.spring.mapper.ClassPathMapperScanner - Skipping MapperFactoryBean with name 'tbPermissionMapper' and 'com.scy.running.mapper.TbPermissionMapper' mapperInterface. Bean already defined with the same name!
2021-08-23 09:33:19.647 [restartedMain] WARN  org.mybatis.spring.mapper.ClassPathMapperScanner - Skipping MapperFactoryBean with name 'tbPunchClockMapper' and 'com.scy.running.mapper.TbPunchClockMapper' mapperInterface. Bean already defined with the same name!
2021-08-23 09:33:19.647 [restartedMain] WARN  org.mybatis.spring.mapper.ClassPathMapperScanner - Skipping MapperFactoryBean with name 'tbRoleMapper' and 'com.scy.running.mapper.TbRoleMapper' mapperInterface. Bean already defined with the same name!
2021-08-23 09:33:19.647 [restartedMain] WARN  org.mybatis.spring.mapper.ClassPathMapperScanner - Skipping MapperFactoryBean with name 'tbTaskMapper' and 'com.scy.running.mapper.TbTaskMapper' mapperInterface. Bean already defined with the same name!
2021-08-23 09:33:19.647 [restartedMain] WARN  org.mybatis.spring.mapper.ClassPathMapperScanner - Skipping MapperFactoryBean with name 'tbUserMapper' and 'com.scy.running.mapper.TbUserMapper' mapperInterface. Bean already defined with the same name!
2021-08-23 09:33:19.647 [restartedMain] WARN  org.mybatis.spring.mapper.ClassPathMapperScanner - No MyBatis mapper was found in '[com.scy.running.mapper]' package. Please check your configuration.
2021-08-23 09:35:42.174 [restartedMain] WARN  o.s.boot.context.config.ConfigDataEnvironment - Property 'spring.profiles' imported from location 'class path resource [application.yml]' is invalid and should be replaced with 'spring.config.activate.on-profile' [origin: class path resource [application.yml] - 49:13]
2021-08-23 09:35:42.770 [restartedMain] WARN  org.mybatis.spring.mapper.ClassPathMapperScanner - Skipping MapperFactoryBean with name 'tbClassMapper' and 'com.scy.running.mapper.TbClassMapper' mapperInterface. Bean already defined with the same name!
2021-08-23 09:35:42.770 [restartedMain] WARN  org.mybatis.spring.mapper.ClassPathMapperScanner - Skipping MapperFactoryBean with name 'tbCollegeMapper' and 'com.scy.running.mapper.TbCollegeMapper' mapperInterface. Bean already defined with the same name!
2021-08-23 09:35:42.770 [restartedMain] WARN  org.mybatis.spring.mapper.ClassPathMapperScanner - Skipping MapperFactoryBean with name 'tbPermissionMapper' and 'com.scy.running.mapper.TbPermissionMapper' mapperInterface. Bean already defined with the same name!
2021-08-23 09:35:42.770 [restartedMain] WARN  org.mybatis.spring.mapper.ClassPathMapperScanner - Skipping MapperFactoryBean with name 'tbPunchClockMapper' and 'com.scy.running.mapper.TbPunchClockMapper' mapperInterface. Bean already defined with the same name!
2021-08-23 09:35:42.770 [restartedMain] WARN  org.mybatis.spring.mapper.ClassPathMapperScanner - Skipping MapperFactoryBean with name 'tbRoleMapper' and 'com.scy.running.mapper.TbRoleMapper' mapperInterface. Bean already defined with the same name!
2021-08-23 09:35:42.770 [restartedMain] WARN  org.mybatis.spring.mapper.ClassPathMapperScanner - Skipping MapperFactoryBean with name 'tbTaskMapper' and 'com.scy.running.mapper.TbTaskMapper' mapperInterface. Bean already defined with the same name!
2021-08-23 09:35:42.770 [restartedMain] WARN  org.mybatis.spring.mapper.ClassPathMapperScanner - Skipping MapperFactoryBean with name 'tbUserMapper' and 'com.scy.running.mapper.TbUserMapper' mapperInterface. Bean already defined with the same name!
2021-08-23 09:35:42.770 [restartedMain] WARN  org.mybatis.spring.mapper.ClassPathMapperScanner - No MyBatis mapper was found in '[com.scy.running.mapper]' package. Please check your configuration.
2021-08-23 09:36:49.701 [http-nio-9000-exec-1] WARN  o.s.w.s.m.support.DefaultHandlerExceptionResolver - Resolved [org.springframework.web.HttpRequestMethodNotSupportedException: Request method 'GET' not supported]
2021-08-23 09:56:37.108 [HikariPool-1 housekeeper] WARN  com.zaxxer.hikari.pool.HikariPool - HikariPool-1 - Thread starvation or clock leap detected (housekeeper delta=47s591ms2µs600ns).
2021-08-23 10:04:54.803 [restartedMain] WARN  o.s.boot.context.config.ConfigDataEnvironment - Property 'spring.profiles' imported from location 'class path resource [application.yml]' is invalid and should be replaced with 'spring.config.activate.on-profile' [origin: class path resource [application.yml] - 49:13]
2021-08-23 10:04:55.437 [restartedMain] WARN  org.mybatis.spring.mapper.ClassPathMapperScanner - Skipping MapperFactoryBean with name 'tbClassMapper' and 'com.scy.running.mapper.TbClassMapper' mapperInterface. Bean already defined with the same name!
2021-08-23 10:04:55.437 [restartedMain] WARN  org.mybatis.spring.mapper.ClassPathMapperScanner - Skipping MapperFactoryBean with name 'tbCollegeMapper' and 'com.scy.running.mapper.TbCollegeMapper' mapperInterface. Bean already defined with the same name!
2021-08-23 10:04:55.437 [restartedMain] WARN  org.mybatis.spring.mapper.ClassPathMapperScanner - Skipping MapperFactoryBean with name 'tbPermissionMapper' and 'com.scy.running.mapper.TbPermissionMapper' mapperInterface. Bean already defined with the same name!
2021-08-23 10:04:55.438 [restartedMain] WARN  org.mybatis.spring.mapper.ClassPathMapperScanner - Skipping MapperFactoryBean with name 'tbPunchClockMapper' and 'com.scy.running.mapper.TbPunchClockMapper' mapperInterface. Bean already defined with the same name!
2021-08-23 10:04:55.438 [restartedMain] WARN  org.mybatis.spring.mapper.ClassPathMapperScanner - Skipping MapperFactoryBean with name 'tbRoleMapper' and 'com.scy.running.mapper.TbRoleMapper' mapperInterface. Bean already defined with the same name!
2021-08-23 10:04:55.438 [restartedMain] WARN  org.mybatis.spring.mapper.ClassPathMapperScanner - Skipping MapperFactoryBean with name 'tbTaskMapper' and 'com.scy.running.mapper.TbTaskMapper' mapperInterface. Bean already defined with the same name!
2021-08-23 10:04:55.438 [restartedMain] WARN  org.mybatis.spring.mapper.ClassPathMapperScanner - Skipping MapperFactoryBean with name 'tbUserMapper' and 'com.scy.running.mapper.TbUserMapper' mapperInterface. Bean already defined with the same name!
2021-08-23 10:04:55.438 [restartedMain] WARN  org.mybatis.spring.mapper.ClassPathMapperScanner - No MyBatis mapper was found in '[com.scy.running.mapper]' package. Please check your configuration.
2021-08-23 10:06:50.421 [restartedMain] WARN  o.s.boot.context.config.ConfigDataEnvironment - Property 'spring.profiles' imported from location 'class path resource [application.yml]' is invalid and should be replaced with 'spring.config.activate.on-profile' [origin: class path resource [application.yml] - 49:13]
2021-08-23 10:06:51.024 [restartedMain] WARN  org.mybatis.spring.mapper.ClassPathMapperScanner - Skipping MapperFactoryBean with name 'tbClassMapper' and 'com.scy.running.mapper.TbClassMapper' mapperInterface. Bean already defined with the same name!
2021-08-23 10:06:51.024 [restartedMain] WARN  org.mybatis.spring.mapper.ClassPathMapperScanner - Skipping MapperFactoryBean with name 'tbCollegeMapper' and 'com.scy.running.mapper.TbCollegeMapper' mapperInterface. Bean already defined with the same name!
2021-08-23 10:06:51.024 [restartedMain] WARN  org.mybatis.spring.mapper.ClassPathMapperScanner - Skipping MapperFactoryBean with name 'tbPermissionMapper' and 'com.scy.running.mapper.TbPermissionMapper' mapperInterface. Bean already defined with the same name!
2021-08-23 10:06:51.025 [restartedMain] WARN  org.mybatis.spring.mapper.ClassPathMapperScanner - Skipping MapperFactoryBean with name 'tbPunchClockMapper' and 'com.scy.running.mapper.TbPunchClockMapper' mapperInterface. Bean already defined with the same name!
2021-08-23 10:06:51.025 [restartedMain] WARN  org.mybatis.spring.mapper.ClassPathMapperScanner - Skipping MapperFactoryBean with name 'tbRoleMapper' and 'com.scy.running.mapper.TbRoleMapper' mapperInterface. Bean already defined with the same name!
2021-08-23 10:06:51.025 [restartedMain] WARN  org.mybatis.spring.mapper.ClassPathMapperScanner - Skipping MapperFactoryBean with name 'tbTaskMapper' and 'com.scy.running.mapper.TbTaskMapper' mapperInterface. Bean already defined with the same name!
2021-08-23 10:06:51.025 [restartedMain] WARN  org.mybatis.spring.mapper.ClassPathMapperScanner - Skipping MapperFactoryBean with name 'tbUserMapper' and 'com.scy.running.mapper.TbUserMapper' mapperInterface. Bean already defined with the same name!
2021-08-23 10:06:51.025 [restartedMain] WARN  org.mybatis.spring.mapper.ClassPathMapperScanner - No MyBatis mapper was found in '[com.scy.running.mapper]' package. Please check your configuration.
2021-08-23 10:08:24.467 [HikariPool-1 housekeeper] WARN  com.zaxxer.hikari.pool.HikariPool - HikariPool-1 - Thread starvation or clock leap detected (housekeeper delta=1m8s680ms894µs500ns).
2021-08-23 10:09:49.826 [restartedMain] WARN  o.s.boot.context.config.ConfigDataEnvironment - Property 'spring.profiles' imported from location 'class path resource [application.yml]' is invalid and should be replaced with 'spring.config.activate.on-profile' [origin: class path resource [application.yml] - 49:13]
2021-08-23 10:09:50.448 [restartedMain] WARN  org.mybatis.spring.mapper.ClassPathMapperScanner - Skipping MapperFactoryBean with name 'tbClassMapper' and 'com.scy.running.mapper.TbClassMapper' mapperInterface. Bean already defined with the same name!
2021-08-23 10:09:50.449 [restartedMain] WARN  org.mybatis.spring.mapper.ClassPathMapperScanner - Skipping MapperFactoryBean with name 'tbCollegeMapper' and 'com.scy.running.mapper.TbCollegeMapper' mapperInterface. Bean already defined with the same name!
2021-08-23 10:09:50.449 [restartedMain] WARN  org.mybatis.spring.mapper.ClassPathMapperScanner - Skipping MapperFactoryBean with name 'tbPermissionMapper' and 'com.scy.running.mapper.TbPermissionMapper' mapperInterface. Bean already defined with the same name!
2021-08-23 10:09:50.449 [restartedMain] WARN  org.mybatis.spring.mapper.ClassPathMapperScanner - Skipping MapperFactoryBean with name 'tbPunchClockMapper' and 'com.scy.running.mapper.TbPunchClockMapper' mapperInterface. Bean already defined with the same name!
2021-08-23 10:09:50.449 [restartedMain] WARN  org.mybatis.spring.mapper.ClassPathMapperScanner - Skipping MapperFactoryBean with name 'tbRoleMapper' and 'com.scy.running.mapper.TbRoleMapper' mapperInterface. Bean already defined with the same name!
2021-08-23 10:09:50.449 [restartedMain] WARN  org.mybatis.spring.mapper.ClassPathMapperScanner - Skipping MapperFactoryBean with name 'tbTaskMapper' and 'com.scy.running.mapper.TbTaskMapper' mapperInterface. Bean already defined with the same name!
2021-08-23 10:09:50.449 [restartedMain] WARN  org.mybatis.spring.mapper.ClassPathMapperScanner - Skipping MapperFactoryBean with name 'tbUserMapper' and 'com.scy.running.mapper.TbUserMapper' mapperInterface. Bean already defined with the same name!
2021-08-23 10:09:50.449 [restartedMain] WARN  org.mybatis.spring.mapper.ClassPathMapperScanner - No MyBatis mapper was found in '[com.scy.running.mapper]' package. Please check your configuration.
2021-08-23 10:10:25.520 [http-nio-9000-exec-7] WARN  o.s.w.s.m.support.DefaultHandlerExceptionResolver - Resolved [org.springframework.validation.BindException: org.springframework.validation.BeanPropertyBindingResult: 1 errors
Field error in object 'tbTask' on field 'taskDeadline': rejected value [2021-8-24]; codes [typeMismatch.tbTask.taskDeadline,typeMismatch.taskDeadline,typeMismatch.java.util.Date,typeMismatch]; arguments [org.springframework.context.support.DefaultMessageSourceResolvable: codes [tbTask.taskDeadline,taskDeadline]; arguments []; default message [taskDeadline]]; default message [Failed to convert property value of type 'java.lang.String' to required type 'java.util.Date' for property 'taskDeadline'; nested exception is org.springframework.core.convert.ConversionFailedException: Failed to convert from type [java.lang.String] to type [@io.swagger.annotations.ApiModelProperty java.util.Date] for value '2021-8-24'; nested exception is java.lang.IllegalArgumentException]]
2021-08-23 10:11:31.568 [http-nio-9000-exec-6] WARN  o.s.w.s.m.support.DefaultHandlerExceptionResolver - Resolved [org.springframework.validation.BindException: org.springframework.validation.BeanPropertyBindingResult: 1 errors
Field error in object 'tbTask' on field 'taskDeadline': rejected value [2021-8-24]; codes [typeMismatch.tbTask.taskDeadline,typeMismatch.taskDeadline,typeMismatch.java.util.Date,typeMismatch]; arguments [org.springframework.context.support.DefaultMessageSourceResolvable: codes [tbTask.taskDeadline,taskDeadline]; arguments []; default message [taskDeadline]]; default message [Failed to convert property value of type 'java.lang.String' to required type 'java.util.Date' for property 'taskDeadline'; nested exception is org.springframework.core.convert.ConversionFailedException: Failed to convert from type [java.lang.String] to type [@io.swagger.annotations.ApiModelProperty java.util.Date] for value '2021-8-24'; nested exception is java.lang.IllegalArgumentException]]
2021-08-23 10:12:13.269 [http-nio-9000-exec-7] WARN  o.s.w.s.m.support.DefaultHandlerExceptionResolver - Resolved [org.springframework.validation.BindException: org.springframework.validation.BeanPropertyBindingResult: 1 errors
Field error in object 'tbTask' on field 'taskDeadline': rejected value [2021-8-24]; codes [typeMismatch.tbTask.taskDeadline,typeMismatch.taskDeadline,typeMismatch.java.util.Date,typeMismatch]; arguments [org.springframework.context.support.DefaultMessageSourceResolvable: codes [tbTask.taskDeadline,taskDeadline]; arguments []; default message [taskDeadline]]; default message [Failed to convert property value of type 'java.lang.String' to required type 'java.util.Date' for property 'taskDeadline'; nested exception is org.springframework.core.convert.ConversionFailedException: Failed to convert from type [java.lang.String] to type [@io.swagger.annotations.ApiModelProperty java.util.Date] for value '2021-8-24'; nested exception is java.lang.IllegalArgumentException]]
2021-08-23 10:14:13.448 [http-nio-9000-exec-1] WARN  o.s.w.s.m.support.DefaultHandlerExceptionResolver - Resolved [org.springframework.validation.BindException: org.springframework.validation.BeanPropertyBindingResult: 1 errors
Field error in object 'tbTask' on field 'taskDeadline': rejected value [2021-08-23T16:00:00.000Z]; codes [typeMismatch.tbTask.taskDeadline,typeMismatch.taskDeadline,typeMismatch.java.util.Date,typeMismatch]; arguments [org.springframework.context.support.DefaultMessageSourceResolvable: codes [tbTask.taskDeadline,taskDeadline]; arguments []; default message [taskDeadline]]; default message [Failed to convert property value of type 'java.lang.String' to required type 'java.util.Date' for property 'taskDeadline'; nested exception is org.springframework.core.convert.ConversionFailedException: Failed to convert from type [java.lang.String] to type [@io.swagger.annotations.ApiModelProperty java.util.Date] for value '2021-08-23T16:00:00.000Z'; nested exception is java.lang.IllegalArgumentException]]
2021-08-23 10:14:35.122 [http-nio-9000-exec-10] WARN  o.s.w.s.m.support.DefaultHandlerExceptionResolver - Resolved [org.springframework.validation.BindException: org.springframework.validation.BeanPropertyBindingResult: 1 errors
Field error in object 'tbTask' on field 'taskDeadline': rejected value [2021-08-23T16:00:00.000Z]; codes [typeMismatch.tbTask.taskDeadline,typeMismatch.taskDeadline,typeMismatch.java.util.Date,typeMismatch]; arguments [org.springframework.context.support.DefaultMessageSourceResolvable: codes [tbTask.taskDeadline,taskDeadline]; arguments []; default message [taskDeadline]]; default message [Failed to convert property value of type 'java.lang.String' to required type 'java.util.Date' for property 'taskDeadline'; nested exception is org.springframework.core.convert.ConversionFailedException: Failed to convert from type [java.lang.String] to type [@io.swagger.annotations.ApiModelProperty java.util.Date] for value '2021-08-23T16:00:00.000Z'; nested exception is java.lang.IllegalArgumentException]]
2021-08-23 10:18:22.541 [http-nio-9000-exec-7] WARN  o.s.w.s.m.support.DefaultHandlerExceptionResolver - Resolved [org.springframework.validation.BindException: org.springframework.validation.BeanPropertyBindingResult: 1 errors
Field error in object 'tbTask' on field 'taskDeadline': rejected value [2021-08-23T16:00:00.000Z]; codes [typeMismatch.tbTask.taskDeadline,typeMismatch.taskDeadline,typeMismatch.java.util.Date,typeMismatch]; arguments [org.springframework.context.support.DefaultMessageSourceResolvable: codes [tbTask.taskDeadline,taskDeadline]; arguments []; default message [taskDeadline]]; default message [Failed to convert property value of type 'java.lang.String' to required type 'java.util.Date' for property 'taskDeadline'; nested exception is org.springframework.core.convert.ConversionFailedException: Failed to convert from type [java.lang.String] to type [@io.swagger.annotations.ApiModelProperty java.util.Date] for value '2021-08-23T16:00:00.000Z'; nested exception is java.lang.IllegalArgumentException]]
2021-08-23 10:18:41.560 [http-nio-9000-exec-10] WARN  o.s.w.s.m.support.DefaultHandlerExceptionResolver - Resolved [org.springframework.validation.BindException: org.springframework.validation.BeanPropertyBindingResult: 1 errors
Field error in object 'tbTask' on field 'taskDeadline': rejected value [2021-08-23T16:00:00.000Z]; codes [typeMismatch.tbTask.taskDeadline,typeMismatch.taskDeadline,typeMismatch.java.util.Date,typeMismatch]; arguments [org.springframework.context.support.DefaultMessageSourceResolvable: codes [tbTask.taskDeadline,taskDeadline]; arguments []; default message [taskDeadline]]; default message [Failed to convert property value of type 'java.lang.String' to required type 'java.util.Date' for property 'taskDeadline'; nested exception is org.springframework.core.convert.ConversionFailedException: Failed to convert from type [java.lang.String] to type [@io.swagger.annotations.ApiModelProperty java.util.Date] for value '2021-08-23T16:00:00.000Z'; nested exception is java.lang.IllegalArgumentException]]
2021-08-23 10:19:06.672 [http-nio-9000-exec-9] WARN  o.s.w.s.m.support.DefaultHandlerExceptionResolver - Resolved [org.springframework.validation.BindException: org.springframework.validation.BeanPropertyBindingResult: 1 errors
Field error in object 'tbTask' on field 'taskDeadline': rejected value [2021-08-23T16:00:00.000Z]; codes [typeMismatch.tbTask.taskDeadline,typeMismatch.taskDeadline,typeMismatch.java.util.Date,typeMismatch]; arguments [org.springframework.context.support.DefaultMessageSourceResolvable: codes [tbTask.taskDeadline,taskDeadline]; arguments []; default message [taskDeadline]]; default message [Failed to convert property value of type 'java.lang.String' to required type 'java.util.Date' for property 'taskDeadline'; nested exception is org.springframework.core.convert.ConversionFailedException: Failed to convert from type [java.lang.String] to type [@io.swagger.annotations.ApiModelProperty java.util.Date] for value '2021-08-23T16:00:00.000Z'; nested exception is java.lang.IllegalArgumentException]]
2021-08-23 10:20:56.400 [restartedMain] WARN  o.s.boot.context.config.ConfigDataEnvironment - Property 'spring.profiles' imported from location 'class path resource [application.yml]' is invalid and should be replaced with 'spring.config.activate.on-profile' [origin: class path resource [application.yml] - 49:13]
2021-08-23 10:20:57.005 [restartedMain] WARN  org.mybatis.spring.mapper.ClassPathMapperScanner - Skipping MapperFactoryBean with name 'tbClassMapper' and 'com.scy.running.mapper.TbClassMapper' mapperInterface. Bean already defined with the same name!
2021-08-23 10:20:57.005 [restartedMain] WARN  org.mybatis.spring.mapper.ClassPathMapperScanner - Skipping MapperFactoryBean with name 'tbCollegeMapper' and 'com.scy.running.mapper.TbCollegeMapper' mapperInterface. Bean already defined with the same name!
2021-08-23 10:20:57.005 [restartedMain] WARN  org.mybatis.spring.mapper.ClassPathMapperScanner - Skipping MapperFactoryBean with name 'tbPermissionMapper' and 'com.scy.running.mapper.TbPermissionMapper' mapperInterface. Bean already defined with the same name!
2021-08-23 10:20:57.006 [restartedMain] WARN  org.mybatis.spring.mapper.ClassPathMapperScanner - Skipping MapperFactoryBean with name 'tbPunchClockMapper' and 'com.scy.running.mapper.TbPunchClockMapper' mapperInterface. Bean already defined with the same name!
2021-08-23 10:20:57.006 [restartedMain] WARN  org.mybatis.spring.mapper.ClassPathMapperScanner - Skipping MapperFactoryBean with name 'tbRoleMapper' and 'com.scy.running.mapper.TbRoleMapper' mapperInterface. Bean already defined with the same name!
2021-08-23 10:20:57.006 [restartedMain] WARN  org.mybatis.spring.mapper.ClassPathMapperScanner - Skipping MapperFactoryBean with name 'tbTaskMapper' and 'com.scy.running.mapper.TbTaskMapper' mapperInterface. Bean already defined with the same name!
2021-08-23 10:20:57.006 [restartedMain] WARN  org.mybatis.spring.mapper.ClassPathMapperScanner - Skipping MapperFactoryBean with name 'tbUserMapper' and 'com.scy.running.mapper.TbUserMapper' mapperInterface. Bean already defined with the same name!
2021-08-23 10:20:57.006 [restartedMain] WARN  org.mybatis.spring.mapper.ClassPathMapperScanner - No MyBatis mapper was found in '[com.scy.running.mapper]' package. Please check your configuration.
2021-08-23 10:23:21.655 [HikariPool-1 housekeeper] WARN  com.zaxxer.hikari.pool.HikariPool - HikariPool-1 - Thread starvation or clock leap detected (housekeeper delta=2m13s644ms749µs400ns).
2021-08-23 10:24:45.414 [HikariPool-1 housekeeper] WARN  com.zaxxer.hikari.pool.HikariPool - HikariPool-1 - Thread starvation or clock leap detected (housekeeper delta=53s758ms202µs501ns).
2021-08-23 10:35:04.440 [restartedMain] WARN  o.s.boot.context.config.ConfigDataEnvironment - Property 'spring.profiles' imported from location 'class path resource [application.yml]' is invalid and should be replaced with 'spring.config.activate.on-profile' [origin: class path resource [application.yml] - 49:13]
2021-08-23 10:35:05.035 [restartedMain] WARN  org.mybatis.spring.mapper.ClassPathMapperScanner - Skipping MapperFactoryBean with name 'tbClassMapper' and 'com.scy.running.mapper.TbClassMapper' mapperInterface. Bean already defined with the same name!
2021-08-23 10:35:05.035 [restartedMain] WARN  org.mybatis.spring.mapper.ClassPathMapperScanner - Skipping MapperFactoryBean with name 'tbCollegeMapper' and 'com.scy.running.mapper.TbCollegeMapper' mapperInterface. Bean already defined with the same name!
2021-08-23 10:35:05.035 [restartedMain] WARN  org.mybatis.spring.mapper.ClassPathMapperScanner - Skipping MapperFactoryBean with name 'tbPermissionMapper' and 'com.scy.running.mapper.TbPermissionMapper' mapperInterface. Bean already defined with the same name!
2021-08-23 10:35:05.035 [restartedMain] WARN  org.mybatis.spring.mapper.ClassPathMapperScanner - Skipping MapperFactoryBean with name 'tbPunchClockMapper' and 'com.scy.running.mapper.TbPunchClockMapper' mapperInterface. Bean already defined with the same name!
2021-08-23 10:35:05.035 [restartedMain] WARN  org.mybatis.spring.mapper.ClassPathMapperScanner - Skipping MapperFactoryBean with name 'tbRoleMapper' and 'com.scy.running.mapper.TbRoleMapper' mapperInterface. Bean already defined with the same name!
2021-08-23 10:35:05.035 [restartedMain] WARN  org.mybatis.spring.mapper.ClassPathMapperScanner - Skipping MapperFactoryBean with name 'tbTaskMapper' and 'com.scy.running.mapper.TbTaskMapper' mapperInterface. Bean already defined with the same name!
2021-08-23 10:35:05.035 [restartedMain] WARN  org.mybatis.spring.mapper.ClassPathMapperScanner - Skipping MapperFactoryBean with name 'tbUserMapper' and 'com.scy.running.mapper.TbUserMapper' mapperInterface. Bean already defined with the same name!
2021-08-23 10:35:05.035 [restartedMain] WARN  org.mybatis.spring.mapper.ClassPathMapperScanner - No MyBatis mapper was found in '[com.scy.running.mapper]' package. Please check your configuration.
2021-08-23 10:36:34.283 [restartedMain] WARN  o.s.boot.context.config.ConfigDataEnvironment - Property 'spring.profiles' imported from location 'class path resource [application.yml]' is invalid and should be replaced with 'spring.config.activate.on-profile' [origin: class path resource [application.yml] - 49:13]
2021-08-23 10:36:34.880 [restartedMain] WARN  org.mybatis.spring.mapper.ClassPathMapperScanner - Skipping MapperFactoryBean with name 'tbClassMapper' and 'com.scy.running.mapper.TbClassMapper' mapperInterface. Bean already defined with the same name!
2021-08-23 10:36:34.880 [restartedMain] WARN  org.mybatis.spring.mapper.ClassPathMapperScanner - Skipping MapperFactoryBean with name 'tbCollegeMapper' and 'com.scy.running.mapper.TbCollegeMapper' mapperInterface. Bean already defined with the same name!
2021-08-23 10:36:34.880 [restartedMain] WARN  org.mybatis.spring.mapper.ClassPathMapperScanner - Skipping MapperFactoryBean with name 'tbPermissionMapper' and 'com.scy.running.mapper.TbPermissionMapper' mapperInterface. Bean already defined with the same name!
2021-08-23 10:36:34.880 [restartedMain] WARN  org.mybatis.spring.mapper.ClassPathMapperScanner - Skipping MapperFactoryBean with name 'tbPunchClockMapper' and 'com.scy.running.mapper.TbPunchClockMapper' mapperInterface. Bean already defined with the same name!
2021-08-23 10:36:34.881 [restartedMain] WARN  org.mybatis.spring.mapper.ClassPathMapperScanner - Skipping MapperFactoryBean with name 'tbRoleMapper' and 'com.scy.running.mapper.TbRoleMapper' mapperInterface. Bean already defined with the same name!
2021-08-23 10:36:34.881 [restartedMain] WARN  org.mybatis.spring.mapper.ClassPathMapperScanner - Skipping MapperFactoryBean with name 'tbTaskMapper' and 'com.scy.running.mapper.TbTaskMapper' mapperInterface. Bean already defined with the same name!
2021-08-23 10:36:34.881 [restartedMain] WARN  org.mybatis.spring.mapper.ClassPathMapperScanner - Skipping MapperFactoryBean with name 'tbUserMapper' and 'com.scy.running.mapper.TbUserMapper' mapperInterface. Bean already defined with the same name!
2021-08-23 10:36:34.881 [restartedMain] WARN  org.mybatis.spring.mapper.ClassPathMapperScanner - No MyBatis mapper was found in '[com.scy.running.mapper]' package. Please check your configuration.
2021-08-23 10:38:37.015 [restartedMain] WARN  o.s.boot.context.config.ConfigDataEnvironment - Property 'spring.profiles' imported from location 'class path resource [application.yml]' is invalid and should be replaced with 'spring.config.activate.on-profile' [origin: class path resource [application.yml] - 49:13]
2021-08-23 10:38:37.617 [restartedMain] WARN  org.mybatis.spring.mapper.ClassPathMapperScanner - Skipping MapperFactoryBean with name 'tbClassMapper' and 'com.scy.running.mapper.TbClassMapper' mapperInterface. Bean already defined with the same name!
2021-08-23 10:38:37.617 [restartedMain] WARN  org.mybatis.spring.mapper.ClassPathMapperScanner - Skipping MapperFactoryBean with name 'tbCollegeMapper' and 'com.scy.running.mapper.TbCollegeMapper' mapperInterface. Bean already defined with the same name!
2021-08-23 10:38:37.617 [restartedMain] WARN  org.mybatis.spring.mapper.ClassPathMapperScanner - Skipping MapperFactoryBean with name 'tbPermissionMapper' and 'com.scy.running.mapper.TbPermissionMapper' mapperInterface. Bean already defined with the same name!
2021-08-23 10:38:37.617 [restartedMain] WARN  org.mybatis.spring.mapper.ClassPathMapperScanner - Skipping MapperFactoryBean with name 'tbPunchClockMapper' and 'com.scy.running.mapper.TbPunchClockMapper' mapperInterface. Bean already defined with the same name!
2021-08-23 10:38:37.617 [restartedMain] WARN  org.mybatis.spring.mapper.ClassPathMapperScanner - Skipping MapperFactoryBean with name 'tbRoleMapper' and 'com.scy.running.mapper.TbRoleMapper' mapperInterface. Bean already defined with the same name!
2021-08-23 10:38:37.617 [restartedMain] WARN  org.mybatis.spring.mapper.ClassPathMapperScanner - Skipping MapperFactoryBean with name 'tbTaskMapper' and 'com.scy.running.mapper.TbTaskMapper' mapperInterface. Bean already defined with the same name!
2021-08-23 10:38:37.617 [restartedMain] WARN  org.mybatis.spring.mapper.ClassPathMapperScanner - Skipping MapperFactoryBean with name 'tbUserMapper' and 'com.scy.running.mapper.TbUserMapper' mapperInterface. Bean already defined with the same name!
2021-08-23 10:38:37.617 [restartedMain] WARN  org.mybatis.spring.mapper.ClassPathMapperScanner - No MyBatis mapper was found in '[com.scy.running.mapper]' package. Please check your configuration.
2021-08-23 10:48:40.443 [restartedMain] WARN  o.s.boot.context.config.ConfigDataEnvironment - Property 'spring.profiles' imported from location 'class path resource [application.yml]' is invalid and should be replaced with 'spring.config.activate.on-profile' [origin: class path resource [application.yml] - 49:13]
2021-08-23 10:48:41.073 [restartedMain] WARN  org.mybatis.spring.mapper.ClassPathMapperScanner - Skipping MapperFactoryBean with name 'tbClassMapper' and 'com.scy.running.mapper.TbClassMapper' mapperInterface. Bean already defined with the same name!
2021-08-23 10:48:41.073 [restartedMain] WARN  org.mybatis.spring.mapper.ClassPathMapperScanner - Skipping MapperFactoryBean with name 'tbCollegeMapper' and 'com.scy.running.mapper.TbCollegeMapper' mapperInterface. Bean already defined with the same name!
2021-08-23 10:48:41.074 [restartedMain] WARN  org.mybatis.spring.mapper.ClassPathMapperScanner - Skipping MapperFactoryBean with name 'tbPermissionMapper' and 'com.scy.running.mapper.TbPermissionMapper' mapperInterface. Bean already defined with the same name!
2021-08-23 10:48:41.074 [restartedMain] WARN  org.mybatis.spring.mapper.ClassPathMapperScanner - Skipping MapperFactoryBean with name 'tbPunchClockMapper' and 'com.scy.running.mapper.TbPunchClockMapper' mapperInterface. Bean already defined with the same name!
2021-08-23 10:48:41.074 [restartedMain] WARN  org.mybatis.spring.mapper.ClassPathMapperScanner - Skipping MapperFactoryBean with name 'tbRoleMapper' and 'com.scy.running.mapper.TbRoleMapper' mapperInterface. Bean already defined with the same name!
2021-08-23 10:48:41.074 [restartedMain] WARN  org.mybatis.spring.mapper.ClassPathMapperScanner - Skipping MapperFactoryBean with name 'tbTaskMapper' and 'com.scy.running.mapper.TbTaskMapper' mapperInterface. Bean already defined with the same name!
2021-08-23 10:48:41.074 [restartedMain] WARN  org.mybatis.spring.mapper.ClassPathMapperScanner - Skipping MapperFactoryBean with name 'tbUserMapper' and 'com.scy.running.mapper.TbUserMapper' mapperInterface. Bean already defined with the same name!
2021-08-23 10:48:41.074 [restartedMain] WARN  org.mybatis.spring.mapper.ClassPathMapperScanner - No MyBatis mapper was found in '[com.scy.running.mapper]' package. Please check your configuration.
2021-08-23 10:58:59.206 [restartedMain] WARN  o.s.boot.context.config.ConfigDataEnvironment - Property 'spring.profiles' imported from location 'class path resource [application.yml]' is invalid and should be replaced with 'spring.config.activate.on-profile' [origin: class path resource [application.yml] - 49:13]
2021-08-23 10:58:59.836 [restartedMain] WARN  org.mybatis.spring.mapper.ClassPathMapperScanner - Skipping MapperFactoryBean with name 'tbClassMapper' and 'com.scy.running.mapper.TbClassMapper' mapperInterface. Bean already defined with the same name!
2021-08-23 10:58:59.836 [restartedMain] WARN  org.mybatis.spring.mapper.ClassPathMapperScanner - Skipping MapperFactoryBean with name 'tbCollegeMapper' and 'com.scy.running.mapper.TbCollegeMapper' mapperInterface. Bean already defined with the same name!
2021-08-23 10:58:59.836 [restartedMain] WARN  org.mybatis.spring.mapper.ClassPathMapperScanner - Skipping MapperFactoryBean with name 'tbPermissionMapper' and 'com.scy.running.mapper.TbPermissionMapper' mapperInterface. Bean already defined with the same name!
2021-08-23 10:58:59.836 [restartedMain] WARN  org.mybatis.spring.mapper.ClassPathMapperScanner - Skipping MapperFactoryBean with name 'tbPunchClockMapper' and 'com.scy.running.mapper.TbPunchClockMapper' mapperInterface. Bean already defined with the same name!
2021-08-23 10:58:59.836 [restartedMain] WARN  org.mybatis.spring.mapper.ClassPathMapperScanner - Skipping MapperFactoryBean with name 'tbRoleMapper' and 'com.scy.running.mapper.TbRoleMapper' mapperInterface. Bean already defined with the same name!
2021-08-23 10:58:59.836 [restartedMain] WARN  org.mybatis.spring.mapper.ClassPathMapperScanner - Skipping MapperFactoryBean with name 'tbTaskMapper' and 'com.scy.running.mapper.TbTaskMapper' mapperInterface. Bean already defined with the same name!
2021-08-23 10:58:59.836 [restartedMain] WARN  org.mybatis.spring.mapper.ClassPathMapperScanner - Skipping MapperFactoryBean with name 'tbUserMapper' and 'com.scy.running.mapper.TbUserMapper' mapperInterface. Bean already defined with the same name!
2021-08-23 10:58:59.837 [restartedMain] WARN  org.mybatis.spring.mapper.ClassPathMapperScanner - No MyBatis mapper was found in '[com.scy.running.mapper]' package. Please check your configuration.
2021-08-23 11:01:26.517 [restartedMain] WARN  o.s.boot.context.config.ConfigDataEnvironment - Property 'spring.profiles' imported from location 'class path resource [application.yml]' is invalid and should be replaced with 'spring.config.activate.on-profile' [origin: class path resource [application.yml] - 49:13]
2021-08-23 11:01:27.118 [restartedMain] WARN  org.mybatis.spring.mapper.ClassPathMapperScanner - Skipping MapperFactoryBean with name 'tbClassMapper' and 'com.scy.running.mapper.TbClassMapper' mapperInterface. Bean already defined with the same name!
2021-08-23 11:01:27.118 [restartedMain] WARN  org.mybatis.spring.mapper.ClassPathMapperScanner - Skipping MapperFactoryBean with name 'tbCollegeMapper' and 'com.scy.running.mapper.TbCollegeMapper' mapperInterface. Bean already defined with the same name!
2021-08-23 11:01:27.118 [restartedMain] WARN  org.mybatis.spring.mapper.ClassPathMapperScanner - Skipping MapperFactoryBean with name 'tbPermissionMapper' and 'com.scy.running.mapper.TbPermissionMapper' mapperInterface. Bean already defined with the same name!
2021-08-23 11:01:27.119 [restartedMain] WARN  org.mybatis.spring.mapper.ClassPathMapperScanner - Skipping MapperFactoryBean with name 'tbPunchClockMapper' and 'com.scy.running.mapper.TbPunchClockMapper' mapperInterface. Bean already defined with the same name!
2021-08-23 11:01:27.119 [restartedMain] WARN  org.mybatis.spring.mapper.ClassPathMapperScanner - Skipping MapperFactoryBean with name 'tbRoleMapper' and 'com.scy.running.mapper.TbRoleMapper' mapperInterface. Bean already defined with the same name!
2021-08-23 11:01:27.119 [restartedMain] WARN  org.mybatis.spring.mapper.ClassPathMapperScanner - Skipping MapperFactoryBean with name 'tbTaskMapper' and 'com.scy.running.mapper.TbTaskMapper' mapperInterface. Bean already defined with the same name!
2021-08-23 11:01:27.119 [restartedMain] WARN  org.mybatis.spring.mapper.ClassPathMapperScanner - Skipping MapperFactoryBean with name 'tbUserMapper' and 'com.scy.running.mapper.TbUserMapper' mapperInterface. Bean already defined with the same name!
2021-08-23 11:01:27.119 [restartedMain] WARN  org.mybatis.spring.mapper.ClassPathMapperScanner - No MyBatis mapper was found in '[com.scy.running.mapper]' package. Please check your configuration.
2021-08-23 11:06:52.091 [restartedMain] WARN  o.s.boot.context.config.ConfigDataEnvironment - Property 'spring.profiles' imported from location 'class path resource [application.yml]' is invalid and should be replaced with 'spring.config.activate.on-profile' [origin: class path resource [application.yml] - 49:13]
2021-08-23 11:06:52.697 [restartedMain] WARN  org.mybatis.spring.mapper.ClassPathMapperScanner - Skipping MapperFactoryBean with name 'tbClassMapper' and 'com.scy.running.mapper.TbClassMapper' mapperInterface. Bean already defined with the same name!
2021-08-23 11:06:52.697 [restartedMain] WARN  org.mybatis.spring.mapper.ClassPathMapperScanner - Skipping MapperFactoryBean with name 'tbCollegeMapper' and 'com.scy.running.mapper.TbCollegeMapper' mapperInterface. Bean already defined with the same name!
2021-08-23 11:06:52.697 [restartedMain] WARN  org.mybatis.spring.mapper.ClassPathMapperScanner - Skipping MapperFactoryBean with name 'tbPermissionMapper' and 'com.scy.running.mapper.TbPermissionMapper' mapperInterface. Bean already defined with the same name!
2021-08-23 11:06:52.697 [restartedMain] WARN  org.mybatis.spring.mapper.ClassPathMapperScanner - Skipping MapperFactoryBean with name 'tbPunchClockMapper' and 'com.scy.running.mapper.TbPunchClockMapper' mapperInterface. Bean already defined with the same name!
2021-08-23 11:06:52.697 [restartedMain] WARN  org.mybatis.spring.mapper.ClassPathMapperScanner - Skipping MapperFactoryBean with name 'tbRoleMapper' and 'com.scy.running.mapper.TbRoleMapper' mapperInterface. Bean already defined with the same name!
2021-08-23 11:06:52.697 [restartedMain] WARN  org.mybatis.spring.mapper.ClassPathMapperScanner - Skipping MapperFactoryBean with name 'tbTaskMapper' and 'com.scy.running.mapper.TbTaskMapper' mapperInterface. Bean already defined with the same name!
2021-08-23 11:06:52.697 [restartedMain] WARN  org.mybatis.spring.mapper.ClassPathMapperScanner - Skipping MapperFactoryBean with name 'tbUserMapper' and 'com.scy.running.mapper.TbUserMapper' mapperInterface. Bean already defined with the same name!
2021-08-23 11:06:52.698 [restartedMain] WARN  org.mybatis.spring.mapper.ClassPathMapperScanner - No MyBatis mapper was found in '[com.scy.running.mapper]' package. Please check your configuration.
2021-08-23 11:10:23.415 [restartedMain] WARN  o.s.boot.context.config.ConfigDataEnvironment - Property 'spring.profiles' imported from location 'class path resource [application.yml]' is invalid and should be replaced with 'spring.config.activate.on-profile' [origin: class path resource [application.yml] - 49:13]
2021-08-23 11:10:24.020 [restartedMain] WARN  org.mybatis.spring.mapper.ClassPathMapperScanner - Skipping MapperFactoryBean with name 'tbClassMapper' and 'com.scy.running.mapper.TbClassMapper' mapperInterface. Bean already defined with the same name!
2021-08-23 11:10:24.020 [restartedMain] WARN  org.mybatis.spring.mapper.ClassPathMapperScanner - Skipping MapperFactoryBean with name 'tbCollegeMapper' and 'com.scy.running.mapper.TbCollegeMapper' mapperInterface. Bean already defined with the same name!
2021-08-23 11:10:24.020 [restartedMain] WARN  org.mybatis.spring.mapper.ClassPathMapperScanner - Skipping MapperFactoryBean with name 'tbPermissionMapper' and 'com.scy.running.mapper.TbPermissionMapper' mapperInterface. Bean already defined with the same name!
2021-08-23 11:10:24.020 [restartedMain] WARN  org.mybatis.spring.mapper.ClassPathMapperScanner - Skipping MapperFactoryBean with name 'tbPunchClockMapper' and 'com.scy.running.mapper.TbPunchClockMapper' mapperInterface. Bean already defined with the same name!
2021-08-23 11:10:24.021 [restartedMain] WARN  org.mybatis.spring.mapper.ClassPathMapperScanner - Skipping MapperFactoryBean with name 'tbRoleMapper' and 'com.scy.running.mapper.TbRoleMapper' mapperInterface. Bean already defined with the same name!
2021-08-23 11:10:24.021 [restartedMain] WARN  org.mybatis.spring.mapper.ClassPathMapperScanner - Skipping MapperFactoryBean with name 'tbTaskMapper' and 'com.scy.running.mapper.TbTaskMapper' mapperInterface. Bean already defined with the same name!
2021-08-23 11:10:24.021 [restartedMain] WARN  org.mybatis.spring.mapper.ClassPathMapperScanner - Skipping MapperFactoryBean with name 'tbUserMapper' and 'com.scy.running.mapper.TbUserMapper' mapperInterface. Bean already defined with the same name!
2021-08-23 11:10:24.021 [restartedMain] WARN  org.mybatis.spring.mapper.ClassPathMapperScanner - No MyBatis mapper was found in '[com.scy.running.mapper]' package. Please check your configuration.
2021-08-23 11:12:21.941 [restartedMain] WARN  o.s.boot.context.config.ConfigDataEnvironment - Property 'spring.profiles' imported from location 'class path resource [application.yml]' is invalid and should be replaced with 'spring.config.activate.on-profile' [origin: class path resource [application.yml] - 49:13]
2021-08-23 11:12:22.466 [restartedMain] WARN  org.mybatis.spring.mapper.ClassPathMapperScanner - Skipping MapperFactoryBean with name 'tbClassMapper' and 'com.scy.running.mapper.TbClassMapper' mapperInterface. Bean already defined with the same name!
2021-08-23 11:12:22.466 [restartedMain] WARN  org.mybatis.spring.mapper.ClassPathMapperScanner - Skipping MapperFactoryBean with name 'tbCollegeMapper' and 'com.scy.running.mapper.TbCollegeMapper' mapperInterface. Bean already defined with the same name!
2021-08-23 11:12:22.466 [restartedMain] WARN  org.mybatis.spring.mapper.ClassPathMapperScanner - Skipping MapperFactoryBean with name 'tbPermissionMapper' and 'com.scy.running.mapper.TbPermissionMapper' mapperInterface. Bean already defined with the same name!
2021-08-23 11:12:22.466 [restartedMain] WARN  org.mybatis.spring.mapper.ClassPathMapperScanner - Skipping MapperFactoryBean with name 'tbPunchClockMapper' and 'com.scy.running.mapper.TbPunchClockMapper' mapperInterface. Bean already defined with the same name!
2021-08-23 11:12:22.466 [restartedMain] WARN  org.mybatis.spring.mapper.ClassPathMapperScanner - Skipping MapperFactoryBean with name 'tbRoleMapper' and 'com.scy.running.mapper.TbRoleMapper' mapperInterface. Bean already defined with the same name!
2021-08-23 11:12:22.466 [restartedMain] WARN  org.mybatis.spring.mapper.ClassPathMapperScanner - Skipping MapperFactoryBean with name 'tbTaskMapper' and 'com.scy.running.mapper.TbTaskMapper' mapperInterface. Bean already defined with the same name!
2021-08-23 11:12:22.466 [restartedMain] WARN  org.mybatis.spring.mapper.ClassPathMapperScanner - Skipping MapperFactoryBean with name 'tbUserMapper' and 'com.scy.running.mapper.TbUserMapper' mapperInterface. Bean already defined with the same name!
2021-08-23 11:12:22.466 [restartedMain] WARN  org.mybatis.spring.mapper.ClassPathMapperScanner - No MyBatis mapper was found in '[com.scy.running.mapper]' package. Please check your configuration.
2021-08-23 11:14:45.842 [restartedMain] WARN  o.s.boot.context.config.ConfigDataEnvironment - Property 'spring.profiles' imported from location 'class path resource [application.yml]' is invalid and should be replaced with 'spring.config.activate.on-profile' [origin: class path resource [application.yml] - 49:13]
2021-08-23 11:14:46.357 [restartedMain] WARN  org.mybatis.spring.mapper.ClassPathMapperScanner - Skipping MapperFactoryBean with name 'tbClassMapper' and 'com.scy.running.mapper.TbClassMapper' mapperInterface. Bean already defined with the same name!
2021-08-23 11:14:46.358 [restartedMain] WARN  org.mybatis.spring.mapper.ClassPathMapperScanner - Skipping MapperFactoryBean with name 'tbCollegeMapper' and 'com.scy.running.mapper.TbCollegeMapper' mapperInterface. Bean already defined with the same name!
2021-08-23 11:14:46.358 [restartedMain] WARN  org.mybatis.spring.mapper.ClassPathMapperScanner - Skipping MapperFactoryBean with name 'tbPermissionMapper' and 'com.scy.running.mapper.TbPermissionMapper' mapperInterface. Bean already defined with the same name!
2021-08-23 11:14:46.358 [restartedMain] WARN  org.mybatis.spring.mapper.ClassPathMapperScanner - Skipping MapperFactoryBean with name 'tbPunchClockMapper' and 'com.scy.running.mapper.TbPunchClockMapper' mapperInterface. Bean already defined with the same name!
2021-08-23 11:14:46.358 [restartedMain] WARN  org.mybatis.spring.mapper.ClassPathMapperScanner - Skipping MapperFactoryBean with name 'tbRoleMapper' and 'com.scy.running.mapper.TbRoleMapper' mapperInterface. Bean already defined with the same name!
2021-08-23 11:14:46.358 [restartedMain] WARN  org.mybatis.spring.mapper.ClassPathMapperScanner - Skipping MapperFactoryBean with name 'tbTaskMapper' and 'com.scy.running.mapper.TbTaskMapper' mapperInterface. Bean already defined with the same name!
2021-08-23 11:14:46.358 [restartedMain] WARN  org.mybatis.spring.mapper.ClassPathMapperScanner - Skipping MapperFactoryBean with name 'tbUserMapper' and 'com.scy.running.mapper.TbUserMapper' mapperInterface. Bean already defined with the same name!
2021-08-23 11:14:46.358 [restartedMain] WARN  org.mybatis.spring.mapper.ClassPathMapperScanner - No MyBatis mapper was found in '[com.scy.running.mapper]' package. Please check your configuration.
2021-08-23 11:23:50.694 [restartedMain] WARN  o.s.boot.context.config.ConfigDataEnvironment - Property 'spring.profiles' imported from location 'class path resource [application.yml]' is invalid and should be replaced with 'spring.config.activate.on-profile' [origin: class path resource [application.yml] - 49:13]
2021-08-23 11:23:51.218 [restartedMain] WARN  org.mybatis.spring.mapper.ClassPathMapperScanner - Skipping MapperFactoryBean with name 'tbClassMapper' and 'com.scy.running.mapper.TbClassMapper' mapperInterface. Bean already defined with the same name!
2021-08-23 11:23:51.219 [restartedMain] WARN  org.mybatis.spring.mapper.ClassPathMapperScanner - Skipping MapperFactoryBean with name 'tbCollegeMapper' and 'com.scy.running.mapper.TbCollegeMapper' mapperInterface. Bean already defined with the same name!
2021-08-23 11:23:51.219 [restartedMain] WARN  org.mybatis.spring.mapper.ClassPathMapperScanner - Skipping MapperFactoryBean with name 'tbPermissionMapper' and 'com.scy.running.mapper.TbPermissionMapper' mapperInterface. Bean already defined with the same name!
2021-08-23 11:23:51.219 [restartedMain] WARN  org.mybatis.spring.mapper.ClassPathMapperScanner - Skipping MapperFactoryBean with name 'tbPunchClockMapper' and 'com.scy.running.mapper.TbPunchClockMapper' mapperInterface. Bean already defined with the same name!
2021-08-23 11:23:51.219 [restartedMain] WARN  org.mybatis.spring.mapper.ClassPathMapperScanner - Skipping MapperFactoryBean with name 'tbRoleMapper' and 'com.scy.running.mapper.TbRoleMapper' mapperInterface. Bean already defined with the same name!
2021-08-23 11:23:51.219 [restartedMain] WARN  org.mybatis.spring.mapper.ClassPathMapperScanner - Skipping MapperFactoryBean with name 'tbTaskMapper' and 'com.scy.running.mapper.TbTaskMapper' mapperInterface. Bean already defined with the same name!
2021-08-23 11:23:51.219 [restartedMain] WARN  org.mybatis.spring.mapper.ClassPathMapperScanner - Skipping MapperFactoryBean with name 'tbUserMapper' and 'com.scy.running.mapper.TbUserMapper' mapperInterface. Bean already defined with the same name!
2021-08-23 11:23:51.219 [restartedMain] WARN  org.mybatis.spring.mapper.ClassPathMapperScanner - No MyBatis mapper was found in '[com.scy.running.mapper]' package. Please check your configuration.
2021-08-23 11:43:06.305 [restartedMain] WARN  o.s.boot.context.config.ConfigDataEnvironment - Property 'spring.profiles' imported from location 'class path resource [application.yml]' is invalid and should be replaced with 'spring.config.activate.on-profile' [origin: class path resource [application.yml] - 49:13]
2021-08-23 11:43:06.845 [restartedMain] WARN  org.mybatis.spring.mapper.ClassPathMapperScanner - Skipping MapperFactoryBean with name 'tbClassMapper' and 'com.scy.running.mapper.TbClassMapper' mapperInterface. Bean already defined with the same name!
2021-08-23 11:43:06.845 [restartedMain] WARN  org.mybatis.spring.mapper.ClassPathMapperScanner - Skipping MapperFactoryBean with name 'tbCollegeMapper' and 'com.scy.running.mapper.TbCollegeMapper' mapperInterface. Bean already defined with the same name!
2021-08-23 11:43:06.845 [restartedMain] WARN  org.mybatis.spring.mapper.ClassPathMapperScanner - Skipping MapperFactoryBean with name 'tbPermissionMapper' and 'com.scy.running.mapper.TbPermissionMapper' mapperInterface. Bean already defined with the same name!
2021-08-23 11:43:06.845 [restartedMain] WARN  org.mybatis.spring.mapper.ClassPathMapperScanner - Skipping MapperFactoryBean with name 'tbPunchClockMapper' and 'com.scy.running.mapper.TbPunchClockMapper' mapperInterface. Bean already defined with the same name!
2021-08-23 11:43:06.845 [restartedMain] WARN  org.mybatis.spring.mapper.ClassPathMapperScanner - Skipping MapperFactoryBean with name 'tbRoleMapper' and 'com.scy.running.mapper.TbRoleMapper' mapperInterface. Bean already defined with the same name!
2021-08-23 11:43:06.845 [restartedMain] WARN  org.mybatis.spring.mapper.ClassPathMapperScanner - Skipping MapperFactoryBean with name 'tbTaskMapper' and 'com.scy.running.mapper.TbTaskMapper' mapperInterface. Bean already defined with the same name!
2021-08-23 11:43:06.845 [restartedMain] WARN  org.mybatis.spring.mapper.ClassPathMapperScanner - Skipping MapperFactoryBean with name 'tbUserMapper' and 'com.scy.running.mapper.TbUserMapper' mapperInterface. Bean already defined with the same name!
2021-08-23 11:43:06.845 [restartedMain] WARN  org.mybatis.spring.mapper.ClassPathMapperScanner - No MyBatis mapper was found in '[com.scy.running.mapper]' package. Please check your configuration.
2021-08-23 11:45:17.463 [restartedMain] WARN  o.s.boot.context.config.ConfigDataEnvironment - Property 'spring.profiles' imported from location 'class path resource [application.yml]' is invalid and should be replaced with 'spring.config.activate.on-profile' [origin: class path resource [application.yml] - 49:13]
2021-08-23 11:45:18.066 [restartedMain] WARN  org.mybatis.spring.mapper.ClassPathMapperScanner - Skipping MapperFactoryBean with name 'tbClassMapper' and 'com.scy.running.mapper.TbClassMapper' mapperInterface. Bean already defined with the same name!
2021-08-23 11:45:18.067 [restartedMain] WARN  org.mybatis.spring.mapper.ClassPathMapperScanner - Skipping MapperFactoryBean with name 'tbCollegeMapper' and 'com.scy.running.mapper.TbCollegeMapper' mapperInterface. Bean already defined with the same name!
2021-08-23 11:45:18.067 [restartedMain] WARN  org.mybatis.spring.mapper.ClassPathMapperScanner - Skipping MapperFactoryBean with name 'tbPermissionMapper' and 'com.scy.running.mapper.TbPermissionMapper' mapperInterface. Bean already defined with the same name!
2021-08-23 11:45:18.067 [restartedMain] WARN  org.mybatis.spring.mapper.ClassPathMapperScanner - Skipping MapperFactoryBean with name 'tbPunchClockMapper' and 'com.scy.running.mapper.TbPunchClockMapper' mapperInterface. Bean already defined with the same name!
2021-08-23 11:45:18.067 [restartedMain] WARN  org.mybatis.spring.mapper.ClassPathMapperScanner - Skipping MapperFactoryBean with name 'tbRoleMapper' and 'com.scy.running.mapper.TbRoleMapper' mapperInterface. Bean already defined with the same name!
2021-08-23 11:45:18.067 [restartedMain] WARN  org.mybatis.spring.mapper.ClassPathMapperScanner - Skipping MapperFactoryBean with name 'tbTaskMapper' and 'com.scy.running.mapper.TbTaskMapper' mapperInterface. Bean already defined with the same name!
2021-08-23 11:45:18.067 [restartedMain] WARN  org.mybatis.spring.mapper.ClassPathMapperScanner - Skipping MapperFactoryBean with name 'tbUserMapper' and 'com.scy.running.mapper.TbUserMapper' mapperInterface. Bean already defined with the same name!
2021-08-23 11:45:18.067 [restartedMain] WARN  org.mybatis.spring.mapper.ClassPathMapperScanner - No MyBatis mapper was found in '[com.scy.running.mapper]' package. Please check your configuration.
2021-08-23 11:46:30.492 [restartedMain] WARN  o.s.boot.context.config.ConfigDataEnvironment - Property 'spring.profiles' imported from location 'class path resource [application.yml]' is invalid and should be replaced with 'spring.config.activate.on-profile' [origin: class path resource [application.yml] - 49:13]
2021-08-23 11:46:31.142 [restartedMain] WARN  org.mybatis.spring.mapper.ClassPathMapperScanner - Skipping MapperFactoryBean with name 'tbClassMapper' and 'com.scy.running.mapper.TbClassMapper' mapperInterface. Bean already defined with the same name!
2021-08-23 11:46:31.142 [restartedMain] WARN  org.mybatis.spring.mapper.ClassPathMapperScanner - Skipping MapperFactoryBean with name 'tbCollegeMapper' and 'com.scy.running.mapper.TbCollegeMapper' mapperInterface. Bean already defined with the same name!
2021-08-23 11:46:31.142 [restartedMain] WARN  org.mybatis.spring.mapper.ClassPathMapperScanner - Skipping MapperFactoryBean with name 'tbPermissionMapper' and 'com.scy.running.mapper.TbPermissionMapper' mapperInterface. Bean already defined with the same name!
2021-08-23 11:46:31.143 [restartedMain] WARN  org.mybatis.spring.mapper.ClassPathMapperScanner - Skipping MapperFactoryBean with name 'tbPunchClockMapper' and 'com.scy.running.mapper.TbPunchClockMapper' mapperInterface. Bean already defined with the same name!
2021-08-23 11:46:31.143 [restartedMain] WARN  org.mybatis.spring.mapper.ClassPathMapperScanner - Skipping MapperFactoryBean with name 'tbRoleMapper' and 'com.scy.running.mapper.TbRoleMapper' mapperInterface. Bean already defined with the same name!
2021-08-23 11:46:31.143 [restartedMain] WARN  org.mybatis.spring.mapper.ClassPathMapperScanner - Skipping MapperFactoryBean with name 'tbTaskMapper' and 'com.scy.running.mapper.TbTaskMapper' mapperInterface. Bean already defined with the same name!
2021-08-23 11:46:31.143 [restartedMain] WARN  org.mybatis.spring.mapper.ClassPathMapperScanner - Skipping MapperFactoryBean with name 'tbUserMapper' and 'com.scy.running.mapper.TbUserMapper' mapperInterface. Bean already defined with the same name!
2021-08-23 11:46:31.143 [restartedMain] WARN  org.mybatis.spring.mapper.ClassPathMapperScanner - No MyBatis mapper was found in '[com.scy.running.mapper]' package. Please check your configuration.
2021-08-23 11:48:06.929 [restartedMain] WARN  o.s.boot.context.config.ConfigDataEnvironment - Property 'spring.profiles' imported from location 'class path resource [application.yml]' is invalid and should be replaced with 'spring.config.activate.on-profile' [origin: class path resource [application.yml] - 49:13]
2021-08-23 11:48:07.558 [restartedMain] WARN  org.mybatis.spring.mapper.ClassPathMapperScanner - Skipping MapperFactoryBean with name 'tbClassMapper' and 'com.scy.running.mapper.TbClassMapper' mapperInterface. Bean already defined with the same name!
2021-08-23 11:48:07.558 [restartedMain] WARN  org.mybatis.spring.mapper.ClassPathMapperScanner - Skipping MapperFactoryBean with name 'tbCollegeMapper' and 'com.scy.running.mapper.TbCollegeMapper' mapperInterface. Bean already defined with the same name!
2021-08-23 11:48:07.558 [restartedMain] WARN  org.mybatis.spring.mapper.ClassPathMapperScanner - Skipping MapperFactoryBean with name 'tbPermissionMapper' and 'com.scy.running.mapper.TbPermissionMapper' mapperInterface. Bean already defined with the same name!
2021-08-23 11:48:07.558 [restartedMain] WARN  org.mybatis.spring.mapper.ClassPathMapperScanner - Skipping MapperFactoryBean with name 'tbPunchClockMapper' and 'com.scy.running.mapper.TbPunchClockMapper' mapperInterface. Bean already defined with the same name!
2021-08-23 11:48:07.558 [restartedMain] WARN  org.mybatis.spring.mapper.ClassPathMapperScanner - Skipping MapperFactoryBean with name 'tbRoleMapper' and 'com.scy.running.mapper.TbRoleMapper' mapperInterface. Bean already defined with the same name!
2021-08-23 11:48:07.558 [restartedMain] WARN  org.mybatis.spring.mapper.ClassPathMapperScanner - Skipping MapperFactoryBean with name 'tbTaskMapper' and 'com.scy.running.mapper.TbTaskMapper' mapperInterface. Bean already defined with the same name!
2021-08-23 11:48:07.558 [restartedMain] WARN  org.mybatis.spring.mapper.ClassPathMapperScanner - Skipping MapperFactoryBean with name 'tbUserMapper' and 'com.scy.running.mapper.TbUserMapper' mapperInterface. Bean already defined with the same name!
2021-08-23 11:48:07.558 [restartedMain] WARN  org.mybatis.spring.mapper.ClassPathMapperScanner - No MyBatis mapper was found in '[com.scy.running.mapper]' package. Please check your configuration.
2021-08-23 11:49:43.642 [HikariPool-1 housekeeper] WARN  com.zaxxer.hikari.pool.HikariPool - HikariPool-1 - Thread starvation or clock leap detected (housekeeper delta=1m58s594ms754µs400ns).
2021-08-23 14:44:13.195 [restartedMain] WARN  o.s.boot.context.config.ConfigDataEnvironment - Property 'spring.profiles' imported from location 'class path resource [application.yml]' is invalid and should be replaced with 'spring.config.activate.on-profile' [origin: class path resource [application.yml] - 49:13]
2021-08-23 14:44:13.821 [restartedMain] WARN  org.mybatis.spring.mapper.ClassPathMapperScanner - Skipping MapperFactoryBean with name 'tbClassMapper' and 'com.scy.running.mapper.TbClassMapper' mapperInterface. Bean already defined with the same name!
2021-08-23 14:44:13.821 [restartedMain] WARN  org.mybatis.spring.mapper.ClassPathMapperScanner - Skipping MapperFactoryBean with name 'tbCollegeMapper' and 'com.scy.running.mapper.TbCollegeMapper' mapperInterface. Bean already defined with the same name!
2021-08-23 14:44:13.821 [restartedMain] WARN  org.mybatis.spring.mapper.ClassPathMapperScanner - Skipping MapperFactoryBean with name 'tbPermissionMapper' and 'com.scy.running.mapper.TbPermissionMapper' mapperInterface. Bean already defined with the same name!
2021-08-23 14:44:13.821 [restartedMain] WARN  org.mybatis.spring.mapper.ClassPathMapperScanner - Skipping MapperFactoryBean with name 'tbPunchClockMapper' and 'com.scy.running.mapper.TbPunchClockMapper' mapperInterface. Bean already defined with the same name!
2021-08-23 14:44:13.821 [restartedMain] WARN  org.mybatis.spring.mapper.ClassPathMapperScanner - Skipping MapperFactoryBean with name 'tbRoleMapper' and 'com.scy.running.mapper.TbRoleMapper' mapperInterface. Bean already defined with the same name!
2021-08-23 14:44:13.821 [restartedMain] WARN  org.mybatis.spring.mapper.ClassPathMapperScanner - Skipping MapperFactoryBean with name 'tbTaskMapper' and 'com.scy.running.mapper.TbTaskMapper' mapperInterface. Bean already defined with the same name!
2021-08-23 14:44:13.821 [restartedMain] WARN  org.mybatis.spring.mapper.ClassPathMapperScanner - Skipping MapperFactoryBean with name 'tbUserMapper' and 'com.scy.running.mapper.TbUserMapper' mapperInterface. Bean already defined with the same name!
2021-08-23 14:44:13.822 [restartedMain] WARN  org.mybatis.spring.mapper.ClassPathMapperScanner - No MyBatis mapper was found in '[com.scy.running.mapper]' package. Please check your configuration.
2021-08-23 14:44:19.238 [restartedMain] WARN  o.s.boot.context.config.ConfigDataEnvironment - Property 'spring.profiles' imported from location 'class path resource [application.yml]' is invalid and should be replaced with 'spring.config.activate.on-profile' [origin: class path resource [application.yml] - 49:13]
2021-08-23 14:44:19.781 [restartedMain] WARN  org.mybatis.spring.mapper.ClassPathMapperScanner - Skipping MapperFactoryBean with name 'tbClassMapper' and 'com.scy.running.mapper.TbClassMapper' mapperInterface. Bean already defined with the same name!
2021-08-23 14:44:19.781 [restartedMain] WARN  org.mybatis.spring.mapper.ClassPathMapperScanner - Skipping MapperFactoryBean with name 'tbCollegeMapper' and 'com.scy.running.mapper.TbCollegeMapper' mapperInterface. Bean already defined with the same name!
2021-08-23 14:44:19.781 [restartedMain] WARN  org.mybatis.spring.mapper.ClassPathMapperScanner - Skipping MapperFactoryBean with name 'tbPermissionMapper' and 'com.scy.running.mapper.TbPermissionMapper' mapperInterface. Bean already defined with the same name!
2021-08-23 14:44:19.781 [restartedMain] WARN  org.mybatis.spring.mapper.ClassPathMapperScanner - Skipping MapperFactoryBean with name 'tbPunchClockMapper' and 'com.scy.running.mapper.TbPunchClockMapper' mapperInterface. Bean already defined with the same name!
2021-08-23 14:44:19.781 [restartedMain] WARN  org.mybatis.spring.mapper.ClassPathMapperScanner - Skipping MapperFactoryBean with name 'tbRoleMapper' and 'com.scy.running.mapper.TbRoleMapper' mapperInterface. Bean already defined with the same name!
2021-08-23 14:44:19.781 [restartedMain] WARN  org.mybatis.spring.mapper.ClassPathMapperScanner - Skipping MapperFactoryBean with name 'tbTaskMapper' and 'com.scy.running.mapper.TbTaskMapper' mapperInterface. Bean already defined with the same name!
2021-08-23 14:44:19.782 [restartedMain] WARN  org.mybatis.spring.mapper.ClassPathMapperScanner - Skipping MapperFactoryBean with name 'tbUserMapper' and 'com.scy.running.mapper.TbUserMapper' mapperInterface. Bean already defined with the same name!
2021-08-23 14:44:19.782 [restartedMain] WARN  org.mybatis.spring.mapper.ClassPathMapperScanner - No MyBatis mapper was found in '[com.scy.running.mapper]' package. Please check your configuration.
2021-08-23 14:47:44.925 [restartedMain] WARN  o.s.boot.context.config.ConfigDataEnvironment - Property 'spring.profiles' imported from location 'class path resource [application.yml]' is invalid and should be replaced with 'spring.config.activate.on-profile' [origin: class path resource [application.yml] - 49:13]
2021-08-23 14:47:45.494 [restartedMain] WARN  org.mybatis.spring.mapper.ClassPathMapperScanner - Skipping MapperFactoryBean with name 'tbClassMapper' and 'com.scy.running.mapper.TbClassMapper' mapperInterface. Bean already defined with the same name!
2021-08-23 14:47:45.495 [restartedMain] WARN  org.mybatis.spring.mapper.ClassPathMapperScanner - Skipping MapperFactoryBean with name 'tbCollegeMapper' and 'com.scy.running.mapper.TbCollegeMapper' mapperInterface. Bean already defined with the same name!
2021-08-23 14:47:45.495 [restartedMain] WARN  org.mybatis.spring.mapper.ClassPathMapperScanner - Skipping MapperFactoryBean with name 'tbPermissionMapper' and 'com.scy.running.mapper.TbPermissionMapper' mapperInterface. Bean already defined with the same name!
2021-08-23 14:47:45.495 [restartedMain] WARN  org.mybatis.spring.mapper.ClassPathMapperScanner - Skipping MapperFactoryBean with name 'tbPunchClockMapper' and 'com.scy.running.mapper.TbPunchClockMapper' mapperInterface. Bean already defined with the same name!
2021-08-23 14:47:45.495 [restartedMain] WARN  org.mybatis.spring.mapper.ClassPathMapperScanner - Skipping MapperFactoryBean with name 'tbRoleMapper' and 'com.scy.running.mapper.TbRoleMapper' mapperInterface. Bean already defined with the same name!
2021-08-23 14:47:45.495 [restartedMain] WARN  org.mybatis.spring.mapper.ClassPathMapperScanner - Skipping MapperFactoryBean with name 'tbTaskMapper' and 'com.scy.running.mapper.TbTaskMapper' mapperInterface. Bean already defined with the same name!
2021-08-23 14:47:45.495 [restartedMain] WARN  org.mybatis.spring.mapper.ClassPathMapperScanner - Skipping MapperFactoryBean with name 'tbUserMapper' and 'com.scy.running.mapper.TbUserMapper' mapperInterface. Bean already defined with the same name!
2021-08-23 14:47:45.495 [restartedMain] WARN  org.mybatis.spring.mapper.ClassPathMapperScanner - No MyBatis mapper was found in '[com.scy.running.mapper]' package. Please check your configuration.
2021-08-23 14:54:54.028 [restartedMain] WARN  o.s.boot.context.config.ConfigDataEnvironment - Property 'spring.profiles' imported from location 'class path resource [application.yml]' is invalid and should be replaced with 'spring.config.activate.on-profile' [origin: class path resource [application.yml] - 49:13]
2021-08-23 14:54:54.594 [restartedMain] WARN  org.mybatis.spring.mapper.ClassPathMapperScanner - Skipping MapperFactoryBean with name 'tbClassMapper' and 'com.scy.running.mapper.TbClassMapper' mapperInterface. Bean already defined with the same name!
2021-08-23 14:54:54.594 [restartedMain] WARN  org.mybatis.spring.mapper.ClassPathMapperScanner - Skipping MapperFactoryBean with name 'tbCollegeMapper' and 'com.scy.running.mapper.TbCollegeMapper' mapperInterface. Bean already defined with the same name!
2021-08-23 14:54:54.594 [restartedMain] WARN  org.mybatis.spring.mapper.ClassPathMapperScanner - Skipping MapperFactoryBean with name 'tbPermissionMapper' and 'com.scy.running.mapper.TbPermissionMapper' mapperInterface. Bean already defined with the same name!
2021-08-23 14:54:54.594 [restartedMain] WARN  org.mybatis.spring.mapper.ClassPathMapperScanner - Skipping MapperFactoryBean with name 'tbPunchClockMapper' and 'com.scy.running.mapper.TbPunchClockMapper' mapperInterface. Bean already defined with the same name!
2021-08-23 14:54:54.594 [restartedMain] WARN  org.mybatis.spring.mapper.ClassPathMapperScanner - Skipping MapperFactoryBean with name 'tbRoleMapper' and 'com.scy.running.mapper.TbRoleMapper' mapperInterface. Bean already defined with the same name!
2021-08-23 14:54:54.594 [restartedMain] WARN  org.mybatis.spring.mapper.ClassPathMapperScanner - Skipping MapperFactoryBean with name 'tbTaskMapper' and 'com.scy.running.mapper.TbTaskMapper' mapperInterface. Bean already defined with the same name!
2021-08-23 14:54:54.594 [restartedMain] WARN  org.mybatis.spring.mapper.ClassPathMapperScanner - Skipping MapperFactoryBean with name 'tbUserMapper' and 'com.scy.running.mapper.TbUserMapper' mapperInterface. Bean already defined with the same name!
2021-08-23 14:54:54.595 [restartedMain] WARN  org.mybatis.spring.mapper.ClassPathMapperScanner - No MyBatis mapper was found in '[com.scy.running.mapper]' package. Please check your configuration.
2021-08-23 15:09:44.902 [restartedMain] WARN  o.s.boot.context.config.ConfigDataEnvironment - Property 'spring.profiles' imported from location 'class path resource [application.yml]' is invalid and should be replaced with 'spring.config.activate.on-profile' [origin: class path resource [application.yml] - 49:13]
2021-08-23 15:09:45.434 [restartedMain] WARN  org.mybatis.spring.mapper.ClassPathMapperScanner - Skipping MapperFactoryBean with name 'tbClassMapper' and 'com.scy.running.mapper.TbClassMapper' mapperInterface. Bean already defined with the same name!
2021-08-23 15:09:45.434 [restartedMain] WARN  org.mybatis.spring.mapper.ClassPathMapperScanner - Skipping MapperFactoryBean with name 'tbCollegeMapper' and 'com.scy.running.mapper.TbCollegeMapper' mapperInterface. Bean already defined with the same name!
2021-08-23 15:09:45.434 [restartedMain] WARN  org.mybatis.spring.mapper.ClassPathMapperScanner - Skipping MapperFactoryBean with name 'tbPermissionMapper' and 'com.scy.running.mapper.TbPermissionMapper' mapperInterface. Bean already defined with the same name!
2021-08-23 15:09:45.435 [restartedMain] WARN  org.mybatis.spring.mapper.ClassPathMapperScanner - Skipping MapperFactoryBean with name 'tbPunchClockMapper' and 'com.scy.running.mapper.TbPunchClockMapper' mapperInterface. Bean already defined with the same name!
2021-08-23 15:09:45.435 [restartedMain] WARN  org.mybatis.spring.mapper.ClassPathMapperScanner - Skipping MapperFactoryBean with name 'tbRoleMapper' and 'com.scy.running.mapper.TbRoleMapper' mapperInterface. Bean already defined with the same name!
2021-08-23 15:09:45.435 [restartedMain] WARN  org.mybatis.spring.mapper.ClassPathMapperScanner - Skipping MapperFactoryBean with name 'tbTaskMapper' and 'com.scy.running.mapper.TbTaskMapper' mapperInterface. Bean already defined with the same name!
2021-08-23 15:09:45.435 [restartedMain] WARN  org.mybatis.spring.mapper.ClassPathMapperScanner - Skipping MapperFactoryBean with name 'tbUserMapper' and 'com.scy.running.mapper.TbUserMapper' mapperInterface. Bean already defined with the same name!
2021-08-23 15:09:45.435 [restartedMain] WARN  org.mybatis.spring.mapper.ClassPathMapperScanner - No MyBatis mapper was found in '[com.scy.running.mapper]' package. Please check your configuration.
2021-08-23 15:12:05.151 [restartedMain] WARN  o.s.boot.context.config.ConfigDataEnvironment - Property 'spring.profiles' imported from location 'class path resource [application.yml]' is invalid and should be replaced with 'spring.config.activate.on-profile' [origin: class path resource [application.yml] - 49:13]
2021-08-23 15:12:05.763 [restartedMain] WARN  org.mybatis.spring.mapper.ClassPathMapperScanner - Skipping MapperFactoryBean with name 'tbClassMapper' and 'com.scy.running.mapper.TbClassMapper' mapperInterface. Bean already defined with the same name!
2021-08-23 15:12:05.763 [restartedMain] WARN  org.mybatis.spring.mapper.ClassPathMapperScanner - Skipping MapperFactoryBean with name 'tbCollegeMapper' and 'com.scy.running.mapper.TbCollegeMapper' mapperInterface. Bean already defined with the same name!
2021-08-23 15:12:05.764 [restartedMain] WARN  org.mybatis.spring.mapper.ClassPathMapperScanner - Skipping MapperFactoryBean with name 'tbPermissionMapper' and 'com.scy.running.mapper.TbPermissionMapper' mapperInterface. Bean already defined with the same name!
2021-08-23 15:12:05.764 [restartedMain] WARN  org.mybatis.spring.mapper.ClassPathMapperScanner - Skipping MapperFactoryBean with name 'tbPunchClockMapper' and 'com.scy.running.mapper.TbPunchClockMapper' mapperInterface. Bean already defined with the same name!
2021-08-23 15:12:05.764 [restartedMain] WARN  org.mybatis.spring.mapper.ClassPathMapperScanner - Skipping MapperFactoryBean with name 'tbRoleMapper' and 'com.scy.running.mapper.TbRoleMapper' mapperInterface. Bean already defined with the same name!
2021-08-23 15:12:05.764 [restartedMain] WARN  org.mybatis.spring.mapper.ClassPathMapperScanner - Skipping MapperFactoryBean with name 'tbTaskMapper' and 'com.scy.running.mapper.TbTaskMapper' mapperInterface. Bean already defined with the same name!
2021-08-23 15:12:05.764 [restartedMain] WARN  org.mybatis.spring.mapper.ClassPathMapperScanner - Skipping MapperFactoryBean with name 'tbUserMapper' and 'com.scy.running.mapper.TbUserMapper' mapperInterface. Bean already defined with the same name!
2021-08-23 15:12:05.764 [restartedMain] WARN  org.mybatis.spring.mapper.ClassPathMapperScanner - No MyBatis mapper was found in '[com.scy.running.mapper]' package. Please check your configuration.
2021-08-23 15:13:12.130 [restartedMain] WARN  o.s.boot.context.config.ConfigDataEnvironment - Property 'spring.profiles' imported from location 'class path resource [application.yml]' is invalid and should be replaced with 'spring.config.activate.on-profile' [origin: class path resource [application.yml] - 49:13]
2021-08-23 15:13:12.679 [restartedMain] WARN  org.mybatis.spring.mapper.ClassPathMapperScanner - Skipping MapperFactoryBean with name 'tbClassMapper' and 'com.scy.running.mapper.TbClassMapper' mapperInterface. Bean already defined with the same name!
2021-08-23 15:13:12.679 [restartedMain] WARN  org.mybatis.spring.mapper.ClassPathMapperScanner - Skipping MapperFactoryBean with name 'tbCollegeMapper' and 'com.scy.running.mapper.TbCollegeMapper' mapperInterface. Bean already defined with the same name!
2021-08-23 15:13:12.679 [restartedMain] WARN  org.mybatis.spring.mapper.ClassPathMapperScanner - Skipping MapperFactoryBean with name 'tbPermissionMapper' and 'com.scy.running.mapper.TbPermissionMapper' mapperInterface. Bean already defined with the same name!
2021-08-23 15:13:12.680 [restartedMain] WARN  org.mybatis.spring.mapper.ClassPathMapperScanner - Skipping MapperFactoryBean with name 'tbPunchClockMapper' and 'com.scy.running.mapper.TbPunchClockMapper' mapperInterface. Bean already defined with the same name!
2021-08-23 15:13:12.680 [restartedMain] WARN  org.mybatis.spring.mapper.ClassPathMapperScanner - Skipping MapperFactoryBean with name 'tbRoleMapper' and 'com.scy.running.mapper.TbRoleMapper' mapperInterface. Bean already defined with the same name!
2021-08-23 15:13:12.680 [restartedMain] WARN  org.mybatis.spring.mapper.ClassPathMapperScanner - Skipping MapperFactoryBean with name 'tbTaskMapper' and 'com.scy.running.mapper.TbTaskMapper' mapperInterface. Bean already defined with the same name!
2021-08-23 15:13:12.680 [restartedMain] WARN  org.mybatis.spring.mapper.ClassPathMapperScanner - Skipping MapperFactoryBean with name 'tbUserMapper' and 'com.scy.running.mapper.TbUserMapper' mapperInterface. Bean already defined with the same name!
2021-08-23 15:13:12.680 [restartedMain] WARN  org.mybatis.spring.mapper.ClassPathMapperScanner - No MyBatis mapper was found in '[com.scy.running.mapper]' package. Please check your configuration.
2021-08-23 15:43:13.613 [restartedMain] WARN  o.s.boot.context.config.ConfigDataEnvironment - Property 'spring.profiles' imported from location 'class path resource [application.yml]' is invalid and should be replaced with 'spring.config.activate.on-profile' [origin: class path resource [application.yml] - 49:13]
2021-08-23 15:43:14.216 [restartedMain] WARN  org.mybatis.spring.mapper.ClassPathMapperScanner - Skipping MapperFactoryBean with name 'tbClassMapper' and 'com.scy.running.mapper.TbClassMapper' mapperInterface. Bean already defined with the same name!
2021-08-23 15:43:14.216 [restartedMain] WARN  org.mybatis.spring.mapper.ClassPathMapperScanner - Skipping MapperFactoryBean with name 'tbCollegeMapper' and 'com.scy.running.mapper.TbCollegeMapper' mapperInterface. Bean already defined with the same name!
2021-08-23 15:43:14.216 [restartedMain] WARN  org.mybatis.spring.mapper.ClassPathMapperScanner - Skipping MapperFactoryBean with name 'tbPermissionMapper' and 'com.scy.running.mapper.TbPermissionMapper' mapperInterface. Bean already defined with the same name!
2021-08-23 15:43:14.216 [restartedMain] WARN  org.mybatis.spring.mapper.ClassPathMapperScanner - Skipping MapperFactoryBean with name 'tbPunchClockMapper' and 'com.scy.running.mapper.TbPunchClockMapper' mapperInterface. Bean already defined with the same name!
2021-08-23 15:43:14.217 [restartedMain] WARN  org.mybatis.spring.mapper.ClassPathMapperScanner - Skipping MapperFactoryBean with name 'tbRoleMapper' and 'com.scy.running.mapper.TbRoleMapper' mapperInterface. Bean already defined with the same name!
2021-08-23 15:43:14.217 [restartedMain] WARN  org.mybatis.spring.mapper.ClassPathMapperScanner - Skipping MapperFactoryBean with name 'tbTaskMapper' and 'com.scy.running.mapper.TbTaskMapper' mapperInterface. Bean already defined with the same name!
2021-08-23 15:43:14.217 [restartedMain] WARN  org.mybatis.spring.mapper.ClassPathMapperScanner - Skipping MapperFactoryBean with name 'tbUserMapper' and 'com.scy.running.mapper.TbUserMapper' mapperInterface. Bean already defined with the same name!
2021-08-23 15:43:14.217 [restartedMain] WARN  org.mybatis.spring.mapper.ClassPathMapperScanner - No MyBatis mapper was found in '[com.scy.running.mapper]' package. Please check your configuration.
2021-08-23 16:04:22.224 [restartedMain] WARN  o.s.boot.context.config.ConfigDataEnvironment - Property 'spring.profiles' imported from location 'class path resource [application.yml]' is invalid and should be replaced with 'spring.config.activate.on-profile' [origin: class path resource [application.yml] - 49:13]
2021-08-23 16:04:22.768 [restartedMain] WARN  org.mybatis.spring.mapper.ClassPathMapperScanner - Skipping MapperFactoryBean with name 'tbClassMapper' and 'com.scy.running.mapper.TbClassMapper' mapperInterface. Bean already defined with the same name!
2021-08-23 16:04:22.769 [restartedMain] WARN  org.mybatis.spring.mapper.ClassPathMapperScanner - Skipping MapperFactoryBean with name 'tbCollegeMapper' and 'com.scy.running.mapper.TbCollegeMapper' mapperInterface. Bean already defined with the same name!
2021-08-23 16:04:22.769 [restartedMain] WARN  org.mybatis.spring.mapper.ClassPathMapperScanner - Skipping MapperFactoryBean with name 'tbPermissionMapper' and 'com.scy.running.mapper.TbPermissionMapper' mapperInterface. Bean already defined with the same name!
2021-08-23 16:04:22.769 [restartedMain] WARN  org.mybatis.spring.mapper.ClassPathMapperScanner - Skipping MapperFactoryBean with name 'tbPunchClockMapper' and 'com.scy.running.mapper.TbPunchClockMapper' mapperInterface. Bean already defined with the same name!
2021-08-23 16:04:22.769 [restartedMain] WARN  org.mybatis.spring.mapper.ClassPathMapperScanner - Skipping MapperFactoryBean with name 'tbRoleMapper' and 'com.scy.running.mapper.TbRoleMapper' mapperInterface. Bean already defined with the same name!
2021-08-23 16:04:22.769 [restartedMain] WARN  org.mybatis.spring.mapper.ClassPathMapperScanner - Skipping MapperFactoryBean with name 'tbTaskMapper' and 'com.scy.running.mapper.TbTaskMapper' mapperInterface. Bean already defined with the same name!
2021-08-23 16:04:22.769 [restartedMain] WARN  org.mybatis.spring.mapper.ClassPathMapperScanner - Skipping MapperFactoryBean with name 'tbUserMapper' and 'com.scy.running.mapper.TbUserMapper' mapperInterface. Bean already defined with the same name!
2021-08-23 16:04:22.769 [restartedMain] WARN  org.mybatis.spring.mapper.ClassPathMapperScanner - No MyBatis mapper was found in '[com.scy.running.mapper]' package. Please check your configuration.
2021-08-23 16:05:40.454 [restartedMain] WARN  o.s.boot.context.config.ConfigDataEnvironment - Property 'spring.profiles' imported from location 'class path resource [application.yml]' is invalid and should be replaced with 'spring.config.activate.on-profile' [origin: class path resource [application.yml] - 49:13]
2021-08-23 16:05:41.080 [restartedMain] WARN  org.mybatis.spring.mapper.ClassPathMapperScanner - Skipping MapperFactoryBean with name 'tbClassMapper' and 'com.scy.running.mapper.TbClassMapper' mapperInterface. Bean already defined with the same name!
2021-08-23 16:05:41.081 [restartedMain] WARN  org.mybatis.spring.mapper.ClassPathMapperScanner - Skipping MapperFactoryBean with name 'tbCollegeMapper' and 'com.scy.running.mapper.TbCollegeMapper' mapperInterface. Bean already defined with the same name!
2021-08-23 16:05:41.081 [restartedMain] WARN  org.mybatis.spring.mapper.ClassPathMapperScanner - Skipping MapperFactoryBean with name 'tbPermissionMapper' and 'com.scy.running.mapper.TbPermissionMapper' mapperInterface. Bean already defined with the same name!
2021-08-23 16:05:41.081 [restartedMain] WARN  org.mybatis.spring.mapper.ClassPathMapperScanner - Skipping MapperFactoryBean with name 'tbPunchClockMapper' and 'com.scy.running.mapper.TbPunchClockMapper' mapperInterface. Bean already defined with the same name!
2021-08-23 16:05:41.081 [restartedMain] WARN  org.mybatis.spring.mapper.ClassPathMapperScanner - Skipping MapperFactoryBean with name 'tbRoleMapper' and 'com.scy.running.mapper.TbRoleMapper' mapperInterface. Bean already defined with the same name!
2021-08-23 16:05:41.081 [restartedMain] WARN  org.mybatis.spring.mapper.ClassPathMapperScanner - Skipping MapperFactoryBean with name 'tbTaskMapper' and 'com.scy.running.mapper.TbTaskMapper' mapperInterface. Bean already defined with the same name!
2021-08-23 16:05:41.081 [restartedMain] WARN  org.mybatis.spring.mapper.ClassPathMapperScanner - Skipping MapperFactoryBean with name 'tbUserMapper' and 'com.scy.running.mapper.TbUserMapper' mapperInterface. Bean already defined with the same name!
2021-08-23 16:05:41.081 [restartedMain] WARN  org.mybatis.spring.mapper.ClassPathMapperScanner - No MyBatis mapper was found in '[com.scy.running.mapper]' package. Please check your configuration.
2021-08-23 16:20:04.455 [restartedMain] WARN  o.s.boot.context.config.ConfigDataEnvironment - Property 'spring.profiles' imported from location 'class path resource [application.yml]' is invalid and should be replaced with 'spring.config.activate.on-profile' [origin: class path resource [application.yml] - 49:13]
2021-08-23 16:20:05.091 [restartedMain] WARN  org.mybatis.spring.mapper.ClassPathMapperScanner - Skipping MapperFactoryBean with name 'tbClassMapper' and 'com.scy.running.mapper.TbClassMapper' mapperInterface. Bean already defined with the same name!
2021-08-23 16:20:05.091 [restartedMain] WARN  org.mybatis.spring.mapper.ClassPathMapperScanner - Skipping MapperFactoryBean with name 'tbCollegeMapper' and 'com.scy.running.mapper.TbCollegeMapper' mapperInterface. Bean already defined with the same name!
2021-08-23 16:20:05.091 [restartedMain] WARN  org.mybatis.spring.mapper.ClassPathMapperScanner - Skipping MapperFactoryBean with name 'tbPermissionMapper' and 'com.scy.running.mapper.TbPermissionMapper' mapperInterface. Bean already defined with the same name!
2021-08-23 16:20:05.091 [restartedMain] WARN  org.mybatis.spring.mapper.ClassPathMapperScanner - Skipping MapperFactoryBean with name 'tbPunchClockMapper' and 'com.scy.running.mapper.TbPunchClockMapper' mapperInterface. Bean already defined with the same name!
2021-08-23 16:20:05.092 [restartedMain] WARN  org.mybatis.spring.mapper.ClassPathMapperScanner - Skipping MapperFactoryBean with name 'tbRoleMapper' and 'com.scy.running.mapper.TbRoleMapper' mapperInterface. Bean already defined with the same name!
2021-08-23 16:20:05.092 [restartedMain] WARN  org.mybatis.spring.mapper.ClassPathMapperScanner - Skipping MapperFactoryBean with name 'tbTaskMapper' and 'com.scy.running.mapper.TbTaskMapper' mapperInterface. Bean already defined with the same name!
2021-08-23 16:20:05.092 [restartedMain] WARN  org.mybatis.spring.mapper.ClassPathMapperScanner - Skipping MapperFactoryBean with name 'tbUserMapper' and 'com.scy.running.mapper.TbUserMapper' mapperInterface. Bean already defined with the same name!
2021-08-23 16:20:05.092 [restartedMain] WARN  org.mybatis.spring.mapper.ClassPathMapperScanner - No MyBatis mapper was found in '[com.scy.running.mapper]' package. Please check your configuration.
2021-08-23 16:27:27.272 [restartedMain] WARN  o.s.boot.context.config.ConfigDataEnvironment - Property 'spring.profiles' imported from location 'class path resource [application.yml]' is invalid and should be replaced with 'spring.config.activate.on-profile' [origin: class path resource [application.yml] - 49:13]
2021-08-23 16:27:27.804 [restartedMain] WARN  org.mybatis.spring.mapper.ClassPathMapperScanner - Skipping MapperFactoryBean with name 'tbClassMapper' and 'com.scy.running.mapper.TbClassMapper' mapperInterface. Bean already defined with the same name!
2021-08-23 16:27:27.805 [restartedMain] WARN  org.mybatis.spring.mapper.ClassPathMapperScanner - Skipping MapperFactoryBean with name 'tbCollegeMapper' and 'com.scy.running.mapper.TbCollegeMapper' mapperInterface. Bean already defined with the same name!
2021-08-23 16:27:27.805 [restartedMain] WARN  org.mybatis.spring.mapper.ClassPathMapperScanner - Skipping MapperFactoryBean with name 'tbPermissionMapper' and 'com.scy.running.mapper.TbPermissionMapper' mapperInterface. Bean already defined with the same name!
2021-08-23 16:27:27.805 [restartedMain] WARN  org.mybatis.spring.mapper.ClassPathMapperScanner - Skipping MapperFactoryBean with name 'tbPunchClockMapper' and 'com.scy.running.mapper.TbPunchClockMapper' mapperInterface. Bean already defined with the same name!
2021-08-23 16:27:27.805 [restartedMain] WARN  org.mybatis.spring.mapper.ClassPathMapperScanner - Skipping MapperFactoryBean with name 'tbRoleMapper' and 'com.scy.running.mapper.TbRoleMapper' mapperInterface. Bean already defined with the same name!
2021-08-23 16:27:27.805 [restartedMain] WARN  org.mybatis.spring.mapper.ClassPathMapperScanner - Skipping MapperFactoryBean with name 'tbTaskMapper' and 'com.scy.running.mapper.TbTaskMapper' mapperInterface. Bean already defined with the same name!
2021-08-23 16:27:27.805 [restartedMain] WARN  org.mybatis.spring.mapper.ClassPathMapperScanner - Skipping MapperFactoryBean with name 'tbUserMapper' and 'com.scy.running.mapper.TbUserMapper' mapperInterface. Bean already defined with the same name!
2021-08-23 16:27:27.805 [restartedMain] WARN  org.mybatis.spring.mapper.ClassPathMapperScanner - No MyBatis mapper was found in '[com.scy.running.mapper]' package. Please check your configuration.
2021-08-23 18:00:21.347 [restartedMain] WARN  o.s.boot.context.config.ConfigDataEnvironment - Property 'spring.profiles' imported from location 'class path resource [application.yml]' is invalid and should be replaced with 'spring.config.activate.on-profile' [origin: class path resource [application.yml] - 49:13]
2021-08-23 18:00:21.914 [restartedMain] WARN  org.mybatis.spring.mapper.ClassPathMapperScanner - Skipping MapperFactoryBean with name 'tbClassMapper' and 'com.scy.running.mapper.TbClassMapper' mapperInterface. Bean already defined with the same name!
2021-08-23 18:00:21.914 [restartedMain] WARN  org.mybatis.spring.mapper.ClassPathMapperScanner - Skipping MapperFactoryBean with name 'tbCollegeMapper' and 'com.scy.running.mapper.TbCollegeMapper' mapperInterface. Bean already defined with the same name!
2021-08-23 18:00:21.914 [restartedMain] WARN  org.mybatis.spring.mapper.ClassPathMapperScanner - Skipping MapperFactoryBean with name 'tbPermissionMapper' and 'com.scy.running.mapper.TbPermissionMapper' mapperInterface. Bean already defined with the same name!
2021-08-23 18:00:21.914 [restartedMain] WARN  org.mybatis.spring.mapper.ClassPathMapperScanner - Skipping MapperFactoryBean with name 'tbPunchClockMapper' and 'com.scy.running.mapper.TbPunchClockMapper' mapperInterface. Bean already defined with the same name!
2021-08-23 18:00:21.914 [restartedMain] WARN  org.mybatis.spring.mapper.ClassPathMapperScanner - Skipping MapperFactoryBean with name 'tbRoleMapper' and 'com.scy.running.mapper.TbRoleMapper' mapperInterface. Bean already defined with the same name!
2021-08-23 18:00:21.914 [restartedMain] WARN  org.mybatis.spring.mapper.ClassPathMapperScanner - Skipping MapperFactoryBean with name 'tbTaskMapper' and 'com.scy.running.mapper.TbTaskMapper' mapperInterface. Bean already defined with the same name!
2021-08-23 18:00:21.914 [restartedMain] WARN  org.mybatis.spring.mapper.ClassPathMapperScanner - Skipping MapperFactoryBean with name 'tbUserMapper' and 'com.scy.running.mapper.TbUserMapper' mapperInterface. Bean already defined with the same name!
2021-08-23 18:00:21.915 [restartedMain] WARN  org.mybatis.spring.mapper.ClassPathMapperScanner - No MyBatis mapper was found in '[com.scy.running.mapper]' package. Please check your configuration.
