2021-08-03 08:37:31.056 [restartedMain] WARN  o.s.boot.context.config.ConfigDataEnvironment - Property 'spring.profiles' imported from location 'class path resource [application.yml]' is invalid and should be replaced with 'spring.config.activate.on-profile' [origin: class path resource [application.yml] - 49:13]
2021-08-03 08:37:31.703 [restartedMain] WARN  org.mybatis.spring.mapper.ClassPathMapperScanner - Skipping MapperFactoryBean with name 'tbPermissionMapper' and 'com.scy.running.mapper.TbPermissionMapper' mapperInterface. Bean already defined with the same name!
2021-08-03 08:37:31.703 [restartedMain] WARN  org.mybatis.spring.mapper.ClassPathMapperScanner - Skipping MapperFactoryBean with name 'tbRoleMapper' and 'com.scy.running.mapper.TbRoleMapper' mapperInterface. Bean already defined with the same name!
2021-08-03 08:37:31.703 [restartedMain] WARN  org.mybatis.spring.mapper.ClassPathMapperScanner - Skipping MapperFactoryBean with name 'tbUserMapper' and 'com.scy.running.mapper.TbUserMapper' mapperInterface. Bean already defined with the same name!
2021-08-03 08:37:31.703 [restartedMain] WARN  org.mybatis.spring.mapper.ClassPathMapperScanner - No MyBatis mapper was found in '[com.scy.running.mapper]' package. Please check your configuration.
2021-08-03 09:36:35.353 [restartedMain] WARN  o.s.boot.context.config.ConfigDataEnvironment - Property 'spring.profiles' imported from location 'class path resource [application.yml]' is invalid and should be replaced with 'spring.config.activate.on-profile' [origin: class path resource [application.yml] - 49:13]
2021-08-03 09:36:35.989 [restartedMain] WARN  org.mybatis.spring.mapper.ClassPathMapperScanner - Skipping MapperFactoryBean with name 'tbPermissionMapper' and 'com.scy.running.mapper.TbPermissionMapper' mapperInterface. Bean already defined with the same name!
2021-08-03 09:36:35.990 [restartedMain] WARN  org.mybatis.spring.mapper.ClassPathMapperScanner - Skipping MapperFactoryBean with name 'tbRoleMapper' and 'com.scy.running.mapper.TbRoleMapper' mapperInterface. Bean already defined with the same name!
2021-08-03 09:36:35.990 [restartedMain] WARN  org.mybatis.spring.mapper.ClassPathMapperScanner - Skipping MapperFactoryBean with name 'tbUserMapper' and 'com.scy.running.mapper.TbUserMapper' mapperInterface. Bean already defined with the same name!
2021-08-03 09:36:35.990 [restartedMain] WARN  org.mybatis.spring.mapper.ClassPathMapperScanner - No MyBatis mapper was found in '[com.scy.running.mapper]' package. Please check your configuration.
2021-08-03 09:55:18.073 [HikariPool-1 housekeeper] WARN  com.zaxxer.hikari.pool.HikariPool - HikariPool-1 - Thread starvation or clock leap detected (housekeeper delta=1m13s911ms26µs).
2021-08-03 09:56:03.576 [HikariPool-1 housekeeper] WARN  com.zaxxer.hikari.pool.HikariPool - HikariPool-1 - Thread starvation or clock leap detected (housekeeper delta=45s503ms185µs800ns).
2021-08-03 10:20:33.305 [restartedMain] WARN  o.s.boot.context.config.ConfigDataEnvironment - Property 'spring.profiles' imported from location 'class path resource [application.yml]' is invalid and should be replaced with 'spring.config.activate.on-profile' [origin: class path resource [application.yml] - 49:13]
2021-08-03 10:20:33.896 [restartedMain] WARN  org.mybatis.spring.mapper.ClassPathMapperScanner - Skipping MapperFactoryBean with name 'tbPermissionMapper' and 'com.scy.running.mapper.TbPermissionMapper' mapperInterface. Bean already defined with the same name!
2021-08-03 10:20:33.896 [restartedMain] WARN  org.mybatis.spring.mapper.ClassPathMapperScanner - Skipping MapperFactoryBean with name 'tbRoleMapper' and 'com.scy.running.mapper.TbRoleMapper' mapperInterface. Bean already defined with the same name!
2021-08-03 10:20:33.896 [restartedMain] WARN  org.mybatis.spring.mapper.ClassPathMapperScanner - Skipping MapperFactoryBean with name 'tbUserMapper' and 'com.scy.running.mapper.TbUserMapper' mapperInterface. Bean already defined with the same name!
2021-08-03 10:20:33.897 [restartedMain] WARN  org.mybatis.spring.mapper.ClassPathMapperScanner - No MyBatis mapper was found in '[com.scy.running.mapper]' package. Please check your configuration.
2021-08-03 14:19:30.246 [restartedMain] WARN  o.s.boot.context.config.ConfigDataEnvironment - Property 'spring.profiles' imported from location 'class path resource [application.yml]' is invalid and should be replaced with 'spring.config.activate.on-profile' [origin: class path resource [application.yml] - 49:13]
2021-08-03 14:19:30.813 [restartedMain] WARN  org.mybatis.spring.mapper.ClassPathMapperScanner - Skipping MapperFactoryBean with name 'tbPermissionMapper' and 'com.scy.running.mapper.TbPermissionMapper' mapperInterface. Bean already defined with the same name!
2021-08-03 14:19:30.813 [restartedMain] WARN  org.mybatis.spring.mapper.ClassPathMapperScanner - Skipping MapperFactoryBean with name 'tbRoleMapper' and 'com.scy.running.mapper.TbRoleMapper' mapperInterface. Bean already defined with the same name!
2021-08-03 14:19:30.813 [restartedMain] WARN  org.mybatis.spring.mapper.ClassPathMapperScanner - Skipping MapperFactoryBean with name 'tbUserMapper' and 'com.scy.running.mapper.TbUserMapper' mapperInterface. Bean already defined with the same name!
2021-08-03 14:19:30.813 [restartedMain] WARN  org.mybatis.spring.mapper.ClassPathMapperScanner - No MyBatis mapper was found in '[com.scy.running.mapper]' package. Please check your configuration.
2021-08-03 18:24:08.977 [restartedMain] WARN  o.s.boot.context.config.ConfigDataEnvironment - Property 'spring.profiles' imported from location 'class path resource [application.yml]' is invalid and should be replaced with 'spring.config.activate.on-profile' [origin: class path resource [application.yml] - 49:13]
2021-08-03 18:24:09.561 [restartedMain] WARN  org.mybatis.spring.mapper.ClassPathMapperScanner - Skipping MapperFactoryBean with name 'tbPermissionMapper' and 'com.scy.running.mapper.TbPermissionMapper' mapperInterface. Bean already defined with the same name!
2021-08-03 18:24:09.561 [restartedMain] WARN  org.mybatis.spring.mapper.ClassPathMapperScanner - Skipping MapperFactoryBean with name 'tbRoleMapper' and 'com.scy.running.mapper.TbRoleMapper' mapperInterface. Bean already defined with the same name!
2021-08-03 18:24:09.562 [restartedMain] WARN  org.mybatis.spring.mapper.ClassPathMapperScanner - Skipping MapperFactoryBean with name 'tbUserMapper' and 'com.scy.running.mapper.TbUserMapper' mapperInterface. Bean already defined with the same name!
2021-08-03 18:24:09.562 [restartedMain] WARN  org.mybatis.spring.mapper.ClassPathMapperScanner - No MyBatis mapper was found in '[com.scy.running.mapper]' package. Please check your configuration.
2021-08-03 19:08:49.561 [restartedMain] WARN  o.s.boot.context.config.ConfigDataEnvironment - Property 'spring.profiles' imported from location 'class path resource [application.yml]' is invalid and should be replaced with 'spring.config.activate.on-profile' [origin: class path resource [application.yml] - 49:13]
2021-08-03 19:08:50.176 [restartedMain] WARN  org.mybatis.spring.mapper.ClassPathMapperScanner - Skipping MapperFactoryBean with name 'tbPermissionMapper' and 'com.scy.running.mapper.TbPermissionMapper' mapperInterface. Bean already defined with the same name!
2021-08-03 19:08:50.176 [restartedMain] WARN  org.mybatis.spring.mapper.ClassPathMapperScanner - Skipping MapperFactoryBean with name 'tbRoleMapper' and 'com.scy.running.mapper.TbRoleMapper' mapperInterface. Bean already defined with the same name!
2021-08-03 19:08:50.176 [restartedMain] WARN  org.mybatis.spring.mapper.ClassPathMapperScanner - Skipping MapperFactoryBean with name 'tbUserMapper' and 'com.scy.running.mapper.TbUserMapper' mapperInterface. Bean already defined with the same name!
2021-08-03 19:08:50.176 [restartedMain] WARN  org.mybatis.spring.mapper.ClassPathMapperScanner - No MyBatis mapper was found in '[com.scy.running.mapper]' package. Please check your configuration.
2021-08-03 19:26:20.940 [restartedMain] WARN  o.s.boot.context.config.ConfigDataEnvironment - Property 'spring.profiles' imported from location 'class path resource [application.yml]' is invalid and should be replaced with 'spring.config.activate.on-profile' [origin: class path resource [application.yml] - 49:13]
2021-08-03 19:26:21.471 [restartedMain] WARN  org.mybatis.spring.mapper.ClassPathMapperScanner - Skipping MapperFactoryBean with name 'tbPermissionMapper' and 'com.scy.running.mapper.TbPermissionMapper' mapperInterface. Bean already defined with the same name!
2021-08-03 19:26:21.471 [restartedMain] WARN  org.mybatis.spring.mapper.ClassPathMapperScanner - Skipping MapperFactoryBean with name 'tbRoleMapper' and 'com.scy.running.mapper.TbRoleMapper' mapperInterface. Bean already defined with the same name!
2021-08-03 19:26:21.471 [restartedMain] WARN  org.mybatis.spring.mapper.ClassPathMapperScanner - Skipping MapperFactoryBean with name 'tbUserMapper' and 'com.scy.running.mapper.TbUserMapper' mapperInterface. Bean already defined with the same name!
2021-08-03 19:26:21.471 [restartedMain] WARN  org.mybatis.spring.mapper.ClassPathMapperScanner - No MyBatis mapper was found in '[com.scy.running.mapper]' package. Please check your configuration.
