2021-08-07 11:13:26.823 [restartedMain] WARN  o.s.boot.context.config.ConfigDataEnvironment - Property 'spring.profiles' imported from location 'class path resource [application.yml]' is invalid and should be replaced with 'spring.config.activate.on-profile' [origin: class path resource [application.yml] - 49:13]
2021-08-07 11:13:27.568 [restartedMain] WARN  org.mybatis.spring.mapper.ClassPathMapperScanner - Skipping MapperFactoryBean with name 'tbPermissionMapper' and 'com.scy.running.mapper.TbPermissionMapper' mapperInterface. Bean already defined with the same name!
2021-08-07 11:13:27.568 [restartedMain] WARN  org.mybatis.spring.mapper.ClassPathMapperScanner - Skipping MapperFactoryBean with name 'tbRoleMapper' and 'com.scy.running.mapper.TbRoleMapper' mapperInterface. Bean already defined with the same name!
2021-08-07 11:13:27.573 [restartedMain] WARN  org.mybatis.spring.mapper.ClassPathMapperScanner - Skipping MapperFactoryBean with name 'tbUserMapper' and 'com.scy.running.mapper.TbUserMapper' mapperInterface. Bean already defined with the same name!
2021-08-07 11:13:27.573 [restartedMain] WARN  org.mybatis.spring.mapper.ClassPathMapperScanner - No MyBatis mapper was found in '[com.scy.running.mapper]' package. Please check your configuration.
2021-08-07 11:16:57.290 [restartedMain] WARN  o.s.boot.context.config.ConfigDataEnvironment - Property 'spring.profiles' imported from location 'class path resource [application.yml]' is invalid and should be replaced with 'spring.config.activate.on-profile' [origin: class path resource [application.yml] - 49:13]
2021-08-07 11:16:57.926 [restartedMain] WARN  org.mybatis.spring.mapper.ClassPathMapperScanner - Skipping MapperFactoryBean with name 'tbPermissionMapper' and 'com.scy.running.mapper.TbPermissionMapper' mapperInterface. Bean already defined with the same name!
2021-08-07 11:16:57.926 [restartedMain] WARN  org.mybatis.spring.mapper.ClassPathMapperScanner - Skipping MapperFactoryBean with name 'tbRoleMapper' and 'com.scy.running.mapper.TbRoleMapper' mapperInterface. Bean already defined with the same name!
2021-08-07 11:16:57.926 [restartedMain] WARN  org.mybatis.spring.mapper.ClassPathMapperScanner - Skipping MapperFactoryBean with name 'tbUserMapper' and 'com.scy.running.mapper.TbUserMapper' mapperInterface. Bean already defined with the same name!
2021-08-07 11:16:57.926 [restartedMain] WARN  org.mybatis.spring.mapper.ClassPathMapperScanner - No MyBatis mapper was found in '[com.scy.running.mapper]' package. Please check your configuration.
2021-08-07 11:27:50.286 [http-nio-9000-exec-10] WARN  o.s.w.s.m.support.DefaultHandlerExceptionResolver - Resolved [org.springframework.http.converter.HttpMessageNotReadableException: Required request body is missing: public void com.scy.running.controller.TbRoleController.grantRole(javax.servlet.http.HttpServletResponse,java.lang.Integer,java.lang.Integer[]) throws java.io.IOException]
2021-08-07 11:28:28.251 [restartedMain] WARN  o.s.boot.context.config.ConfigDataEnvironment - Property 'spring.profiles' imported from location 'class path resource [application.yml]' is invalid and should be replaced with 'spring.config.activate.on-profile' [origin: class path resource [application.yml] - 49:13]
2021-08-07 11:28:28.884 [restartedMain] WARN  org.mybatis.spring.mapper.ClassPathMapperScanner - Skipping MapperFactoryBean with name 'tbPermissionMapper' and 'com.scy.running.mapper.TbPermissionMapper' mapperInterface. Bean already defined with the same name!
2021-08-07 11:28:28.884 [restartedMain] WARN  org.mybatis.spring.mapper.ClassPathMapperScanner - Skipping MapperFactoryBean with name 'tbRoleMapper' and 'com.scy.running.mapper.TbRoleMapper' mapperInterface. Bean already defined with the same name!
2021-08-07 11:28:28.884 [restartedMain] WARN  org.mybatis.spring.mapper.ClassPathMapperScanner - Skipping MapperFactoryBean with name 'tbUserMapper' and 'com.scy.running.mapper.TbUserMapper' mapperInterface. Bean already defined with the same name!
2021-08-07 11:28:28.884 [restartedMain] WARN  org.mybatis.spring.mapper.ClassPathMapperScanner - No MyBatis mapper was found in '[com.scy.running.mapper]' package. Please check your configuration.
2021-08-07 11:28:43.916 [http-nio-9000-exec-9] WARN  o.s.w.s.m.support.DefaultHandlerExceptionResolver - Resolved [org.springframework.http.converter.HttpMessageNotReadableException: Required request body is missing: public void com.scy.running.controller.TbRoleController.grantRole(javax.servlet.http.HttpServletResponse,java.lang.Integer,java.lang.String) throws java.io.IOException]
2021-08-07 11:31:32.791 [http-nio-9000-exec-10] WARN  o.s.w.s.m.support.DefaultHandlerExceptionResolver - Resolved [org.springframework.http.converter.HttpMessageNotReadableException: Required request body is missing: public void com.scy.running.controller.TbRoleController.grantRole(javax.servlet.http.HttpServletResponse,java.lang.Integer,java.lang.String) throws java.io.IOException]
2021-08-07 11:31:50.495 [http-nio-9000-exec-2] WARN  o.s.w.s.m.support.DefaultHandlerExceptionResolver - Resolved [org.springframework.http.converter.HttpMessageNotReadableException: Required request body is missing: public void com.scy.running.controller.TbRoleController.grantRole(javax.servlet.http.HttpServletResponse,java.lang.Integer,java.lang.String) throws java.io.IOException]
2021-08-07 11:32:32.942 [http-nio-9000-exec-6] WARN  o.s.w.s.m.support.DefaultHandlerExceptionResolver - Resolved [org.springframework.http.converter.HttpMessageNotReadableException: Required request body is missing: public void com.scy.running.controller.TbRoleController.grantRole(javax.servlet.http.HttpServletResponse,java.lang.Integer,java.lang.String) throws java.io.IOException]
2021-08-07 11:33:58.995 [restartedMain] WARN  o.s.boot.context.config.ConfigDataEnvironment - Property 'spring.profiles' imported from location 'class path resource [application.yml]' is invalid and should be replaced with 'spring.config.activate.on-profile' [origin: class path resource [application.yml] - 49:13]
2021-08-07 11:33:59.630 [restartedMain] WARN  org.mybatis.spring.mapper.ClassPathMapperScanner - Skipping MapperFactoryBean with name 'tbPermissionMapper' and 'com.scy.running.mapper.TbPermissionMapper' mapperInterface. Bean already defined with the same name!
2021-08-07 11:33:59.631 [restartedMain] WARN  org.mybatis.spring.mapper.ClassPathMapperScanner - Skipping MapperFactoryBean with name 'tbRoleMapper' and 'com.scy.running.mapper.TbRoleMapper' mapperInterface. Bean already defined with the same name!
2021-08-07 11:33:59.631 [restartedMain] WARN  org.mybatis.spring.mapper.ClassPathMapperScanner - Skipping MapperFactoryBean with name 'tbUserMapper' and 'com.scy.running.mapper.TbUserMapper' mapperInterface. Bean already defined with the same name!
2021-08-07 11:33:59.631 [restartedMain] WARN  org.mybatis.spring.mapper.ClassPathMapperScanner - No MyBatis mapper was found in '[com.scy.running.mapper]' package. Please check your configuration.
2021-08-07 11:36:21.091 [restartedMain] WARN  o.s.boot.context.config.ConfigDataEnvironment - Property 'spring.profiles' imported from location 'class path resource [application.yml]' is invalid and should be replaced with 'spring.config.activate.on-profile' [origin: class path resource [application.yml] - 49:13]
2021-08-07 11:36:21.699 [restartedMain] WARN  org.mybatis.spring.mapper.ClassPathMapperScanner - Skipping MapperFactoryBean with name 'tbPermissionMapper' and 'com.scy.running.mapper.TbPermissionMapper' mapperInterface. Bean already defined with the same name!
2021-08-07 11:36:21.699 [restartedMain] WARN  org.mybatis.spring.mapper.ClassPathMapperScanner - Skipping MapperFactoryBean with name 'tbRoleMapper' and 'com.scy.running.mapper.TbRoleMapper' mapperInterface. Bean already defined with the same name!
2021-08-07 11:36:21.699 [restartedMain] WARN  org.mybatis.spring.mapper.ClassPathMapperScanner - Skipping MapperFactoryBean with name 'tbUserMapper' and 'com.scy.running.mapper.TbUserMapper' mapperInterface. Bean already defined with the same name!
2021-08-07 11:36:21.699 [restartedMain] WARN  org.mybatis.spring.mapper.ClassPathMapperScanner - No MyBatis mapper was found in '[com.scy.running.mapper]' package. Please check your configuration.
2021-08-07 11:36:56.658 [restartedMain] WARN  o.s.boot.context.config.ConfigDataEnvironment - Property 'spring.profiles' imported from location 'class path resource [application.yml]' is invalid and should be replaced with 'spring.config.activate.on-profile' [origin: class path resource [application.yml] - 49:13]
2021-08-07 11:36:57.298 [restartedMain] WARN  org.mybatis.spring.mapper.ClassPathMapperScanner - Skipping MapperFactoryBean with name 'tbPermissionMapper' and 'com.scy.running.mapper.TbPermissionMapper' mapperInterface. Bean already defined with the same name!
2021-08-07 11:36:57.298 [restartedMain] WARN  org.mybatis.spring.mapper.ClassPathMapperScanner - Skipping MapperFactoryBean with name 'tbRoleMapper' and 'com.scy.running.mapper.TbRoleMapper' mapperInterface. Bean already defined with the same name!
2021-08-07 11:36:57.298 [restartedMain] WARN  org.mybatis.spring.mapper.ClassPathMapperScanner - Skipping MapperFactoryBean with name 'tbUserMapper' and 'com.scy.running.mapper.TbUserMapper' mapperInterface. Bean already defined with the same name!
2021-08-07 11:36:57.298 [restartedMain] WARN  org.mybatis.spring.mapper.ClassPathMapperScanner - No MyBatis mapper was found in '[com.scy.running.mapper]' package. Please check your configuration.
2021-08-07 11:41:49.518 [restartedMain] WARN  o.s.boot.context.config.ConfigDataEnvironment - Property 'spring.profiles' imported from location 'class path resource [application.yml]' is invalid and should be replaced with 'spring.config.activate.on-profile' [origin: class path resource [application.yml] - 49:13]
2021-08-07 11:41:50.135 [restartedMain] WARN  org.mybatis.spring.mapper.ClassPathMapperScanner - Skipping MapperFactoryBean with name 'tbPermissionMapper' and 'com.scy.running.mapper.TbPermissionMapper' mapperInterface. Bean already defined with the same name!
2021-08-07 11:41:50.135 [restartedMain] WARN  org.mybatis.spring.mapper.ClassPathMapperScanner - Skipping MapperFactoryBean with name 'tbRoleMapper' and 'com.scy.running.mapper.TbRoleMapper' mapperInterface. Bean already defined with the same name!
2021-08-07 11:41:50.135 [restartedMain] WARN  org.mybatis.spring.mapper.ClassPathMapperScanner - Skipping MapperFactoryBean with name 'tbUserMapper' and 'com.scy.running.mapper.TbUserMapper' mapperInterface. Bean already defined with the same name!
2021-08-07 11:41:50.135 [restartedMain] WARN  org.mybatis.spring.mapper.ClassPathMapperScanner - No MyBatis mapper was found in '[com.scy.running.mapper]' package. Please check your configuration.
2021-08-07 11:45:01.427 [restartedMain] WARN  o.s.boot.context.config.ConfigDataEnvironment - Property 'spring.profiles' imported from location 'class path resource [application.yml]' is invalid and should be replaced with 'spring.config.activate.on-profile' [origin: class path resource [application.yml] - 49:13]
2021-08-07 11:45:01.937 [restartedMain] WARN  org.mybatis.spring.mapper.ClassPathMapperScanner - Skipping MapperFactoryBean with name 'tbPermissionMapper' and 'com.scy.running.mapper.TbPermissionMapper' mapperInterface. Bean already defined with the same name!
2021-08-07 11:45:01.937 [restartedMain] WARN  org.mybatis.spring.mapper.ClassPathMapperScanner - Skipping MapperFactoryBean with name 'tbRoleMapper' and 'com.scy.running.mapper.TbRoleMapper' mapperInterface. Bean already defined with the same name!
2021-08-07 11:45:01.937 [restartedMain] WARN  org.mybatis.spring.mapper.ClassPathMapperScanner - Skipping MapperFactoryBean with name 'tbUserMapper' and 'com.scy.running.mapper.TbUserMapper' mapperInterface. Bean already defined with the same name!
2021-08-07 11:45:01.938 [restartedMain] WARN  org.mybatis.spring.mapper.ClassPathMapperScanner - No MyBatis mapper was found in '[com.scy.running.mapper]' package. Please check your configuration.
2021-08-07 14:10:20.794 [restartedMain] WARN  o.s.boot.context.config.ConfigDataEnvironment - Property 'spring.profiles' imported from location 'class path resource [application.yml]' is invalid and should be replaced with 'spring.config.activate.on-profile' [origin: class path resource [application.yml] - 49:13]
2021-08-07 14:10:21.458 [restartedMain] WARN  org.mybatis.spring.mapper.ClassPathMapperScanner - Skipping MapperFactoryBean with name 'tbPermissionMapper' and 'com.scy.running.mapper.TbPermissionMapper' mapperInterface. Bean already defined with the same name!
2021-08-07 14:10:21.458 [restartedMain] WARN  org.mybatis.spring.mapper.ClassPathMapperScanner - Skipping MapperFactoryBean with name 'tbRoleMapper' and 'com.scy.running.mapper.TbRoleMapper' mapperInterface. Bean already defined with the same name!
2021-08-07 14:10:21.458 [restartedMain] WARN  org.mybatis.spring.mapper.ClassPathMapperScanner - Skipping MapperFactoryBean with name 'tbUserMapper' and 'com.scy.running.mapper.TbUserMapper' mapperInterface. Bean already defined with the same name!
2021-08-07 14:10:21.459 [restartedMain] WARN  org.mybatis.spring.mapper.ClassPathMapperScanner - No MyBatis mapper was found in '[com.scy.running.mapper]' package. Please check your configuration.
2021-08-07 14:37:27.494 [restartedMain] WARN  o.s.boot.context.config.ConfigDataEnvironment - Property 'spring.profiles' imported from location 'class path resource [application.yml]' is invalid and should be replaced with 'spring.config.activate.on-profile' [origin: class path resource [application.yml] - 49:13]
2021-08-07 14:37:28.142 [restartedMain] WARN  org.mybatis.spring.mapper.ClassPathMapperScanner - Skipping MapperFactoryBean with name 'tbPermissionMapper' and 'com.scy.running.mapper.TbPermissionMapper' mapperInterface. Bean already defined with the same name!
2021-08-07 14:37:28.142 [restartedMain] WARN  org.mybatis.spring.mapper.ClassPathMapperScanner - Skipping MapperFactoryBean with name 'tbRoleMapper' and 'com.scy.running.mapper.TbRoleMapper' mapperInterface. Bean already defined with the same name!
2021-08-07 14:37:28.142 [restartedMain] WARN  org.mybatis.spring.mapper.ClassPathMapperScanner - Skipping MapperFactoryBean with name 'tbUserMapper' and 'com.scy.running.mapper.TbUserMapper' mapperInterface. Bean already defined with the same name!
2021-08-07 14:37:28.142 [restartedMain] WARN  org.mybatis.spring.mapper.ClassPathMapperScanner - No MyBatis mapper was found in '[com.scy.running.mapper]' package. Please check your configuration.
2021-08-07 14:43:33.842 [HikariPool-1 housekeeper] WARN  com.zaxxer.hikari.pool.HikariPool - HikariPool-1 - Thread starvation or clock leap detected (housekeeper delta=48s173ms281µs501ns).
2021-08-07 14:56:50.159 [restartedMain] WARN  o.s.boot.context.config.ConfigDataEnvironment - Property 'spring.profiles' imported from location 'class path resource [application.yml]' is invalid and should be replaced with 'spring.config.activate.on-profile' [origin: class path resource [application.yml] - 49:13]
2021-08-07 14:56:50.692 [restartedMain] WARN  org.mybatis.spring.mapper.ClassPathMapperScanner - Skipping MapperFactoryBean with name 'tbPermissionMapper' and 'com.scy.running.mapper.TbPermissionMapper' mapperInterface. Bean already defined with the same name!
2021-08-07 14:56:50.692 [restartedMain] WARN  org.mybatis.spring.mapper.ClassPathMapperScanner - Skipping MapperFactoryBean with name 'tbRoleMapper' and 'com.scy.running.mapper.TbRoleMapper' mapperInterface. Bean already defined with the same name!
2021-08-07 14:56:50.693 [restartedMain] WARN  org.mybatis.spring.mapper.ClassPathMapperScanner - Skipping MapperFactoryBean with name 'tbUserMapper' and 'com.scy.running.mapper.TbUserMapper' mapperInterface. Bean already defined with the same name!
2021-08-07 14:56:50.693 [restartedMain] WARN  org.mybatis.spring.mapper.ClassPathMapperScanner - No MyBatis mapper was found in '[com.scy.running.mapper]' package. Please check your configuration.
