2021-08-04 08:59:48.882 [restartedMain] WARN  o.s.boot.context.config.ConfigDataEnvironment - Property 'spring.profiles' imported from location 'class path resource [application.yml]' is invalid and should be replaced with 'spring.config.activate.on-profile' [origin: class path resource [application.yml] - 49:13]
2021-08-04 08:59:49.508 [restartedMain] WARN  org.mybatis.spring.mapper.ClassPathMapperScanner - Skipping MapperFactoryBean with name 'tbPermissionMapper' and 'com.scy.running.mapper.TbPermissionMapper' mapperInterface. Bean already defined with the same name!
2021-08-04 08:59:49.508 [restartedMain] WARN  org.mybatis.spring.mapper.ClassPathMapperScanner - Skipping MapperFactoryBean with name 'tbRoleMapper' and 'com.scy.running.mapper.TbRoleMapper' mapperInterface. Bean already defined with the same name!
2021-08-04 08:59:49.512 [restartedMain] WARN  org.mybatis.spring.mapper.ClassPathMapperScanner - Skipping MapperFactoryBean with name 'tbUserMapper' and 'com.scy.running.mapper.TbUserMapper' mapperInterface. Bean already defined with the same name!
2021-08-04 08:59:49.512 [restartedMain] WARN  org.mybatis.spring.mapper.ClassPathMapperScanner - No MyBatis mapper was found in '[com.scy.running.mapper]' package. Please check your configuration.
2021-08-04 10:59:13.300 [restartedMain] WARN  o.s.boot.context.config.ConfigDataEnvironment - Property 'spring.profiles' imported from location 'class path resource [application.yml]' is invalid and should be replaced with 'spring.config.activate.on-profile' [origin: class path resource [application.yml] - 49:13]
2021-08-04 10:59:13.842 [restartedMain] WARN  org.mybatis.spring.mapper.ClassPathMapperScanner - Skipping MapperFactoryBean with name 'tbPermissionMapper' and 'com.scy.running.mapper.TbPermissionMapper' mapperInterface. Bean already defined with the same name!
2021-08-04 10:59:13.843 [restartedMain] WARN  org.mybatis.spring.mapper.ClassPathMapperScanner - Skipping MapperFactoryBean with name 'tbRoleMapper' and 'com.scy.running.mapper.TbRoleMapper' mapperInterface. Bean already defined with the same name!
2021-08-04 10:59:13.843 [restartedMain] WARN  org.mybatis.spring.mapper.ClassPathMapperScanner - Skipping MapperFactoryBean with name 'tbUserMapper' and 'com.scy.running.mapper.TbUserMapper' mapperInterface. Bean already defined with the same name!
2021-08-04 10:59:13.843 [restartedMain] WARN  org.mybatis.spring.mapper.ClassPathMapperScanner - No MyBatis mapper was found in '[com.scy.running.mapper]' package. Please check your configuration.
2021-08-04 11:00:31.759 [restartedMain] WARN  o.s.boot.context.config.ConfigDataEnvironment - Property 'spring.profiles' imported from location 'class path resource [application.yml]' is invalid and should be replaced with 'spring.config.activate.on-profile' [origin: class path resource [application.yml] - 49:13]
2021-08-04 11:00:32.326 [restartedMain] WARN  org.mybatis.spring.mapper.ClassPathMapperScanner - Skipping MapperFactoryBean with name 'tbPermissionMapper' and 'com.scy.running.mapper.TbPermissionMapper' mapperInterface. Bean already defined with the same name!
2021-08-04 11:00:32.326 [restartedMain] WARN  org.mybatis.spring.mapper.ClassPathMapperScanner - Skipping MapperFactoryBean with name 'tbRoleMapper' and 'com.scy.running.mapper.TbRoleMapper' mapperInterface. Bean already defined with the same name!
2021-08-04 11:00:32.326 [restartedMain] WARN  org.mybatis.spring.mapper.ClassPathMapperScanner - Skipping MapperFactoryBean with name 'tbUserMapper' and 'com.scy.running.mapper.TbUserMapper' mapperInterface. Bean already defined with the same name!
2021-08-04 11:00:32.326 [restartedMain] WARN  org.mybatis.spring.mapper.ClassPathMapperScanner - No MyBatis mapper was found in '[com.scy.running.mapper]' package. Please check your configuration.
2021-08-04 14:17:04.368 [restartedMain] WARN  o.s.boot.context.config.ConfigDataEnvironment - Property 'spring.profiles' imported from location 'class path resource [application.yml]' is invalid and should be replaced with 'spring.config.activate.on-profile' [origin: class path resource [application.yml] - 49:13]
2021-08-04 14:17:04.926 [restartedMain] WARN  org.mybatis.spring.mapper.ClassPathMapperScanner - Skipping MapperFactoryBean with name 'tbPermissionMapper' and 'com.scy.running.mapper.TbPermissionMapper' mapperInterface. Bean already defined with the same name!
2021-08-04 14:17:04.926 [restartedMain] WARN  org.mybatis.spring.mapper.ClassPathMapperScanner - Skipping MapperFactoryBean with name 'tbRoleMapper' and 'com.scy.running.mapper.TbRoleMapper' mapperInterface. Bean already defined with the same name!
2021-08-04 14:17:04.926 [restartedMain] WARN  org.mybatis.spring.mapper.ClassPathMapperScanner - Skipping MapperFactoryBean with name 'tbUserMapper' and 'com.scy.running.mapper.TbUserMapper' mapperInterface. Bean already defined with the same name!
2021-08-04 14:17:04.926 [restartedMain] WARN  org.mybatis.spring.mapper.ClassPathMapperScanner - No MyBatis mapper was found in '[com.scy.running.mapper]' package. Please check your configuration.
2021-08-04 14:19:22.681 [restartedMain] WARN  o.s.boot.context.config.ConfigDataEnvironment - Property 'spring.profiles' imported from location 'class path resource [application.yml]' is invalid and should be replaced with 'spring.config.activate.on-profile' [origin: class path resource [application.yml] - 49:13]
2021-08-04 14:19:23.209 [restartedMain] WARN  org.mybatis.spring.mapper.ClassPathMapperScanner - Skipping MapperFactoryBean with name 'tbPermissionMapper' and 'com.scy.running.mapper.TbPermissionMapper' mapperInterface. Bean already defined with the same name!
2021-08-04 14:19:23.209 [restartedMain] WARN  org.mybatis.spring.mapper.ClassPathMapperScanner - Skipping MapperFactoryBean with name 'tbRoleMapper' and 'com.scy.running.mapper.TbRoleMapper' mapperInterface. Bean already defined with the same name!
2021-08-04 14:19:23.209 [restartedMain] WARN  org.mybatis.spring.mapper.ClassPathMapperScanner - Skipping MapperFactoryBean with name 'tbUserMapper' and 'com.scy.running.mapper.TbUserMapper' mapperInterface. Bean already defined with the same name!
2021-08-04 14:19:23.209 [restartedMain] WARN  org.mybatis.spring.mapper.ClassPathMapperScanner - No MyBatis mapper was found in '[com.scy.running.mapper]' package. Please check your configuration.
2021-08-04 14:55:24.312 [restartedMain] WARN  o.s.boot.context.config.ConfigDataEnvironment - Property 'spring.profiles' imported from location 'class path resource [application.yml]' is invalid and should be replaced with 'spring.config.activate.on-profile' [origin: class path resource [application.yml] - 49:13]
2021-08-04 14:55:24.928 [restartedMain] WARN  org.mybatis.spring.mapper.ClassPathMapperScanner - Skipping MapperFactoryBean with name 'tbPermissionMapper' and 'com.scy.running.mapper.TbPermissionMapper' mapperInterface. Bean already defined with the same name!
2021-08-04 14:55:24.928 [restartedMain] WARN  org.mybatis.spring.mapper.ClassPathMapperScanner - Skipping MapperFactoryBean with name 'tbRoleMapper' and 'com.scy.running.mapper.TbRoleMapper' mapperInterface. Bean already defined with the same name!
2021-08-04 14:55:24.929 [restartedMain] WARN  org.mybatis.spring.mapper.ClassPathMapperScanner - Skipping MapperFactoryBean with name 'tbUserMapper' and 'com.scy.running.mapper.TbUserMapper' mapperInterface. Bean already defined with the same name!
2021-08-04 14:55:24.929 [restartedMain] WARN  org.mybatis.spring.mapper.ClassPathMapperScanner - No MyBatis mapper was found in '[com.scy.running.mapper]' package. Please check your configuration.
2021-08-04 14:57:51.341 [HikariPool-1 housekeeper] WARN  com.zaxxer.hikari.pool.HikariPool - HikariPool-1 - Thread starvation or clock leap detected (housekeeper delta=52s569ms106µs600ns).
2021-08-04 14:59:14.196 [restartedMain] WARN  o.s.boot.context.config.ConfigDataEnvironment - Property 'spring.profiles' imported from location 'class path resource [application.yml]' is invalid and should be replaced with 'spring.config.activate.on-profile' [origin: class path resource [application.yml] - 49:13]
2021-08-04 14:59:14.734 [restartedMain] WARN  org.mybatis.spring.mapper.ClassPathMapperScanner - Skipping MapperFactoryBean with name 'tbPermissionMapper' and 'com.scy.running.mapper.TbPermissionMapper' mapperInterface. Bean already defined with the same name!
2021-08-04 14:59:14.734 [restartedMain] WARN  org.mybatis.spring.mapper.ClassPathMapperScanner - Skipping MapperFactoryBean with name 'tbRoleMapper' and 'com.scy.running.mapper.TbRoleMapper' mapperInterface. Bean already defined with the same name!
2021-08-04 14:59:14.734 [restartedMain] WARN  org.mybatis.spring.mapper.ClassPathMapperScanner - Skipping MapperFactoryBean with name 'tbUserMapper' and 'com.scy.running.mapper.TbUserMapper' mapperInterface. Bean already defined with the same name!
2021-08-04 14:59:14.734 [restartedMain] WARN  org.mybatis.spring.mapper.ClassPathMapperScanner - No MyBatis mapper was found in '[com.scy.running.mapper]' package. Please check your configuration.
2021-08-04 15:32:13.198 [restartedMain] WARN  o.s.boot.context.config.ConfigDataEnvironment - Property 'spring.profiles' imported from location 'class path resource [application.yml]' is invalid and should be replaced with 'spring.config.activate.on-profile' [origin: class path resource [application.yml] - 49:13]
2021-08-04 15:32:13.817 [restartedMain] WARN  org.mybatis.spring.mapper.ClassPathMapperScanner - Skipping MapperFactoryBean with name 'tbPermissionMapper' and 'com.scy.running.mapper.TbPermissionMapper' mapperInterface. Bean already defined with the same name!
2021-08-04 15:32:13.817 [restartedMain] WARN  org.mybatis.spring.mapper.ClassPathMapperScanner - Skipping MapperFactoryBean with name 'tbRoleMapper' and 'com.scy.running.mapper.TbRoleMapper' mapperInterface. Bean already defined with the same name!
2021-08-04 15:32:13.817 [restartedMain] WARN  org.mybatis.spring.mapper.ClassPathMapperScanner - Skipping MapperFactoryBean with name 'tbUserMapper' and 'com.scy.running.mapper.TbUserMapper' mapperInterface. Bean already defined with the same name!
2021-08-04 15:32:13.817 [restartedMain] WARN  org.mybatis.spring.mapper.ClassPathMapperScanner - No MyBatis mapper was found in '[com.scy.running.mapper]' package. Please check your configuration.
2021-08-04 15:35:21.361 [HikariPool-1 housekeeper] WARN  com.zaxxer.hikari.pool.HikariPool - HikariPool-1 - Thread starvation or clock leap detected (housekeeper delta=49s993ms913µs200ns).
2021-08-04 15:37:24.699 [restartedMain] WARN  o.s.boot.context.config.ConfigDataEnvironment - Property 'spring.profiles' imported from location 'class path resource [application.yml]' is invalid and should be replaced with 'spring.config.activate.on-profile' [origin: class path resource [application.yml] - 49:13]
2021-08-04 15:37:25.229 [restartedMain] WARN  org.mybatis.spring.mapper.ClassPathMapperScanner - Skipping MapperFactoryBean with name 'tbPermissionMapper' and 'com.scy.running.mapper.TbPermissionMapper' mapperInterface. Bean already defined with the same name!
2021-08-04 15:37:25.230 [restartedMain] WARN  org.mybatis.spring.mapper.ClassPathMapperScanner - Skipping MapperFactoryBean with name 'tbRoleMapper' and 'com.scy.running.mapper.TbRoleMapper' mapperInterface. Bean already defined with the same name!
2021-08-04 15:37:25.230 [restartedMain] WARN  org.mybatis.spring.mapper.ClassPathMapperScanner - Skipping MapperFactoryBean with name 'tbUserMapper' and 'com.scy.running.mapper.TbUserMapper' mapperInterface. Bean already defined with the same name!
2021-08-04 15:37:25.230 [restartedMain] WARN  org.mybatis.spring.mapper.ClassPathMapperScanner - No MyBatis mapper was found in '[com.scy.running.mapper]' package. Please check your configuration.
2021-08-04 16:56:50.072 [restartedMain] WARN  o.s.boot.context.config.ConfigDataEnvironment - Property 'spring.profiles' imported from location 'class path resource [application.yml]' is invalid and should be replaced with 'spring.config.activate.on-profile' [origin: class path resource [application.yml] - 49:13]
2021-08-04 16:56:50.650 [restartedMain] WARN  org.mybatis.spring.mapper.ClassPathMapperScanner - Skipping MapperFactoryBean with name 'tbPermissionMapper' and 'com.scy.running.mapper.TbPermissionMapper' mapperInterface. Bean already defined with the same name!
2021-08-04 16:56:50.650 [restartedMain] WARN  org.mybatis.spring.mapper.ClassPathMapperScanner - Skipping MapperFactoryBean with name 'tbRoleMapper' and 'com.scy.running.mapper.TbRoleMapper' mapperInterface. Bean already defined with the same name!
2021-08-04 16:56:50.650 [restartedMain] WARN  org.mybatis.spring.mapper.ClassPathMapperScanner - Skipping MapperFactoryBean with name 'tbUserMapper' and 'com.scy.running.mapper.TbUserMapper' mapperInterface. Bean already defined with the same name!
2021-08-04 16:56:50.650 [restartedMain] WARN  org.mybatis.spring.mapper.ClassPathMapperScanner - No MyBatis mapper was found in '[com.scy.running.mapper]' package. Please check your configuration.
2021-08-04 18:15:24.537 [restartedMain] WARN  o.s.boot.context.config.ConfigDataEnvironment - Property 'spring.profiles' imported from location 'class path resource [application.yml]' is invalid and should be replaced with 'spring.config.activate.on-profile' [origin: class path resource [application.yml] - 49:13]
2021-08-04 18:15:25.069 [restartedMain] WARN  org.mybatis.spring.mapper.ClassPathMapperScanner - Skipping MapperFactoryBean with name 'tbPermissionMapper' and 'com.scy.running.mapper.TbPermissionMapper' mapperInterface. Bean already defined with the same name!
2021-08-04 18:15:25.069 [restartedMain] WARN  org.mybatis.spring.mapper.ClassPathMapperScanner - Skipping MapperFactoryBean with name 'tbRoleMapper' and 'com.scy.running.mapper.TbRoleMapper' mapperInterface. Bean already defined with the same name!
2021-08-04 18:15:25.069 [restartedMain] WARN  org.mybatis.spring.mapper.ClassPathMapperScanner - Skipping MapperFactoryBean with name 'tbUserMapper' and 'com.scy.running.mapper.TbUserMapper' mapperInterface. Bean already defined with the same name!
2021-08-04 18:15:25.069 [restartedMain] WARN  org.mybatis.spring.mapper.ClassPathMapperScanner - No MyBatis mapper was found in '[com.scy.running.mapper]' package. Please check your configuration.
2021-08-04 18:17:55.835 [restartedMain] WARN  o.s.boot.context.config.ConfigDataEnvironment - Property 'spring.profiles' imported from location 'class path resource [application.yml]' is invalid and should be replaced with 'spring.config.activate.on-profile' [origin: class path resource [application.yml] - 49:13]
2021-08-04 18:17:56.414 [restartedMain] WARN  org.mybatis.spring.mapper.ClassPathMapperScanner - Skipping MapperFactoryBean with name 'tbPermissionMapper' and 'com.scy.running.mapper.TbPermissionMapper' mapperInterface. Bean already defined with the same name!
2021-08-04 18:17:56.414 [restartedMain] WARN  org.mybatis.spring.mapper.ClassPathMapperScanner - Skipping MapperFactoryBean with name 'tbRoleMapper' and 'com.scy.running.mapper.TbRoleMapper' mapperInterface. Bean already defined with the same name!
2021-08-04 18:17:56.414 [restartedMain] WARN  org.mybatis.spring.mapper.ClassPathMapperScanner - Skipping MapperFactoryBean with name 'tbUserMapper' and 'com.scy.running.mapper.TbUserMapper' mapperInterface. Bean already defined with the same name!
2021-08-04 18:17:56.415 [restartedMain] WARN  org.mybatis.spring.mapper.ClassPathMapperScanner - No MyBatis mapper was found in '[com.scy.running.mapper]' package. Please check your configuration.
2021-08-04 18:19:33.946 [restartedMain] WARN  o.s.boot.context.config.ConfigDataEnvironment - Property 'spring.profiles' imported from location 'class path resource [application.yml]' is invalid and should be replaced with 'spring.config.activate.on-profile' [origin: class path resource [application.yml] - 49:13]
2021-08-04 18:19:34.453 [restartedMain] WARN  org.mybatis.spring.mapper.ClassPathMapperScanner - Skipping MapperFactoryBean with name 'tbPermissionMapper' and 'com.scy.running.mapper.TbPermissionMapper' mapperInterface. Bean already defined with the same name!
2021-08-04 18:19:34.453 [restartedMain] WARN  org.mybatis.spring.mapper.ClassPathMapperScanner - Skipping MapperFactoryBean with name 'tbRoleMapper' and 'com.scy.running.mapper.TbRoleMapper' mapperInterface. Bean already defined with the same name!
2021-08-04 18:19:34.453 [restartedMain] WARN  org.mybatis.spring.mapper.ClassPathMapperScanner - Skipping MapperFactoryBean with name 'tbUserMapper' and 'com.scy.running.mapper.TbUserMapper' mapperInterface. Bean already defined with the same name!
2021-08-04 18:19:34.453 [restartedMain] WARN  org.mybatis.spring.mapper.ClassPathMapperScanner - No MyBatis mapper was found in '[com.scy.running.mapper]' package. Please check your configuration.
