2021-07-26 08:44:46.431 [restartedMain] WARN  o.s.boot.context.config.ConfigDataEnvironment - Property 'spring.profiles' imported from location 'class path resource [application.yml]' is invalid and should be replaced with 'spring.config.activate.on-profile' [origin: class path resource [application.yml] - 49:13]
2021-07-26 08:44:47.138 [restartedMain] WARN  org.mybatis.spring.mapper.ClassPathMapperScanner - Skipping MapperFactoryBean with name 'tbPermissionMapper' and 'com.scy.running.mapper.TbPermissionMapper' mapperInterface. Bean already defined with the same name!
2021-07-26 08:44:47.138 [restartedMain] WARN  org.mybatis.spring.mapper.ClassPathMapperScanner - Skipping MapperFactoryBean with name 'tbRoleMapper' and 'com.scy.running.mapper.TbRoleMapper' mapperInterface. Bean already defined with the same name!
2021-07-26 08:44:47.141 [restartedMain] WARN  org.mybatis.spring.mapper.ClassPathMapperScanner - Skipping MapperFactoryBean with name 'tbUserMapper' and 'com.scy.running.mapper.TbUserMapper' mapperInterface. Bean already defined with the same name!
2021-07-26 08:44:47.141 [restartedMain] WARN  org.mybatis.spring.mapper.ClassPathMapperScanner - No MyBatis mapper was found in '[com.scy.running.mapper]' package. Please check your configuration.
2021-07-26 14:23:06.622 [restartedMain] WARN  o.s.boot.context.config.ConfigDataEnvironment - Property 'spring.profiles' imported from location 'class path resource [application.yml]' is invalid and should be replaced with 'spring.config.activate.on-profile' [origin: class path resource [application.yml] - 49:13]
2021-07-26 14:23:07.364 [restartedMain] WARN  org.mybatis.spring.mapper.ClassPathMapperScanner - Skipping MapperFactoryBean with name 'tbPermissionMapper' and 'com.scy.running.mapper.TbPermissionMapper' mapperInterface. Bean already defined with the same name!
2021-07-26 14:23:07.364 [restartedMain] WARN  org.mybatis.spring.mapper.ClassPathMapperScanner - Skipping MapperFactoryBean with name 'tbRoleMapper' and 'com.scy.running.mapper.TbRoleMapper' mapperInterface. Bean already defined with the same name!
2021-07-26 14:23:07.364 [restartedMain] WARN  org.mybatis.spring.mapper.ClassPathMapperScanner - Skipping MapperFactoryBean with name 'tbUserMapper' and 'com.scy.running.mapper.TbUserMapper' mapperInterface. Bean already defined with the same name!
2021-07-26 14:23:07.365 [restartedMain] WARN  org.mybatis.spring.mapper.ClassPathMapperScanner - No MyBatis mapper was found in '[com.scy.running.mapper]' package. Please check your configuration.
2021-07-26 17:20:47.003 [restartedMain] WARN  o.s.boot.context.config.ConfigDataEnvironment - Property 'spring.profiles' imported from location 'class path resource [application.yml]' is invalid and should be replaced with 'spring.config.activate.on-profile' [origin: class path resource [application.yml] - 49:13]
2021-07-26 17:20:47.644 [restartedMain] WARN  org.mybatis.spring.mapper.ClassPathMapperScanner - Skipping MapperFactoryBean with name 'tbPermissionMapper' and 'com.scy.running.mapper.TbPermissionMapper' mapperInterface. Bean already defined with the same name!
2021-07-26 17:20:47.644 [restartedMain] WARN  org.mybatis.spring.mapper.ClassPathMapperScanner - Skipping MapperFactoryBean with name 'tbRoleMapper' and 'com.scy.running.mapper.TbRoleMapper' mapperInterface. Bean already defined with the same name!
2021-07-26 17:20:47.644 [restartedMain] WARN  org.mybatis.spring.mapper.ClassPathMapperScanner - Skipping MapperFactoryBean with name 'tbUserMapper' and 'com.scy.running.mapper.TbUserMapper' mapperInterface. Bean already defined with the same name!
2021-07-26 17:20:47.644 [restartedMain] WARN  org.mybatis.spring.mapper.ClassPathMapperScanner - No MyBatis mapper was found in '[com.scy.running.mapper]' package. Please check your configuration.
2021-07-26 18:04:40.733 [restartedMain] WARN  o.s.boot.context.config.ConfigDataEnvironment - Property 'spring.profiles' imported from location 'class path resource [application.yml]' is invalid and should be replaced with 'spring.config.activate.on-profile' [origin: class path resource [application.yml] - 49:13]
2021-07-26 18:04:41.340 [restartedMain] WARN  org.mybatis.spring.mapper.ClassPathMapperScanner - Skipping MapperFactoryBean with name 'tbPermissionMapper' and 'com.scy.running.mapper.TbPermissionMapper' mapperInterface. Bean already defined with the same name!
2021-07-26 18:04:41.340 [restartedMain] WARN  org.mybatis.spring.mapper.ClassPathMapperScanner - Skipping MapperFactoryBean with name 'tbRoleMapper' and 'com.scy.running.mapper.TbRoleMapper' mapperInterface. Bean already defined with the same name!
2021-07-26 18:04:41.340 [restartedMain] WARN  org.mybatis.spring.mapper.ClassPathMapperScanner - Skipping MapperFactoryBean with name 'tbUserMapper' and 'com.scy.running.mapper.TbUserMapper' mapperInterface. Bean already defined with the same name!
2021-07-26 18:04:41.340 [restartedMain] WARN  org.mybatis.spring.mapper.ClassPathMapperScanner - No MyBatis mapper was found in '[com.scy.running.mapper]' package. Please check your configuration.
2021-07-26 18:23:13.946 [restartedMain] WARN  o.s.boot.context.config.ConfigDataEnvironment - Property 'spring.profiles' imported from location 'class path resource [application.yml]' is invalid and should be replaced with 'spring.config.activate.on-profile' [origin: class path resource [application.yml] - 49:13]
2021-07-26 18:23:14.591 [restartedMain] WARN  org.mybatis.spring.mapper.ClassPathMapperScanner - Skipping MapperFactoryBean with name 'tbPermissionMapper' and 'com.scy.running.mapper.TbPermissionMapper' mapperInterface. Bean already defined with the same name!
2021-07-26 18:23:14.591 [restartedMain] WARN  org.mybatis.spring.mapper.ClassPathMapperScanner - Skipping MapperFactoryBean with name 'tbRoleMapper' and 'com.scy.running.mapper.TbRoleMapper' mapperInterface. Bean already defined with the same name!
2021-07-26 18:23:14.592 [restartedMain] WARN  org.mybatis.spring.mapper.ClassPathMapperScanner - Skipping MapperFactoryBean with name 'tbUserMapper' and 'com.scy.running.mapper.TbUserMapper' mapperInterface. Bean already defined with the same name!
2021-07-26 18:23:14.592 [restartedMain] WARN  org.mybatis.spring.mapper.ClassPathMapperScanner - No MyBatis mapper was found in '[com.scy.running.mapper]' package. Please check your configuration.
