2021-08-17 16:45:31.971 [background-preinit] INFO  org.hibernate.validator.internal.util.Version - HV000001: Hibernate Validator 6.0.1.Final
2021-08-17 16:45:31.973 [restartedMain] INFO  com.scy.running.RunningApplication - Starting RunningApplication using Java 1.8.0_291 on LAPTOP-B3EUVJDM with PID 17700 (E:\idea_projects\running\target\classes started by 陈玮涛 in E:\idea_projects\running)
2021-08-17 16:45:31.975 [restartedMain] INFO  com.scy.running.RunningApplication - The following profiles are active: dev
2021-08-17 16:45:32.010 [restartedMain] INFO  o.s.b.d.env.DevToolsPropertyDefaultsPostProcessor - Devtools property defaults active! Set 'spring.devtools.add-properties' to 'false' to disable
2021-08-17 16:45:32.010 [restartedMain] INFO  o.s.b.d.env.DevToolsPropertyDefaultsPostProcessor - For additional web related logging consider setting the 'logging.level.web' property to 'DEBUG'
2021-08-17 16:45:33.008 [restartedMain] INFO  o.s.boot.web.embedded.tomcat.TomcatWebServer - Tomcat initialized with port(s): 9000 (http)
2021-08-17 16:45:33.015 [restartedMain] INFO  org.apache.coyote.http11.Http11NioProtocol - Initializing ProtocolHandler ["http-nio-9000"]
2021-08-17 16:45:33.015 [restartedMain] INFO  org.apache.catalina.core.StandardService - Starting service [Tomcat]
2021-08-17 16:45:33.015 [restartedMain] INFO  org.apache.catalina.core.StandardEngine - Starting Servlet engine: [Apache Tomcat/9.0.48]
2021-08-17 16:45:33.088 [restartedMain] INFO  o.a.c.core.ContainerBase.[Tomcat].[localhost].[/] - Initializing Spring embedded WebApplicationContext
2021-08-17 16:45:33.088 [restartedMain] INFO  o.s.b.w.s.c.ServletWebServerApplicationContext - Root WebApplicationContext: initialization completed in 1078 ms
2021-08-17 16:45:33.728 [restartedMain] INFO  s.d.s.w.PropertySourcedRequestMappingHandlerMapping - Mapped URL path [/v2/api-docs] onto method [springfox.documentation.swagger2.web.Swagger2Controller#getDocumentation(String, HttpServletRequest)]
2021-08-17 16:45:33.815 [restartedMain] INFO  o.s.b.d.autoconfigure.OptionalLiveReloadServer - LiveReload server is running on port 35729
2021-08-17 16:45:33.986 [restartedMain] INFO  org.apache.coyote.http11.Http11NioProtocol - Starting ProtocolHandler ["http-nio-9000"]
2021-08-17 16:45:33.998 [restartedMain] INFO  o.s.boot.web.embedded.tomcat.TomcatWebServer - Tomcat started on port(s): 9000 (http) with context path ''
2021-08-17 16:45:33.998 [restartedMain] INFO  s.d.s.web.plugins.DocumentationPluginsBootstrapper - Context refreshed
2021-08-17 16:45:34.010 [restartedMain] INFO  s.d.s.web.plugins.DocumentationPluginsBootstrapper - Found 1 custom documentation plugin(s)
2021-08-17 16:45:34.028 [restartedMain] INFO  s.d.spring.web.scanners.ApiListingReferenceScanner - Scanning for api listing references
2021-08-17 16:45:34.087 [restartedMain] INFO  s.d.s.w.r.operation.CachingOperationNameGenerator - Generating unique operation named: selectPermissionUsingGET_1
2021-08-17 16:45:34.126 [restartedMain] INFO  s.d.s.w.r.operation.CachingOperationNameGenerator - Generating unique operation named: grantRoleUsingPOST_1
2021-08-17 16:45:34.150 [restartedMain] INFO  com.scy.running.RunningApplication - Started RunningApplication in 2.488 seconds (JVM running for 3.409)
2021-08-17 16:51:44.300 [http-nio-9000-exec-1] INFO  o.a.c.core.ContainerBase.[Tomcat].[localhost].[/] - Initializing Spring DispatcherServlet 'dispatcherServlet'
2021-08-17 16:51:44.300 [http-nio-9000-exec-1] INFO  org.springframework.web.servlet.DispatcherServlet - Initializing Servlet 'dispatcherServlet'
2021-08-17 16:51:44.301 [http-nio-9000-exec-1] INFO  org.springframework.web.servlet.DispatcherServlet - Completed initialization in 1 ms
2021-08-17 16:52:00.587 [http-nio-9000-exec-9] INFO  com.zaxxer.hikari.HikariDataSource - HikariPool-1 - Starting...
2021-08-17 16:52:00.676 [http-nio-9000-exec-9] INFO  com.zaxxer.hikari.HikariDataSource - HikariPool-1 - Start completed.
2021-08-17 16:53:05.476 [background-preinit] INFO  org.hibernate.validator.internal.util.Version - HV000001: Hibernate Validator 6.0.1.Final
2021-08-17 16:53:05.480 [restartedMain] INFO  com.scy.running.RunningApplication - Starting RunningApplication using Java 1.8.0_291 on LAPTOP-B3EUVJDM with PID 14800 (E:\idea_projects\running\target\classes started by 陈玮涛 in E:\idea_projects\running)
2021-08-17 16:53:05.480 [restartedMain] INFO  com.scy.running.RunningApplication - The following profiles are active: dev
2021-08-17 16:53:05.515 [restartedMain] INFO  o.s.b.d.env.DevToolsPropertyDefaultsPostProcessor - Devtools property defaults active! Set 'spring.devtools.add-properties' to 'false' to disable
2021-08-17 16:53:05.515 [restartedMain] INFO  o.s.b.d.env.DevToolsPropertyDefaultsPostProcessor - For additional web related logging consider setting the 'logging.level.web' property to 'DEBUG'
2021-08-17 16:53:06.378 [restartedMain] INFO  o.s.boot.web.embedded.tomcat.TomcatWebServer - Tomcat initialized with port(s): 9000 (http)
2021-08-17 16:53:06.384 [restartedMain] INFO  org.apache.coyote.http11.Http11NioProtocol - Initializing ProtocolHandler ["http-nio-9000"]
2021-08-17 16:53:06.385 [restartedMain] INFO  org.apache.catalina.core.StandardService - Starting service [Tomcat]
2021-08-17 16:53:06.385 [restartedMain] INFO  org.apache.catalina.core.StandardEngine - Starting Servlet engine: [Apache Tomcat/9.0.48]
2021-08-17 16:53:06.455 [restartedMain] INFO  o.a.c.core.ContainerBase.[Tomcat].[localhost].[/] - Initializing Spring embedded WebApplicationContext
2021-08-17 16:53:06.455 [restartedMain] INFO  o.s.b.w.s.c.ServletWebServerApplicationContext - Root WebApplicationContext: initialization completed in 940 ms
2021-08-17 16:53:07.031 [restartedMain] INFO  s.d.s.w.PropertySourcedRequestMappingHandlerMapping - Mapped URL path [/v2/api-docs] onto method [springfox.documentation.swagger2.web.Swagger2Controller#getDocumentation(String, HttpServletRequest)]
2021-08-17 16:53:07.118 [restartedMain] INFO  o.s.b.d.autoconfigure.OptionalLiveReloadServer - LiveReload server is running on port 35729
2021-08-17 16:53:07.269 [restartedMain] INFO  org.apache.coyote.http11.Http11NioProtocol - Starting ProtocolHandler ["http-nio-9000"]
2021-08-17 16:53:07.280 [restartedMain] INFO  o.s.boot.web.embedded.tomcat.TomcatWebServer - Tomcat started on port(s): 9000 (http) with context path ''
2021-08-17 16:53:07.281 [restartedMain] INFO  s.d.s.web.plugins.DocumentationPluginsBootstrapper - Context refreshed
2021-08-17 16:53:07.291 [restartedMain] INFO  s.d.s.web.plugins.DocumentationPluginsBootstrapper - Found 1 custom documentation plugin(s)
2021-08-17 16:53:07.309 [restartedMain] INFO  s.d.spring.web.scanners.ApiListingReferenceScanner - Scanning for api listing references
2021-08-17 16:53:07.375 [restartedMain] INFO  s.d.s.w.r.operation.CachingOperationNameGenerator - Generating unique operation named: selectPermissionUsingGET_1
2021-08-17 16:53:07.413 [restartedMain] INFO  s.d.s.w.r.operation.CachingOperationNameGenerator - Generating unique operation named: grantRoleUsingPOST_1
2021-08-17 16:53:07.434 [restartedMain] INFO  com.scy.running.RunningApplication - Started RunningApplication in 2.218 seconds (JVM running for 3.068)
2021-08-17 16:59:58.705 [http-nio-9000-exec-1] INFO  o.a.c.core.ContainerBase.[Tomcat].[localhost].[/] - Initializing Spring DispatcherServlet 'dispatcherServlet'
2021-08-17 16:59:58.705 [http-nio-9000-exec-1] INFO  org.springframework.web.servlet.DispatcherServlet - Initializing Servlet 'dispatcherServlet'
2021-08-17 16:59:58.706 [http-nio-9000-exec-1] INFO  org.springframework.web.servlet.DispatcherServlet - Completed initialization in 1 ms
2021-08-17 16:59:58.749 [http-nio-9000-exec-1] INFO  com.zaxxer.hikari.HikariDataSource - HikariPool-1 - Starting...
2021-08-17 16:59:58.823 [http-nio-9000-exec-1] INFO  com.zaxxer.hikari.HikariDataSource - HikariPool-1 - Start completed.
