2021-08-18 10:50:13.533 [background-preinit] INFO  org.hibernate.validator.internal.util.Version - HV000001: Hibernate Validator 6.0.1.Final
2021-08-18 10:50:13.537 [restartedMain] INFO  com.scy.running.RunningApplication - Starting RunningApplication using Java 1.8.0_291 on LAPTOP-B3EUVJDM with PID 18300 (E:\idea_projects\running\target\classes started by 陈玮涛 in E:\idea_projects\running)
2021-08-18 10:50:13.538 [restartedMain] INFO  com.scy.running.RunningApplication - The following profiles are active: dev
2021-08-18 10:50:13.573 [restartedMain] INFO  o.s.b.d.env.DevToolsPropertyDefaultsPostProcessor - Devtools property defaults active! Set 'spring.devtools.add-properties' to 'false' to disable
2021-08-18 10:50:13.573 [restartedMain] INFO  o.s.b.d.env.DevToolsPropertyDefaultsPostProcessor - For additional web related logging consider setting the 'logging.level.web' property to 'DEBUG'
2021-08-18 10:50:14.519 [restartedMain] INFO  o.s.boot.web.embedded.tomcat.TomcatWebServer - Tomcat initialized with port(s): 9000 (http)
2021-08-18 10:50:14.525 [restartedMain] INFO  org.apache.coyote.http11.Http11NioProtocol - Initializing ProtocolHandler ["http-nio-9000"]
2021-08-18 10:50:14.525 [restartedMain] INFO  org.apache.catalina.core.StandardService - Starting service [Tomcat]
2021-08-18 10:50:14.525 [restartedMain] INFO  org.apache.catalina.core.StandardEngine - Starting Servlet engine: [Apache Tomcat/9.0.48]
2021-08-18 10:50:14.598 [restartedMain] INFO  o.a.c.core.ContainerBase.[Tomcat].[localhost].[/] - Initializing Spring embedded WebApplicationContext
2021-08-18 10:50:14.599 [restartedMain] INFO  o.s.b.w.s.c.ServletWebServerApplicationContext - Root WebApplicationContext: initialization completed in 1025 ms
2021-08-18 10:50:15.197 [restartedMain] INFO  s.d.s.w.PropertySourcedRequestMappingHandlerMapping - Mapped URL path [/v2/api-docs] onto method [springfox.documentation.swagger2.web.Swagger2Controller#getDocumentation(String, HttpServletRequest)]
2021-08-18 10:50:15.275 [restartedMain] INFO  o.s.b.d.autoconfigure.OptionalLiveReloadServer - LiveReload server is running on port 35729
2021-08-18 10:50:15.426 [restartedMain] INFO  org.apache.coyote.http11.Http11NioProtocol - Starting ProtocolHandler ["http-nio-9000"]
2021-08-18 10:50:15.435 [restartedMain] INFO  o.s.boot.web.embedded.tomcat.TomcatWebServer - Tomcat started on port(s): 9000 (http) with context path ''
2021-08-18 10:50:15.436 [restartedMain] INFO  s.d.s.web.plugins.DocumentationPluginsBootstrapper - Context refreshed
2021-08-18 10:50:15.446 [restartedMain] INFO  s.d.s.web.plugins.DocumentationPluginsBootstrapper - Found 1 custom documentation plugin(s)
2021-08-18 10:50:15.463 [restartedMain] INFO  s.d.spring.web.scanners.ApiListingReferenceScanner - Scanning for api listing references
2021-08-18 10:50:15.518 [restartedMain] INFO  s.d.s.w.r.operation.CachingOperationNameGenerator - Generating unique operation named: selectPermissionUsingGET_1
2021-08-18 10:50:15.552 [restartedMain] INFO  s.d.s.w.r.operation.CachingOperationNameGenerator - Generating unique operation named: grantRoleUsingPOST_1
2021-08-18 10:50:15.574 [restartedMain] INFO  com.scy.running.RunningApplication - Started RunningApplication in 2.326 seconds (JVM running for 3.235)
2021-08-18 11:05:11.392 [http-nio-9000-exec-1] INFO  o.a.c.core.ContainerBase.[Tomcat].[localhost].[/] - Initializing Spring DispatcherServlet 'dispatcherServlet'
2021-08-18 11:05:11.393 [http-nio-9000-exec-1] INFO  org.springframework.web.servlet.DispatcherServlet - Initializing Servlet 'dispatcherServlet'
2021-08-18 11:05:11.394 [http-nio-9000-exec-1] INFO  org.springframework.web.servlet.DispatcherServlet - Completed initialization in 1 ms
2021-08-18 11:07:09.462 [http-nio-9000-exec-6] INFO  com.zaxxer.hikari.HikariDataSource - HikariPool-1 - Starting...
2021-08-18 11:07:09.548 [http-nio-9000-exec-6] INFO  com.zaxxer.hikari.HikariDataSource - HikariPool-1 - Start completed.
2021-08-18 11:37:16.170 [background-preinit] INFO  org.hibernate.validator.internal.util.Version - HV000001: Hibernate Validator 6.0.1.Final
2021-08-18 11:37:16.173 [restartedMain] INFO  com.scy.running.RunningApplication - Starting RunningApplication using Java 1.8.0_291 on LAPTOP-B3EUVJDM with PID 23888 (E:\idea_projects\running\target\classes started by 陈玮涛 in E:\idea_projects\running)
2021-08-18 11:37:16.174 [restartedMain] INFO  com.scy.running.RunningApplication - The following profiles are active: dev
2021-08-18 11:37:16.203 [restartedMain] INFO  o.s.b.d.env.DevToolsPropertyDefaultsPostProcessor - Devtools property defaults active! Set 'spring.devtools.add-properties' to 'false' to disable
2021-08-18 11:37:16.203 [restartedMain] INFO  o.s.b.d.env.DevToolsPropertyDefaultsPostProcessor - For additional web related logging consider setting the 'logging.level.web' property to 'DEBUG'
2021-08-18 11:37:17.010 [restartedMain] INFO  o.s.boot.web.embedded.tomcat.TomcatWebServer - Tomcat initialized with port(s): 9000 (http)
2021-08-18 11:37:17.015 [restartedMain] INFO  org.apache.coyote.http11.Http11NioProtocol - Initializing ProtocolHandler ["http-nio-9000"]
2021-08-18 11:37:17.016 [restartedMain] INFO  org.apache.catalina.core.StandardService - Starting service [Tomcat]
2021-08-18 11:37:17.016 [restartedMain] INFO  org.apache.catalina.core.StandardEngine - Starting Servlet engine: [Apache Tomcat/9.0.48]
2021-08-18 11:37:17.082 [restartedMain] INFO  o.a.c.core.ContainerBase.[Tomcat].[localhost].[/] - Initializing Spring embedded WebApplicationContext
2021-08-18 11:37:17.083 [restartedMain] INFO  o.s.b.w.s.c.ServletWebServerApplicationContext - Root WebApplicationContext: initialization completed in 880 ms
2021-08-18 11:37:17.616 [restartedMain] INFO  s.d.s.w.PropertySourcedRequestMappingHandlerMapping - Mapped URL path [/v2/api-docs] onto method [springfox.documentation.swagger2.web.Swagger2Controller#getDocumentation(String, HttpServletRequest)]
2021-08-18 11:37:17.693 [restartedMain] INFO  o.s.b.d.autoconfigure.OptionalLiveReloadServer - LiveReload server is running on port 35729
2021-08-18 11:37:17.829 [restartedMain] INFO  org.apache.coyote.http11.Http11NioProtocol - Starting ProtocolHandler ["http-nio-9000"]
2021-08-18 11:37:17.839 [restartedMain] INFO  o.s.boot.web.embedded.tomcat.TomcatWebServer - Tomcat started on port(s): 9000 (http) with context path ''
2021-08-18 11:37:17.840 [restartedMain] INFO  s.d.s.web.plugins.DocumentationPluginsBootstrapper - Context refreshed
2021-08-18 11:37:17.849 [restartedMain] INFO  s.d.s.web.plugins.DocumentationPluginsBootstrapper - Found 1 custom documentation plugin(s)
2021-08-18 11:37:17.865 [restartedMain] INFO  s.d.spring.web.scanners.ApiListingReferenceScanner - Scanning for api listing references
2021-08-18 11:37:17.921 [restartedMain] INFO  s.d.s.w.r.operation.CachingOperationNameGenerator - Generating unique operation named: selectPermissionUsingGET_1
2021-08-18 11:37:17.955 [restartedMain] INFO  s.d.s.w.r.operation.CachingOperationNameGenerator - Generating unique operation named: grantRoleUsingPOST_1
2021-08-18 11:37:17.976 [restartedMain] INFO  com.scy.running.RunningApplication - Started RunningApplication in 2.066 seconds (JVM running for 2.945)
2021-08-18 16:17:02.394 [http-nio-9000-exec-1] INFO  o.a.c.core.ContainerBase.[Tomcat].[localhost].[/] - Initializing Spring DispatcherServlet 'dispatcherServlet'
2021-08-18 16:17:02.395 [http-nio-9000-exec-1] INFO  org.springframework.web.servlet.DispatcherServlet - Initializing Servlet 'dispatcherServlet'
2021-08-18 16:17:02.406 [http-nio-9000-exec-1] INFO  org.springframework.web.servlet.DispatcherServlet - Completed initialization in 11 ms
2021-08-18 16:17:02.468 [http-nio-9000-exec-1] INFO  com.zaxxer.hikari.HikariDataSource - HikariPool-1 - Starting...
2021-08-18 16:17:02.546 [http-nio-9000-exec-1] INFO  com.zaxxer.hikari.HikariDataSource - HikariPool-1 - Start completed.
2021-08-18 17:36:35.041 [background-preinit] INFO  org.hibernate.validator.internal.util.Version - HV000001: Hibernate Validator 6.0.1.Final
2021-08-18 17:36:35.045 [restartedMain] INFO  com.scy.running.RunningApplication - Starting RunningApplication using Java 1.8.0_291 on LAPTOP-B3EUVJDM with PID 25508 (E:\idea_projects\running\target\classes started by 陈玮涛 in E:\idea_projects\running)
2021-08-18 17:36:35.046 [restartedMain] INFO  com.scy.running.RunningApplication - The following profiles are active: dev
2021-08-18 17:36:35.074 [restartedMain] INFO  o.s.b.d.env.DevToolsPropertyDefaultsPostProcessor - Devtools property defaults active! Set 'spring.devtools.add-properties' to 'false' to disable
2021-08-18 17:36:35.074 [restartedMain] INFO  o.s.b.d.env.DevToolsPropertyDefaultsPostProcessor - For additional web related logging consider setting the 'logging.level.web' property to 'DEBUG'
2021-08-18 17:36:35.905 [restartedMain] INFO  o.s.boot.web.embedded.tomcat.TomcatWebServer - Tomcat initialized with port(s): 9000 (http)
2021-08-18 17:36:35.911 [restartedMain] INFO  org.apache.coyote.http11.Http11NioProtocol - Initializing ProtocolHandler ["http-nio-9000"]
2021-08-18 17:36:35.912 [restartedMain] INFO  org.apache.catalina.core.StandardService - Starting service [Tomcat]
2021-08-18 17:36:35.912 [restartedMain] INFO  org.apache.catalina.core.StandardEngine - Starting Servlet engine: [Apache Tomcat/9.0.48]
2021-08-18 17:36:35.981 [restartedMain] INFO  o.a.c.core.ContainerBase.[Tomcat].[localhost].[/] - Initializing Spring embedded WebApplicationContext
2021-08-18 17:36:35.981 [restartedMain] INFO  o.s.b.w.s.c.ServletWebServerApplicationContext - Root WebApplicationContext: initialization completed in 907 ms
2021-08-18 17:36:36.538 [restartedMain] INFO  s.d.s.w.PropertySourcedRequestMappingHandlerMapping - Mapped URL path [/v2/api-docs] onto method [springfox.documentation.swagger2.web.Swagger2Controller#getDocumentation(String, HttpServletRequest)]
2021-08-18 17:36:36.615 [restartedMain] INFO  o.s.b.d.autoconfigure.OptionalLiveReloadServer - LiveReload server is running on port 35729
2021-08-18 17:36:36.750 [restartedMain] INFO  org.apache.coyote.http11.Http11NioProtocol - Starting ProtocolHandler ["http-nio-9000"]
2021-08-18 17:36:36.760 [restartedMain] INFO  o.s.boot.web.embedded.tomcat.TomcatWebServer - Tomcat started on port(s): 9000 (http) with context path ''
2021-08-18 17:36:36.760 [restartedMain] INFO  s.d.s.web.plugins.DocumentationPluginsBootstrapper - Context refreshed
2021-08-18 17:36:36.769 [restartedMain] INFO  s.d.s.web.plugins.DocumentationPluginsBootstrapper - Found 1 custom documentation plugin(s)
2021-08-18 17:36:36.784 [restartedMain] INFO  s.d.spring.web.scanners.ApiListingReferenceScanner - Scanning for api listing references
2021-08-18 17:36:36.839 [restartedMain] INFO  s.d.s.w.r.operation.CachingOperationNameGenerator - Generating unique operation named: selectPermissionUsingGET_1
2021-08-18 17:36:36.873 [restartedMain] INFO  s.d.s.w.r.operation.CachingOperationNameGenerator - Generating unique operation named: grantRoleUsingPOST_1
2021-08-18 17:36:36.894 [restartedMain] INFO  com.scy.running.RunningApplication - Started RunningApplication in 2.113 seconds (JVM running for 2.939)
2021-08-18 17:36:56.931 [http-nio-9000-exec-1] INFO  o.a.c.core.ContainerBase.[Tomcat].[localhost].[/] - Initializing Spring DispatcherServlet 'dispatcherServlet'
2021-08-18 17:36:56.931 [http-nio-9000-exec-1] INFO  org.springframework.web.servlet.DispatcherServlet - Initializing Servlet 'dispatcherServlet'
2021-08-18 17:36:56.932 [http-nio-9000-exec-1] INFO  org.springframework.web.servlet.DispatcherServlet - Completed initialization in 1 ms
2021-08-18 17:36:56.966 [http-nio-9000-exec-1] INFO  com.zaxxer.hikari.HikariDataSource - HikariPool-1 - Starting...
2021-08-18 17:36:57.046 [http-nio-9000-exec-1] INFO  com.zaxxer.hikari.HikariDataSource - HikariPool-1 - Start completed.
2021-08-18 17:57:46.937 [background-preinit] INFO  org.hibernate.validator.internal.util.Version - HV000001: Hibernate Validator 6.0.1.Final
2021-08-18 17:57:46.939 [restartedMain] INFO  com.scy.running.RunningApplication - Starting RunningApplication using Java 1.8.0_291 on LAPTOP-B3EUVJDM with PID 24176 (E:\idea_projects\running\target\classes started by 陈玮涛 in E:\idea_projects\running)
2021-08-18 17:57:46.939 [restartedMain] INFO  com.scy.running.RunningApplication - The following profiles are active: dev
2021-08-18 17:57:46.966 [restartedMain] INFO  o.s.b.d.env.DevToolsPropertyDefaultsPostProcessor - Devtools property defaults active! Set 'spring.devtools.add-properties' to 'false' to disable
2021-08-18 17:57:46.966 [restartedMain] INFO  o.s.b.d.env.DevToolsPropertyDefaultsPostProcessor - For additional web related logging consider setting the 'logging.level.web' property to 'DEBUG'
2021-08-18 17:57:47.831 [restartedMain] INFO  o.s.boot.web.embedded.tomcat.TomcatWebServer - Tomcat initialized with port(s): 9000 (http)
2021-08-18 17:57:47.836 [restartedMain] INFO  org.apache.coyote.http11.Http11NioProtocol - Initializing ProtocolHandler ["http-nio-9000"]
2021-08-18 17:57:47.837 [restartedMain] INFO  org.apache.catalina.core.StandardService - Starting service [Tomcat]
2021-08-18 17:57:47.837 [restartedMain] INFO  org.apache.catalina.core.StandardEngine - Starting Servlet engine: [Apache Tomcat/9.0.48]
2021-08-18 17:57:47.917 [restartedMain] INFO  o.a.c.core.ContainerBase.[Tomcat].[localhost].[/] - Initializing Spring embedded WebApplicationContext
2021-08-18 17:57:47.917 [restartedMain] INFO  o.s.b.w.s.c.ServletWebServerApplicationContext - Root WebApplicationContext: initialization completed in 950 ms
2021-08-18 17:57:48.470 [restartedMain] INFO  s.d.s.w.PropertySourcedRequestMappingHandlerMapping - Mapped URL path [/v2/api-docs] onto method [springfox.documentation.swagger2.web.Swagger2Controller#getDocumentation(String, HttpServletRequest)]
2021-08-18 17:57:48.553 [restartedMain] INFO  o.s.b.d.autoconfigure.OptionalLiveReloadServer - LiveReload server is running on port 35729
2021-08-18 17:57:48.689 [restartedMain] INFO  org.apache.coyote.http11.Http11NioProtocol - Starting ProtocolHandler ["http-nio-9000"]
2021-08-18 17:57:48.698 [restartedMain] INFO  o.s.boot.web.embedded.tomcat.TomcatWebServer - Tomcat started on port(s): 9000 (http) with context path ''
2021-08-18 17:57:48.699 [restartedMain] INFO  s.d.s.web.plugins.DocumentationPluginsBootstrapper - Context refreshed
2021-08-18 17:57:48.707 [restartedMain] INFO  s.d.s.web.plugins.DocumentationPluginsBootstrapper - Found 1 custom documentation plugin(s)
2021-08-18 17:57:48.723 [restartedMain] INFO  s.d.spring.web.scanners.ApiListingReferenceScanner - Scanning for api listing references
2021-08-18 17:57:48.782 [restartedMain] INFO  s.d.s.w.r.operation.CachingOperationNameGenerator - Generating unique operation named: selectPermissionUsingGET_1
2021-08-18 17:57:48.815 [restartedMain] INFO  s.d.s.w.r.operation.CachingOperationNameGenerator - Generating unique operation named: grantRoleUsingPOST_1
2021-08-18 17:57:48.836 [restartedMain] INFO  com.scy.running.RunningApplication - Started RunningApplication in 2.16 seconds (JVM running for 2.994)
2021-08-18 17:58:14.007 [http-nio-9000-exec-1] INFO  o.a.c.core.ContainerBase.[Tomcat].[localhost].[/] - Initializing Spring DispatcherServlet 'dispatcherServlet'
2021-08-18 17:58:14.007 [http-nio-9000-exec-1] INFO  org.springframework.web.servlet.DispatcherServlet - Initializing Servlet 'dispatcherServlet'
2021-08-18 17:58:14.008 [http-nio-9000-exec-1] INFO  org.springframework.web.servlet.DispatcherServlet - Completed initialization in 1 ms
2021-08-18 17:58:14.042 [http-nio-9000-exec-1] INFO  com.zaxxer.hikari.HikariDataSource - HikariPool-1 - Starting...
2021-08-18 17:58:14.125 [http-nio-9000-exec-1] INFO  com.zaxxer.hikari.HikariDataSource - HikariPool-1 - Start completed.
2021-08-18 18:11:19.019 [background-preinit] INFO  org.hibernate.validator.internal.util.Version - HV000001: Hibernate Validator 6.0.1.Final
2021-08-18 18:11:19.022 [restartedMain] INFO  com.scy.running.RunningApplication - Starting RunningApplication using Java 1.8.0_291 on LAPTOP-B3EUVJDM with PID 25724 (E:\idea_projects\running\target\classes started by 陈玮涛 in E:\idea_projects\running)
2021-08-18 18:11:19.023 [restartedMain] INFO  com.scy.running.RunningApplication - The following profiles are active: dev
2021-08-18 18:11:19.052 [restartedMain] INFO  o.s.b.d.env.DevToolsPropertyDefaultsPostProcessor - Devtools property defaults active! Set 'spring.devtools.add-properties' to 'false' to disable
2021-08-18 18:11:19.052 [restartedMain] INFO  o.s.b.d.env.DevToolsPropertyDefaultsPostProcessor - For additional web related logging consider setting the 'logging.level.web' property to 'DEBUG'
2021-08-18 18:11:19.905 [restartedMain] INFO  o.s.boot.web.embedded.tomcat.TomcatWebServer - Tomcat initialized with port(s): 9000 (http)
2021-08-18 18:11:19.911 [restartedMain] INFO  org.apache.coyote.http11.Http11NioProtocol - Initializing ProtocolHandler ["http-nio-9000"]
2021-08-18 18:11:19.912 [restartedMain] INFO  org.apache.catalina.core.StandardService - Starting service [Tomcat]
2021-08-18 18:11:19.912 [restartedMain] INFO  org.apache.catalina.core.StandardEngine - Starting Servlet engine: [Apache Tomcat/9.0.48]
2021-08-18 18:11:19.982 [restartedMain] INFO  o.a.c.core.ContainerBase.[Tomcat].[localhost].[/] - Initializing Spring embedded WebApplicationContext
2021-08-18 18:11:19.982 [restartedMain] INFO  o.s.b.w.s.c.ServletWebServerApplicationContext - Root WebApplicationContext: initialization completed in 930 ms
2021-08-18 18:11:20.525 [restartedMain] INFO  s.d.s.w.PropertySourcedRequestMappingHandlerMapping - Mapped URL path [/v2/api-docs] onto method [springfox.documentation.swagger2.web.Swagger2Controller#getDocumentation(String, HttpServletRequest)]
2021-08-18 18:11:20.600 [restartedMain] INFO  o.s.b.d.autoconfigure.OptionalLiveReloadServer - LiveReload server is running on port 35729
2021-08-18 18:11:20.739 [restartedMain] INFO  org.apache.coyote.http11.Http11NioProtocol - Starting ProtocolHandler ["http-nio-9000"]
2021-08-18 18:11:20.749 [restartedMain] INFO  o.s.boot.web.embedded.tomcat.TomcatWebServer - Tomcat started on port(s): 9000 (http) with context path ''
2021-08-18 18:11:20.750 [restartedMain] INFO  s.d.s.web.plugins.DocumentationPluginsBootstrapper - Context refreshed
2021-08-18 18:11:20.760 [restartedMain] INFO  s.d.s.web.plugins.DocumentationPluginsBootstrapper - Found 1 custom documentation plugin(s)
2021-08-18 18:11:20.779 [restartedMain] INFO  s.d.spring.web.scanners.ApiListingReferenceScanner - Scanning for api listing references
2021-08-18 18:11:20.860 [restartedMain] INFO  s.d.s.w.r.operation.CachingOperationNameGenerator - Generating unique operation named: selectPermissionUsingGET_1
2021-08-18 18:11:20.896 [restartedMain] INFO  s.d.s.w.r.operation.CachingOperationNameGenerator - Generating unique operation named: grantRoleUsingPOST_1
2021-08-18 18:11:20.918 [restartedMain] INFO  com.scy.running.RunningApplication - Started RunningApplication in 2.157 seconds (JVM running for 2.99)
2021-08-18 18:12:39.505 [http-nio-9000-exec-1] INFO  o.a.c.core.ContainerBase.[Tomcat].[localhost].[/] - Initializing Spring DispatcherServlet 'dispatcherServlet'
2021-08-18 18:12:39.505 [http-nio-9000-exec-1] INFO  org.springframework.web.servlet.DispatcherServlet - Initializing Servlet 'dispatcherServlet'
2021-08-18 18:12:39.506 [http-nio-9000-exec-1] INFO  org.springframework.web.servlet.DispatcherServlet - Completed initialization in 1 ms
2021-08-18 18:12:39.543 [http-nio-9000-exec-1] INFO  com.zaxxer.hikari.HikariDataSource - HikariPool-1 - Starting...
2021-08-18 18:12:39.624 [http-nio-9000-exec-1] INFO  com.zaxxer.hikari.HikariDataSource - HikariPool-1 - Start completed.
2021-08-18 18:23:22.108 [background-preinit] INFO  org.hibernate.validator.internal.util.Version - HV000001: Hibernate Validator 6.0.1.Final
2021-08-18 18:23:22.111 [restartedMain] INFO  com.scy.running.RunningApplication - Starting RunningApplication using Java 1.8.0_291 on LAPTOP-B3EUVJDM with PID 25952 (E:\idea_projects\running\target\classes started by 陈玮涛 in E:\idea_projects\running)
2021-08-18 18:23:22.111 [restartedMain] INFO  com.scy.running.RunningApplication - The following profiles are active: dev
2021-08-18 18:23:22.139 [restartedMain] INFO  o.s.b.d.env.DevToolsPropertyDefaultsPostProcessor - Devtools property defaults active! Set 'spring.devtools.add-properties' to 'false' to disable
2021-08-18 18:23:22.139 [restartedMain] INFO  o.s.b.d.env.DevToolsPropertyDefaultsPostProcessor - For additional web related logging consider setting the 'logging.level.web' property to 'DEBUG'
2021-08-18 18:23:22.948 [restartedMain] INFO  o.s.boot.web.embedded.tomcat.TomcatWebServer - Tomcat initialized with port(s): 9000 (http)
2021-08-18 18:23:22.953 [restartedMain] INFO  org.apache.coyote.http11.Http11NioProtocol - Initializing ProtocolHandler ["http-nio-9000"]
2021-08-18 18:23:22.954 [restartedMain] INFO  org.apache.catalina.core.StandardService - Starting service [Tomcat]
2021-08-18 18:23:22.954 [restartedMain] INFO  org.apache.catalina.core.StandardEngine - Starting Servlet engine: [Apache Tomcat/9.0.48]
2021-08-18 18:23:23.024 [restartedMain] INFO  o.a.c.core.ContainerBase.[Tomcat].[localhost].[/] - Initializing Spring embedded WebApplicationContext
2021-08-18 18:23:23.024 [restartedMain] INFO  o.s.b.w.s.c.ServletWebServerApplicationContext - Root WebApplicationContext: initialization completed in 885 ms
2021-08-18 18:23:23.575 [restartedMain] INFO  s.d.s.w.PropertySourcedRequestMappingHandlerMapping - Mapped URL path [/v2/api-docs] onto method [springfox.documentation.swagger2.web.Swagger2Controller#getDocumentation(String, HttpServletRequest)]
2021-08-18 18:23:23.651 [restartedMain] INFO  o.s.b.d.autoconfigure.OptionalLiveReloadServer - LiveReload server is running on port 35729
2021-08-18 18:23:23.788 [restartedMain] INFO  org.apache.coyote.http11.Http11NioProtocol - Starting ProtocolHandler ["http-nio-9000"]
2021-08-18 18:23:23.798 [restartedMain] INFO  o.s.boot.web.embedded.tomcat.TomcatWebServer - Tomcat started on port(s): 9000 (http) with context path ''
2021-08-18 18:23:23.799 [restartedMain] INFO  s.d.s.web.plugins.DocumentationPluginsBootstrapper - Context refreshed
2021-08-18 18:23:23.807 [restartedMain] INFO  s.d.s.web.plugins.DocumentationPluginsBootstrapper - Found 1 custom documentation plugin(s)
2021-08-18 18:23:23.824 [restartedMain] INFO  s.d.spring.web.scanners.ApiListingReferenceScanner - Scanning for api listing references
2021-08-18 18:23:23.885 [restartedMain] INFO  s.d.s.w.r.operation.CachingOperationNameGenerator - Generating unique operation named: selectPermissionUsingGET_1
2021-08-18 18:23:23.918 [restartedMain] INFO  s.d.s.w.r.operation.CachingOperationNameGenerator - Generating unique operation named: grantRoleUsingPOST_1
2021-08-18 18:23:23.938 [restartedMain] INFO  com.scy.running.RunningApplication - Started RunningApplication in 2.086 seconds (JVM running for 2.915)
2021-08-18 18:24:08.775 [http-nio-9000-exec-1] INFO  o.a.c.core.ContainerBase.[Tomcat].[localhost].[/] - Initializing Spring DispatcherServlet 'dispatcherServlet'
2021-08-18 18:24:08.775 [http-nio-9000-exec-1] INFO  org.springframework.web.servlet.DispatcherServlet - Initializing Servlet 'dispatcherServlet'
2021-08-18 18:24:08.776 [http-nio-9000-exec-1] INFO  org.springframework.web.servlet.DispatcherServlet - Completed initialization in 1 ms
2021-08-18 18:24:08.811 [http-nio-9000-exec-1] INFO  com.zaxxer.hikari.HikariDataSource - HikariPool-1 - Starting...
2021-08-18 18:24:08.892 [http-nio-9000-exec-1] INFO  com.zaxxer.hikari.HikariDataSource - HikariPool-1 - Start completed.
